[0.173s] DEBUG:colcon:Command line arguments: ['/usr/bin/colcon', 'build', '--packages-select', 'autocar_msgs']
[0.173s] DEBUG:colcon:Parsed command line arguments: Namespace(allow_overriding=[], ament_cmake_args=None, base_paths=['.'], build_base='build', catkin_cmake_args=None, catkin_skip_building_tests=False, cmake_args=None, cmake_clean_cache=False, cmake_clean_first=False, cmake_force_configure=False, cmake_target=None, cmake_target_skip_unavailable=False, continue_on_error=False, event_handlers=None, executor='parallel', ignore_user_meta=False, install_base='install', log_base=None, log_level=None, main=<bound method BuildVerb.main of <colcon_core.verb.build.BuildVerb object at 0x7fb0d8bdcd00>>, merge_install=False, metas=['./colcon.meta'], mixin=None, mixin_files=None, mixin_verb=('build',), packages_above=None, packages_above_and_dependencies=None, packages_above_depth=None, packages_end=None, packages_ignore=None, packages_ignore_regex=None, packages_select=['autocar_msgs'], packages_select_build_failed=False, packages_select_by_dep=None, packages_select_regex=None, packages_select_test_failures=False, packages_skip=None, packages_skip_build_finished=False, packages_skip_by_dep=None, packages_skip_regex=None, packages_skip_test_passed=False, packages_skip_up_to=None, packages_start=None, packages_up_to=None, packages_up_to_regex=None, parallel_workers=8, paths=None, symlink_install=False, test_result_base=None, verb_extension=<colcon_core.verb.build.BuildVerb object at 0x7fb0d8bdcd00>, verb_name='build', verb_parser=<colcon_mixin.mixin.mixin_argument.MixinArgumentDecorator object at 0x7fb0d8bed220>)
[0.297s] Level 1:colcon.colcon_core.package_discovery:discover_packages(colcon_meta) check parameters
[0.297s] Level 1:colcon.colcon_core.package_discovery:discover_packages(recursive) check parameters
[0.297s] Level 1:colcon.colcon_core.package_discovery:discover_packages(ignore) check parameters
[0.297s] Level 1:colcon.colcon_core.package_discovery:discover_packages(path) check parameters
[0.297s] Level 1:colcon.colcon_core.package_discovery:discover_packages(colcon_meta) discover
[0.297s] Level 1:colcon.colcon_core.package_discovery:discover_packages(recursive) discover
[0.297s] INFO:colcon.colcon_core.package_discovery:Crawling recursively for packages in '/home/dj/ros2_ws/src/2023CAPSTONE_AutoCar_in_Ros2-main/AutoCarROS2'
[0.297s] Level 1:colcon.colcon_core.package_identification:_identify(.) by extensions ['ignore', 'ignore_ament_install']
[0.298s] Level 1:colcon.colcon_core.package_identification:_identify(.) by extension 'ignore'
[0.298s] Level 1:colcon.colcon_core.package_identification:_identify(.) by extension 'ignore_ament_install'
[0.298s] Level 1:colcon.colcon_core.package_identification:_identify(.) by extensions ['colcon_pkg']
[0.298s] Level 1:colcon.colcon_core.package_identification:_identify(.) by extension 'colcon_pkg'
[0.298s] Level 1:colcon.colcon_core.package_identification:_identify(.) by extensions ['colcon_meta']
[0.298s] Level 1:colcon.colcon_core.package_identification:_identify(.) by extension 'colcon_meta'
[0.298s] Level 1:colcon.colcon_core.package_identification:_identify(.) by extensions ['ros']
[0.298s] Level 1:colcon.colcon_core.package_identification:_identify(.) by extension 'ros'
[0.308s] Level 1:colcon.colcon_core.package_identification:_identify(.) by extensions ['cmake', 'python']
[0.308s] Level 1:colcon.colcon_core.package_identification:_identify(.) by extension 'cmake'
[0.308s] Level 1:colcon.colcon_core.package_identification:_identify(.) by extension 'python'
[0.308s] Level 1:colcon.colcon_core.package_identification:_identify(.) by extensions ['python_setup_py']
[0.308s] Level 1:colcon.colcon_core.package_identification:_identify(.) by extension 'python_setup_py'
[0.308s] Level 1:colcon.colcon_core.package_identification:_identify(autocar_map) by extensions ['ignore', 'ignore_ament_install']
[0.308s] Level 1:colcon.colcon_core.package_identification:_identify(autocar_map) by extension 'ignore'
[0.308s] Level 1:colcon.colcon_core.package_identification:_identify(autocar_map) by extension 'ignore_ament_install'
[0.308s] Level 1:colcon.colcon_core.package_identification:_identify(autocar_map) by extensions ['colcon_pkg']
[0.308s] Level 1:colcon.colcon_core.package_identification:_identify(autocar_map) by extension 'colcon_pkg'
[0.308s] Level 1:colcon.colcon_core.package_identification:_identify(autocar_map) by extensions ['colcon_meta']
[0.308s] Level 1:colcon.colcon_core.package_identification:_identify(autocar_map) by extension 'colcon_meta'
[0.308s] Level 1:colcon.colcon_core.package_identification:_identify(autocar_map) by extensions ['ros']
[0.308s] Level 1:colcon.colcon_core.package_identification:_identify(autocar_map) by extension 'ros'
[0.310s] DEBUG:colcon.colcon_core.package_identification:Package 'autocar_map' with type 'ros.ament_cmake' and name 'autocar_map'
[0.310s] Level 1:colcon.colcon_core.package_identification:_identify(autocar_msgs) by extensions ['ignore', 'ignore_ament_install']
[0.311s] Level 1:colcon.colcon_core.package_identification:_identify(autocar_msgs) by extension 'ignore'
[0.311s] Level 1:colcon.colcon_core.package_identification:_identify(autocar_msgs) by extension 'ignore_ament_install'
[0.311s] Level 1:colcon.colcon_core.package_identification:_identify(autocar_msgs) by extensions ['colcon_pkg']
[0.311s] Level 1:colcon.colcon_core.package_identification:_identify(autocar_msgs) by extension 'colcon_pkg'
[0.311s] Level 1:colcon.colcon_core.package_identification:_identify(autocar_msgs) by extensions ['colcon_meta']
[0.311s] Level 1:colcon.colcon_core.package_identification:_identify(autocar_msgs) by extension 'colcon_meta'
[0.311s] Level 1:colcon.colcon_core.package_identification:_identify(autocar_msgs) by extensions ['ros']
[0.311s] Level 1:colcon.colcon_core.package_identification:_identify(autocar_msgs) by extension 'ros'
[0.311s] DEBUG:colcon.colcon_core.package_identification:Package 'autocar_msgs' with type 'ros.ament_cmake' and name 'autocar_msgs'
[0.311s] Level 1:colcon.colcon_core.package_identification:_identify(autocar_nav) by extensions ['ignore', 'ignore_ament_install']
[0.311s] Level 1:colcon.colcon_core.package_identification:_identify(autocar_nav) by extension 'ignore'
[0.311s] Level 1:colcon.colcon_core.package_identification:_identify(autocar_nav) by extension 'ignore_ament_install'
[0.312s] Level 1:colcon.colcon_core.package_identification:_identify(autocar_nav) by extensions ['colcon_pkg']
[0.312s] Level 1:colcon.colcon_core.package_identification:_identify(autocar_nav) by extension 'colcon_pkg'
[0.312s] Level 1:colcon.colcon_core.package_identification:_identify(autocar_nav) by extensions ['colcon_meta']
[0.312s] Level 1:colcon.colcon_core.package_identification:_identify(autocar_nav) by extension 'colcon_meta'
[0.312s] Level 1:colcon.colcon_core.package_identification:_identify(autocar_nav) by extensions ['ros']
[0.312s] Level 1:colcon.colcon_core.package_identification:_identify(autocar_nav) by extension 'ros'
[0.312s] DEBUG:colcon.colcon_core.package_identification:Package 'autocar_nav' with type 'ros.ament_cmake' and name 'autocar_nav'
[0.312s] Level 1:colcon.colcon_core.package_identification:_identify(autocar_odom) by extensions ['ignore', 'ignore_ament_install']
[0.312s] Level 1:colcon.colcon_core.package_identification:_identify(autocar_odom) by extension 'ignore'
[0.312s] Level 1:colcon.colcon_core.package_identification:_identify(autocar_odom) by extension 'ignore_ament_install'
[0.312s] Level 1:colcon.colcon_core.package_identification:_identify(autocar_odom) by extensions ['colcon_pkg']
[0.313s] Level 1:colcon.colcon_core.package_identification:_identify(autocar_odom) by extension 'colcon_pkg'
[0.313s] Level 1:colcon.colcon_core.package_identification:_identify(autocar_odom) by extensions ['colcon_meta']
[0.313s] Level 1:colcon.colcon_core.package_identification:_identify(autocar_odom) by extension 'colcon_meta'
[0.313s] Level 1:colcon.colcon_core.package_identification:_identify(autocar_odom) by extensions ['ros']
[0.313s] Level 1:colcon.colcon_core.package_identification:_identify(autocar_odom) by extension 'ros'
[0.313s] DEBUG:colcon.colcon_core.package_identification:Package 'autocar_odom' with type 'ros.ament_cmake' and name 'autocar_odom'
[0.313s] Level 1:colcon.colcon_core.package_identification:_identify(build) by extensions ['ignore', 'ignore_ament_install']
[0.313s] Level 1:colcon.colcon_core.package_identification:_identify(build) by extension 'ignore'
[0.313s] Level 1:colcon.colcon_core.package_identification:_identify(build) ignored
[0.313s] Level 1:colcon.colcon_core.package_identification:_identify(install) by extensions ['ignore', 'ignore_ament_install']
[0.313s] Level 1:colcon.colcon_core.package_identification:_identify(install) by extension 'ignore'
[0.314s] Level 1:colcon.colcon_core.package_identification:_identify(install) ignored
[0.314s] Level 1:colcon.colcon_core.package_identification:_identify(launches) by extensions ['ignore', 'ignore_ament_install']
[0.314s] Level 1:colcon.colcon_core.package_identification:_identify(launches) by extension 'ignore'
[0.314s] Level 1:colcon.colcon_core.package_identification:_identify(launches) by extension 'ignore_ament_install'
[0.314s] Level 1:colcon.colcon_core.package_identification:_identify(launches) by extensions ['colcon_pkg']
[0.314s] Level 1:colcon.colcon_core.package_identification:_identify(launches) by extension 'colcon_pkg'
[0.314s] Level 1:colcon.colcon_core.package_identification:_identify(launches) by extensions ['colcon_meta']
[0.314s] Level 1:colcon.colcon_core.package_identification:_identify(launches) by extension 'colcon_meta'
[0.314s] Level 1:colcon.colcon_core.package_identification:_identify(launches) by extensions ['ros']
[0.314s] Level 1:colcon.colcon_core.package_identification:_identify(launches) by extension 'ros'
[0.314s] DEBUG:colcon.colcon_core.package_identification:Package 'launches' with type 'ros.ament_cmake' and name 'launches'
[0.314s] Level 1:colcon.colcon_core.package_identification:_identify(log) by extensions ['ignore', 'ignore_ament_install']
[0.314s] Level 1:colcon.colcon_core.package_identification:_identify(log) by extension 'ignore'
[0.315s] Level 1:colcon.colcon_core.package_identification:_identify(log) ignored
[0.315s] Level 1:colcon.colcon_core.package_identification:_identify(resources) by extensions ['ignore', 'ignore_ament_install']
[0.315s] Level 1:colcon.colcon_core.package_identification:_identify(resources) by extension 'ignore'
[0.315s] Level 1:colcon.colcon_core.package_identification:_identify(resources) by extension 'ignore_ament_install'
[0.315s] Level 1:colcon.colcon_core.package_identification:_identify(resources) by extensions ['colcon_pkg']
[0.315s] Level 1:colcon.colcon_core.package_identification:_identify(resources) by extension 'colcon_pkg'
[0.315s] Level 1:colcon.colcon_core.package_identification:_identify(resources) by extensions ['colcon_meta']
[0.315s] Level 1:colcon.colcon_core.package_identification:_identify(resources) by extension 'colcon_meta'
[0.315s] Level 1:colcon.colcon_core.package_identification:_identify(resources) by extensions ['ros']
[0.315s] Level 1:colcon.colcon_core.package_identification:_identify(resources) by extension 'ros'
[0.315s] Level 1:colcon.colcon_core.package_identification:_identify(resources) by extensions ['cmake', 'python']
[0.315s] Level 1:colcon.colcon_core.package_identification:_identify(resources) by extension 'cmake'
[0.315s] Level 1:colcon.colcon_core.package_identification:_identify(resources) by extension 'python'
[0.315s] Level 1:colcon.colcon_core.package_identification:_identify(resources) by extensions ['python_setup_py']
[0.315s] Level 1:colcon.colcon_core.package_identification:_identify(resources) by extension 'python_setup_py'
[0.315s] Level 1:colcon.colcon_core.package_discovery:discover_packages(recursive) using defaults
[0.315s] Level 1:colcon.colcon_core.package_discovery:discover_packages(ignore) discover
[0.315s] Level 1:colcon.colcon_core.package_discovery:discover_packages(ignore) using defaults
[0.315s] Level 1:colcon.colcon_core.package_discovery:discover_packages(path) discover
[0.315s] Level 1:colcon.colcon_core.package_discovery:discover_packages(path) using defaults
[0.329s] INFO:colcon.colcon_core.package_selection:Skipping not selected package 'autocar_odom' in 'autocar_odom'
[0.329s] INFO:colcon.colcon_core.package_selection:Skipping not selected package 'launches' in 'launches'
[0.329s] INFO:colcon.colcon_core.package_selection:Skipping not selected package 'autocar_map' in 'autocar_map'
[0.329s] INFO:colcon.colcon_core.package_selection:Skipping not selected package 'autocar_nav' in 'autocar_nav'
[0.329s] Level 1:colcon.colcon_core.package_discovery:discover_packages(prefix_path) check parameters
[0.330s] Level 1:colcon.colcon_core.package_discovery:discover_packages(prefix_path) discover
[0.332s] DEBUG:colcon.colcon_installed_package_information.package_discovery:Found 262 installed packages in /opt/ros/foxy
[0.333s] Level 1:colcon.colcon_core.package_discovery:discover_packages(prefix_path) using defaults
[0.394s] Level 5:colcon.colcon_core.verb:set package 'autocar_msgs' build argument 'cmake_args' from command line to 'None'
[0.394s] Level 5:colcon.colcon_core.verb:set package 'autocar_msgs' build argument 'cmake_target' from command line to 'None'
[0.394s] Level 5:colcon.colcon_core.verb:set package 'autocar_msgs' build argument 'cmake_target_skip_unavailable' from command line to 'False'
[0.394s] Level 5:colcon.colcon_core.verb:set package 'autocar_msgs' build argument 'cmake_clean_cache' from command line to 'False'
[0.394s] Level 5:colcon.colcon_core.verb:set package 'autocar_msgs' build argument 'cmake_clean_first' from command line to 'False'
[0.394s] Level 5:colcon.colcon_core.verb:set package 'autocar_msgs' build argument 'cmake_force_configure' from command line to 'False'
[0.394s] Level 5:colcon.colcon_core.verb:set package 'autocar_msgs' build argument 'ament_cmake_args' from command line to 'None'
[0.394s] Level 5:colcon.colcon_core.verb:set package 'autocar_msgs' build argument 'catkin_cmake_args' from command line to 'None'
[0.394s] Level 5:colcon.colcon_core.verb:set package 'autocar_msgs' build argument 'catkin_skip_building_tests' from command line to 'False'
[0.394s] DEBUG:colcon.colcon_core.verb:Building package 'autocar_msgs' with the following arguments: {'ament_cmake_args': None, 'build_base': '/home/dj/ros2_ws/src/2023CAPSTONE_AutoCar_in_Ros2-main/AutoCarROS2/build/autocar_msgs', 'catkin_cmake_args': None, 'catkin_skip_building_tests': False, 'cmake_args': None, 'cmake_clean_cache': False, 'cmake_clean_first': False, 'cmake_force_configure': False, 'cmake_target': None, 'cmake_target_skip_unavailable': False, 'install_base': '/home/dj/ros2_ws/src/2023CAPSTONE_AutoCar_in_Ros2-main/AutoCarROS2/install/autocar_msgs', 'merge_install': False, 'path': '/home/dj/ros2_ws/src/2023CAPSTONE_AutoCar_in_Ros2-main/AutoCarROS2/autocar_msgs', 'symlink_install': False, 'test_result_base': None}
[0.394s] INFO:colcon.colcon_core.executor:Executing jobs using 'parallel' executor
[0.395s] DEBUG:colcon.colcon_parallel_executor.executor.parallel:run_until_complete
[0.395s] INFO:colcon.colcon_ros.task.ament_cmake.build:Building ROS package in '/home/dj/ros2_ws/src/2023CAPSTONE_AutoCar_in_Ros2-main/AutoCarROS2/autocar_msgs' with build type 'ament_cmake'
[0.395s] INFO:colcon.colcon_cmake.task.cmake.build:Building CMake package in '/home/dj/ros2_ws/src/2023CAPSTONE_AutoCar_in_Ros2-main/AutoCarROS2/autocar_msgs'
[0.397s] INFO:colcon.colcon_core.plugin_system:Skipping extension 'colcon_core.shell.bat': Not used on non-Windows systems
[0.397s] INFO:colcon.colcon_core.shell:Skip shell extension 'powershell' for command environment: Not usable outside of PowerShell
[0.397s] DEBUG:colcon.colcon_core.shell:Skip shell extension 'dsv' for command environment
[0.403s] DEBUG:colcon.colcon_core.event_handler.log_command:Invoking command in '/home/dj/ros2_ws/src/2023CAPSTONE_AutoCar_in_Ros2-main/AutoCarROS2/build/autocar_msgs': CMAKE_PREFIX_PATH=/opt/ros/foxy /usr/bin/cmake /home/dj/ros2_ws/src/2023CAPSTONE_AutoCar_in_Ros2-main/AutoCarROS2/autocar_msgs -DCMAKE_INSTALL_PREFIX=/home/dj/ros2_ws/src/2023CAPSTONE_AutoCar_in_Ros2-main/AutoCarROS2/install/autocar_msgs
[2.259s] DEBUG:colcon.colcon_core.event_handler.log_command:Invoked command in '/home/dj/ros2_ws/src/2023CAPSTONE_AutoCar_in_Ros2-main/AutoCarROS2/build/autocar_msgs' returned '0': CMAKE_PREFIX_PATH=/opt/ros/foxy /usr/bin/cmake /home/dj/ros2_ws/src/2023CAPSTONE_AutoCar_in_Ros2-main/AutoCarROS2/autocar_msgs -DCMAKE_INSTALL_PREFIX=/home/dj/ros2_ws/src/2023CAPSTONE_AutoCar_in_Ros2-main/AutoCarROS2/install/autocar_msgs
[2.261s] DEBUG:colcon.colcon_core.event_handler.log_command:Invoking command in '/home/dj/ros2_ws/src/2023CAPSTONE_AutoCar_in_Ros2-main/AutoCarROS2/build/autocar_msgs': CMAKE_PREFIX_PATH=/opt/ros/foxy /usr/bin/cmake --build /home/dj/ros2_ws/src/2023CAPSTONE_AutoCar_in_Ros2-main/AutoCarROS2/build/autocar_msgs -- -j8 -l8
[10.898s] DEBUG:colcon.colcon_core.event_handler.log_command:Invoked command in '/home/dj/ros2_ws/src/2023CAPSTONE_AutoCar_in_Ros2-main/AutoCarROS2/build/autocar_msgs' returned '0': CMAKE_PREFIX_PATH=/opt/ros/foxy /usr/bin/cmake --build /home/dj/ros2_ws/src/2023CAPSTONE_AutoCar_in_Ros2-main/AutoCarROS2/build/autocar_msgs -- -j8 -l8
[11.080s] DEBUG:colcon.colcon_core.event_handler.log_command:Invoking command in '/home/dj/ros2_ws/src/2023CAPSTONE_AutoCar_in_Ros2-main/AutoCarROS2/build/autocar_msgs': CMAKE_PREFIX_PATH=/opt/ros/foxy /usr/bin/cmake --install /home/dj/ros2_ws/src/2023CAPSTONE_AutoCar_in_Ros2-main/AutoCarROS2/build/autocar_msgs
[11.163s] Level 1:colcon.colcon_core.environment:create_environment_scripts_only(autocar_msgs)
[11.163s] DEBUG:colcon.colcon_core.event_handler.log_command:Invoked command in '/home/dj/ros2_ws/src/2023CAPSTONE_AutoCar_in_Ros2-main/AutoCarROS2/build/autocar_msgs' returned '0': CMAKE_PREFIX_PATH=/opt/ros/foxy /usr/bin/cmake --install /home/dj/ros2_ws/src/2023CAPSTONE_AutoCar_in_Ros2-main/AutoCarROS2/build/autocar_msgs
[11.166s] Level 1:colcon.colcon_core.environment:checking '/home/dj/ros2_ws/src/2023CAPSTONE_AutoCar_in_Ros2-main/AutoCarROS2/install/autocar_msgs' for CMake module files
[11.166s] Level 1:colcon.colcon_core.environment:checking '/home/dj/ros2_ws/src/2023CAPSTONE_AutoCar_in_Ros2-main/AutoCarROS2/install/autocar_msgs' for CMake config files
[11.167s] Level 1:colcon.colcon_core.shell:create_environment_hook('autocar_msgs', 'cmake_prefix_path')
[11.167s] INFO:colcon.colcon_core.shell:Creating environment hook '/home/dj/ros2_ws/src/2023CAPSTONE_AutoCar_in_Ros2-main/AutoCarROS2/install/autocar_msgs/share/autocar_msgs/hook/cmake_prefix_path.ps1'
[11.168s] INFO:colcon.colcon_core.shell:Creating environment descriptor '/home/dj/ros2_ws/src/2023CAPSTONE_AutoCar_in_Ros2-main/AutoCarROS2/install/autocar_msgs/share/autocar_msgs/hook/cmake_prefix_path.dsv'
[11.168s] INFO:colcon.colcon_core.shell:Creating environment hook '/home/dj/ros2_ws/src/2023CAPSTONE_AutoCar_in_Ros2-main/AutoCarROS2/install/autocar_msgs/share/autocar_msgs/hook/cmake_prefix_path.sh'
[11.169s] Level 1:colcon.colcon_core.environment:checking '/home/dj/ros2_ws/src/2023CAPSTONE_AutoCar_in_Ros2-main/AutoCarROS2/install/autocar_msgs/lib'
[11.169s] Level 1:colcon.colcon_core.shell:create_environment_hook('autocar_msgs', 'ld_library_path_lib')
[11.169s] INFO:colcon.colcon_core.shell:Creating environment hook '/home/dj/ros2_ws/src/2023CAPSTONE_AutoCar_in_Ros2-main/AutoCarROS2/install/autocar_msgs/share/autocar_msgs/hook/ld_library_path_lib.ps1'
[11.169s] INFO:colcon.colcon_core.shell:Creating environment descriptor '/home/dj/ros2_ws/src/2023CAPSTONE_AutoCar_in_Ros2-main/AutoCarROS2/install/autocar_msgs/share/autocar_msgs/hook/ld_library_path_lib.dsv'
[11.170s] INFO:colcon.colcon_core.shell:Creating environment hook '/home/dj/ros2_ws/src/2023CAPSTONE_AutoCar_in_Ros2-main/AutoCarROS2/install/autocar_msgs/share/autocar_msgs/hook/ld_library_path_lib.sh'
[11.170s] Level 1:colcon.colcon_core.environment:checking '/home/dj/ros2_ws/src/2023CAPSTONE_AutoCar_in_Ros2-main/AutoCarROS2/install/autocar_msgs/bin'
[11.170s] Level 1:colcon.colcon_core.environment:checking '/home/dj/ros2_ws/src/2023CAPSTONE_AutoCar_in_Ros2-main/AutoCarROS2/install/autocar_msgs/lib/pkgconfig/autocar_msgs.pc'
[11.170s] Level 1:colcon.colcon_core.environment:checking '/home/dj/ros2_ws/src/2023CAPSTONE_AutoCar_in_Ros2-main/AutoCarROS2/install/autocar_msgs/lib/python3.8/site-packages'
[11.170s] Level 1:colcon.colcon_core.shell:create_environment_hook('autocar_msgs', 'pythonpath')
[11.170s] INFO:colcon.colcon_core.shell:Creating environment hook '/home/dj/ros2_ws/src/2023CAPSTONE_AutoCar_in_Ros2-main/AutoCarROS2/install/autocar_msgs/share/autocar_msgs/hook/pythonpath.ps1'
[11.171s] INFO:colcon.colcon_core.shell:Creating environment descriptor '/home/dj/ros2_ws/src/2023CAPSTONE_AutoCar_in_Ros2-main/AutoCarROS2/install/autocar_msgs/share/autocar_msgs/hook/pythonpath.dsv'
[11.171s] INFO:colcon.colcon_core.shell:Creating environment hook '/home/dj/ros2_ws/src/2023CAPSTONE_AutoCar_in_Ros2-main/AutoCarROS2/install/autocar_msgs/share/autocar_msgs/hook/pythonpath.sh'
[11.171s] Level 1:colcon.colcon_core.environment:checking '/home/dj/ros2_ws/src/2023CAPSTONE_AutoCar_in_Ros2-main/AutoCarROS2/install/autocar_msgs/bin'
[11.172s] INFO:colcon.colcon_core.shell:Creating package script '/home/dj/ros2_ws/src/2023CAPSTONE_AutoCar_in_Ros2-main/AutoCarROS2/install/autocar_msgs/share/autocar_msgs/package.ps1'
[11.172s] INFO:colcon.colcon_core.shell:Creating package descriptor '/home/dj/ros2_ws/src/2023CAPSTONE_AutoCar_in_Ros2-main/AutoCarROS2/install/autocar_msgs/share/autocar_msgs/package.dsv'
[11.173s] INFO:colcon.colcon_core.shell:Creating package script '/home/dj/ros2_ws/src/2023CAPSTONE_AutoCar_in_Ros2-main/AutoCarROS2/install/autocar_msgs/share/autocar_msgs/package.sh'
[11.173s] INFO:colcon.colcon_core.shell:Creating package script '/home/dj/ros2_ws/src/2023CAPSTONE_AutoCar_in_Ros2-main/AutoCarROS2/install/autocar_msgs/share/autocar_msgs/package.bash'
[11.174s] INFO:colcon.colcon_core.shell:Creating package script '/home/dj/ros2_ws/src/2023CAPSTONE_AutoCar_in_Ros2-main/AutoCarROS2/install/autocar_msgs/share/autocar_msgs/package.zsh'
[11.174s] Level 1:colcon.colcon_core.environment:create_file_with_runtime_dependencies(/home/dj/ros2_ws/src/2023CAPSTONE_AutoCar_in_Ros2-main/AutoCarROS2/install/autocar_msgs/share/colcon-core/packages/autocar_msgs)
[11.346s] Level 1:colcon.colcon_core.environment:create_environment_scripts_only(autocar_msgs)
[11.346s] Level 1:colcon.colcon_core.environment:checking '/home/dj/ros2_ws/src/2023CAPSTONE_AutoCar_in_Ros2-main/AutoCarROS2/install/autocar_msgs' for CMake module files
[11.347s] Level 1:colcon.colcon_core.environment:checking '/home/dj/ros2_ws/src/2023CAPSTONE_AutoCar_in_Ros2-main/AutoCarROS2/install/autocar_msgs' for CMake config files
[11.347s] Level 1:colcon.colcon_core.shell:create_environment_hook('autocar_msgs', 'cmake_prefix_path')
[11.348s] INFO:colcon.colcon_core.shell:Creating environment hook '/home/dj/ros2_ws/src/2023CAPSTONE_AutoCar_in_Ros2-main/AutoCarROS2/install/autocar_msgs/share/autocar_msgs/hook/cmake_prefix_path.ps1'
[11.348s] INFO:colcon.colcon_core.shell:Creating environment descriptor '/home/dj/ros2_ws/src/2023CAPSTONE_AutoCar_in_Ros2-main/AutoCarROS2/install/autocar_msgs/share/autocar_msgs/hook/cmake_prefix_path.dsv'
[11.348s] INFO:colcon.colcon_core.shell:Creating environment hook '/home/dj/ros2_ws/src/2023CAPSTONE_AutoCar_in_Ros2-main/AutoCarROS2/install/autocar_msgs/share/autocar_msgs/hook/cmake_prefix_path.sh'
[11.349s] Level 1:colcon.colcon_core.environment:checking '/home/dj/ros2_ws/src/2023CAPSTONE_AutoCar_in_Ros2-main/AutoCarROS2/install/autocar_msgs/lib'
[11.349s] Level 1:colcon.colcon_core.shell:create_environment_hook('autocar_msgs', 'ld_library_path_lib')
[11.349s] INFO:colcon.colcon_core.shell:Creating environment hook '/home/dj/ros2_ws/src/2023CAPSTONE_AutoCar_in_Ros2-main/AutoCarROS2/install/autocar_msgs/share/autocar_msgs/hook/ld_library_path_lib.ps1'
[11.349s] INFO:colcon.colcon_core.shell:Creating environment descriptor '/home/dj/ros2_ws/src/2023CAPSTONE_AutoCar_in_Ros2-main/AutoCarROS2/install/autocar_msgs/share/autocar_msgs/hook/ld_library_path_lib.dsv'
[11.349s] INFO:colcon.colcon_core.shell:Creating environment hook '/home/dj/ros2_ws/src/2023CAPSTONE_AutoCar_in_Ros2-main/AutoCarROS2/install/autocar_msgs/share/autocar_msgs/hook/ld_library_path_lib.sh'
[11.350s] Level 1:colcon.colcon_core.environment:checking '/home/dj/ros2_ws/src/2023CAPSTONE_AutoCar_in_Ros2-main/AutoCarROS2/install/autocar_msgs/bin'
[11.350s] Level 1:colcon.colcon_core.environment:checking '/home/dj/ros2_ws/src/2023CAPSTONE_AutoCar_in_Ros2-main/AutoCarROS2/install/autocar_msgs/lib/pkgconfig/autocar_msgs.pc'
[11.350s] Level 1:colcon.colcon_core.environment:checking '/home/dj/ros2_ws/src/2023CAPSTONE_AutoCar_in_Ros2-main/AutoCarROS2/install/autocar_msgs/lib/python3.8/site-packages'
[11.350s] Level 1:colcon.colcon_core.shell:create_environment_hook('autocar_msgs', 'pythonpath')
[11.350s] INFO:colcon.colcon_core.shell:Creating environment hook '/home/dj/ros2_ws/src/2023CAPSTONE_AutoCar_in_Ros2-main/AutoCarROS2/install/autocar_msgs/share/autocar_msgs/hook/pythonpath.ps1'
[11.350s] INFO:colcon.colcon_core.shell:Creating environment descriptor '/home/dj/ros2_ws/src/2023CAPSTONE_AutoCar_in_Ros2-main/AutoCarROS2/install/autocar_msgs/share/autocar_msgs/hook/pythonpath.dsv'
[11.351s] INFO:colcon.colcon_core.shell:Creating environment hook '/home/dj/ros2_ws/src/2023CAPSTONE_AutoCar_in_Ros2-main/AutoCarROS2/install/autocar_msgs/share/autocar_msgs/hook/pythonpath.sh'
[11.351s] Level 1:colcon.colcon_core.environment:checking '/home/dj/ros2_ws/src/2023CAPSTONE_AutoCar_in_Ros2-main/AutoCarROS2/install/autocar_msgs/bin'
[11.351s] INFO:colcon.colcon_core.shell:Creating package script '/home/dj/ros2_ws/src/2023CAPSTONE_AutoCar_in_Ros2-main/AutoCarROS2/install/autocar_msgs/share/autocar_msgs/package.ps1'
[11.352s] INFO:colcon.colcon_core.shell:Creating package descriptor '/home/dj/ros2_ws/src/2023CAPSTONE_AutoCar_in_Ros2-main/AutoCarROS2/install/autocar_msgs/share/autocar_msgs/package.dsv'
[11.352s] INFO:colcon.colcon_core.shell:Creating package script '/home/dj/ros2_ws/src/2023CAPSTONE_AutoCar_in_Ros2-main/AutoCarROS2/install/autocar_msgs/share/autocar_msgs/package.sh'
[11.353s] INFO:colcon.colcon_core.shell:Creating package script '/home/dj/ros2_ws/src/2023CAPSTONE_AutoCar_in_Ros2-main/AutoCarROS2/install/autocar_msgs/share/autocar_msgs/package.bash'
[11.353s] INFO:colcon.colcon_core.shell:Creating package script '/home/dj/ros2_ws/src/2023CAPSTONE_AutoCar_in_Ros2-main/AutoCarROS2/install/autocar_msgs/share/autocar_msgs/package.zsh'
[11.353s] Level 1:colcon.colcon_core.environment:create_file_with_runtime_dependencies(/home/dj/ros2_ws/src/2023CAPSTONE_AutoCar_in_Ros2-main/AutoCarROS2/install/autocar_msgs/share/colcon-core/packages/autocar_msgs)
[11.353s] DEBUG:colcon.colcon_parallel_executor.executor.parallel:closing loop
[11.354s] DEBUG:colcon.colcon_parallel_executor.executor.parallel:loop closed
[11.354s] DEBUG:colcon.colcon_parallel_executor.executor.parallel:run_until_complete finished with '0'
[11.354s] DEBUG:colcon.colcon_core.event_reactor:joining thread
[11.359s] INFO:colcon.colcon_core.plugin_system:Skipping extension 'colcon_notification.desktop_notification.terminal_notifier': Not used on non-Darwin systems
[11.359s] INFO:colcon.colcon_core.plugin_system:Skipping extension 'colcon_notification.desktop_notification.win32': Not used on non-Windows systems
[11.359s] INFO:colcon.colcon_notification.desktop_notification:Sending desktop notification using 'notify2'
[11.372s] DEBUG:colcon.colcon_core.event_reactor:joined thread
[11.372s] INFO:colcon.colcon_core.shell:Creating prefix script '/home/dj/ros2_ws/src/2023CAPSTONE_AutoCar_in_Ros2-main/AutoCarROS2/install/local_setup.ps1'
[11.373s] INFO:colcon.colcon_core.shell:Creating prefix util module '/home/dj/ros2_ws/src/2023CAPSTONE_AutoCar_in_Ros2-main/AutoCarROS2/install/_local_setup_util_ps1.py'
[11.376s] INFO:colcon.colcon_core.shell:Creating prefix chain script '/home/dj/ros2_ws/src/2023CAPSTONE_AutoCar_in_Ros2-main/AutoCarROS2/install/setup.ps1'
[11.377s] INFO:colcon.colcon_core.shell:Creating prefix script '/home/dj/ros2_ws/src/2023CAPSTONE_AutoCar_in_Ros2-main/AutoCarROS2/install/local_setup.sh'
[11.377s] INFO:colcon.colcon_core.shell:Creating prefix util module '/home/dj/ros2_ws/src/2023CAPSTONE_AutoCar_in_Ros2-main/AutoCarROS2/install/_local_setup_util_sh.py'
[11.378s] INFO:colcon.colcon_core.shell:Creating prefix chain script '/home/dj/ros2_ws/src/2023CAPSTONE_AutoCar_in_Ros2-main/AutoCarROS2/install/setup.sh'
[11.380s] INFO:colcon.colcon_core.shell:Creating prefix script '/home/dj/ros2_ws/src/2023CAPSTONE_AutoCar_in_Ros2-main/AutoCarROS2/install/local_setup.bash'
[11.380s] INFO:colcon.colcon_core.shell:Creating prefix chain script '/home/dj/ros2_ws/src/2023CAPSTONE_AutoCar_in_Ros2-main/AutoCarROS2/install/setup.bash'
[11.381s] INFO:colcon.colcon_core.shell:Creating prefix script '/home/dj/ros2_ws/src/2023CAPSTONE_AutoCar_in_Ros2-main/AutoCarROS2/install/local_setup.zsh'
[11.382s] INFO:colcon.colcon_core.shell:Creating prefix chain script '/home/dj/ros2_ws/src/2023CAPSTONE_AutoCar_in_Ros2-main/AutoCarROS2/install/setup.zsh'
