[  0%] Built target autocar_msgs__cpp
[ 12%] Built target autocar_msgs__rosidl_generator_c
[ 24%] Built target autocar_msgs__rosidl_typesupport_introspection_cpp
[ 36%] Built target autocar_msgs__rosidl_typesupport_cpp
[ 48%] Built target autocar_msgs__rosidl_typesupport_c
[ 60%] Built target autocar_msgs__rosidl_typesupport_introspection_c
[ 71%] Built target autocar_msgs__rosidl_typesupport_fastrtps_cpp
[ 83%] Built target autocar_msgs__rosidl_typesupport_fastrtps_c
[ 83%] Built target autocar_msgs
[ 84%] Built target autocar_msgs__py
[ 95%] Built target autocar_msgs__python
[ 96%] Built target autocar_msgs__rosidl_typesupport_c__pyext
[ 98%] Built target autocar_msgs__rosidl_typesupport_introspection_c__pyext
[100%] Built target autocar_msgs__rosidl_typesupport_fastrtps_c__pyext
-- Install configuration: ""
-- Up-to-date: /home/dj/ros2_ws/src/2023CAPSTONE_AutoCar_in_Ros2-main/AutoCarROS2/install/autocar_msgs/share/ament_index/resource_index/rosidl_interfaces/autocar_msgs
-- Up-to-date: /home/dj/ros2_ws/src/2023CAPSTONE_AutoCar_in_Ros2-main/AutoCarROS2/install/autocar_msgs/include/autocar_msgs
-- Up-to-date: /home/dj/ros2_ws/src/2023CAPSTONE_AutoCar_in_Ros2-main/AutoCarROS2/install/autocar_msgs/include/autocar_msgs/msg
-- Up-to-date: /home/dj/ros2_ws/src/2023CAPSTONE_AutoCar_in_Ros2-main/AutoCarROS2/install/autocar_msgs/include/autocar_msgs/msg/polygon.h
-- Up-to-date: /home/dj/ros2_ws/src/2023CAPSTONE_AutoCar_in_Ros2-main/AutoCarROS2/install/autocar_msgs/include/autocar_msgs/msg/detail
-- Up-to-date: /home/dj/ros2_ws/src/2023CAPSTONE_AutoCar_in_Ros2-main/AutoCarROS2/install/autocar_msgs/include/autocar_msgs/msg/detail/object_array__struct.h
-- Up-to-date: /home/dj/ros2_ws/src/2023CAPSTONE_AutoCar_in_Ros2-main/AutoCarROS2/install/autocar_msgs/include/autocar_msgs/msg/detail/obstacle__type_support.h
-- Up-to-date: /home/dj/ros2_ws/src/2023CAPSTONE_AutoCar_in_Ros2-main/AutoCarROS2/install/autocar_msgs/include/autocar_msgs/msg/detail/path_array__struct.h
-- Up-to-date: /home/dj/ros2_ws/src/2023CAPSTONE_AutoCar_in_Ros2-main/AutoCarROS2/install/autocar_msgs/include/autocar_msgs/msg/detail/state2_d__type_support.h
-- Up-to-date: /home/dj/ros2_ws/src/2023CAPSTONE_AutoCar_in_Ros2-main/AutoCarROS2/install/autocar_msgs/include/autocar_msgs/msg/detail/path2_d__struct.h
-- Up-to-date: /home/dj/ros2_ws/src/2023CAPSTONE_AutoCar_in_Ros2-main/AutoCarROS2/install/autocar_msgs/include/autocar_msgs/msg/detail/path_array__functions.c
-- Up-to-date: /home/dj/ros2_ws/src/2023CAPSTONE_AutoCar_in_Ros2-main/AutoCarROS2/install/autocar_msgs/include/autocar_msgs/msg/detail/control__type_support.h
-- Up-to-date: /home/dj/ros2_ws/src/2023CAPSTONE_AutoCar_in_Ros2-main/AutoCarROS2/install/autocar_msgs/include/autocar_msgs/msg/detail/path_array__type_support.h
-- Up-to-date: /home/dj/ros2_ws/src/2023CAPSTONE_AutoCar_in_Ros2-main/AutoCarROS2/install/autocar_msgs/include/autocar_msgs/msg/detail/polygon_array__struct.h
-- Up-to-date: /home/dj/ros2_ws/src/2023CAPSTONE_AutoCar_in_Ros2-main/AutoCarROS2/install/autocar_msgs/include/autocar_msgs/msg/detail/control__struct.h
-- Up-to-date: /home/dj/ros2_ws/src/2023CAPSTONE_AutoCar_in_Ros2-main/AutoCarROS2/install/autocar_msgs/include/autocar_msgs/msg/detail/twist2_d__functions.c
-- Up-to-date: /home/dj/ros2_ws/src/2023CAPSTONE_AutoCar_in_Ros2-main/AutoCarROS2/install/autocar_msgs/include/autocar_msgs/msg/detail/polygon_array__functions.h
-- Up-to-date: /home/dj/ros2_ws/src/2023CAPSTONE_AutoCar_in_Ros2-main/AutoCarROS2/install/autocar_msgs/include/autocar_msgs/msg/detail/obstacle__functions.h
-- Up-to-date: /home/dj/ros2_ws/src/2023CAPSTONE_AutoCar_in_Ros2-main/AutoCarROS2/install/autocar_msgs/include/autocar_msgs/msg/detail/path2_d__type_support.h
-- Up-to-date: /home/dj/ros2_ws/src/2023CAPSTONE_AutoCar_in_Ros2-main/AutoCarROS2/install/autocar_msgs/include/autocar_msgs/msg/detail/path_array__functions.h
-- Up-to-date: /home/dj/ros2_ws/src/2023CAPSTONE_AutoCar_in_Ros2-main/AutoCarROS2/install/autocar_msgs/include/autocar_msgs/msg/detail/object__functions.c
-- Up-to-date: /home/dj/ros2_ws/src/2023CAPSTONE_AutoCar_in_Ros2-main/AutoCarROS2/install/autocar_msgs/include/autocar_msgs/msg/detail/object__struct.h
-- Up-to-date: /home/dj/ros2_ws/src/2023CAPSTONE_AutoCar_in_Ros2-main/AutoCarROS2/install/autocar_msgs/include/autocar_msgs/msg/detail/obstacle__struct.h
-- Up-to-date: /home/dj/ros2_ws/src/2023CAPSTONE_AutoCar_in_Ros2-main/AutoCarROS2/install/autocar_msgs/include/autocar_msgs/msg/detail/link_array__functions.h
-- Up-to-date: /home/dj/ros2_ws/src/2023CAPSTONE_AutoCar_in_Ros2-main/AutoCarROS2/install/autocar_msgs/include/autocar_msgs/msg/detail/object__functions.h
-- Up-to-date: /home/dj/ros2_ws/src/2023CAPSTONE_AutoCar_in_Ros2-main/AutoCarROS2/install/autocar_msgs/include/autocar_msgs/msg/detail/obstacle__functions.c
-- Up-to-date: /home/dj/ros2_ws/src/2023CAPSTONE_AutoCar_in_Ros2-main/AutoCarROS2/install/autocar_msgs/include/autocar_msgs/msg/detail/twist2_d__type_support.h
-- Up-to-date: /home/dj/ros2_ws/src/2023CAPSTONE_AutoCar_in_Ros2-main/AutoCarROS2/install/autocar_msgs/include/autocar_msgs/msg/detail/state2_d__functions.h
-- Up-to-date: /home/dj/ros2_ws/src/2023CAPSTONE_AutoCar_in_Ros2-main/AutoCarROS2/install/autocar_msgs/include/autocar_msgs/msg/detail/polygon_array__type_support.h
-- Up-to-date: /home/dj/ros2_ws/src/2023CAPSTONE_AutoCar_in_Ros2-main/AutoCarROS2/install/autocar_msgs/include/autocar_msgs/msg/detail/link_array__struct.h
-- Up-to-date: /home/dj/ros2_ws/src/2023CAPSTONE_AutoCar_in_Ros2-main/AutoCarROS2/install/autocar_msgs/include/autocar_msgs/msg/detail/control__functions.c
-- Up-to-date: /home/dj/ros2_ws/src/2023CAPSTONE_AutoCar_in_Ros2-main/AutoCarROS2/install/autocar_msgs/include/autocar_msgs/msg/detail/object_array__functions.c
-- Up-to-date: /home/dj/ros2_ws/src/2023CAPSTONE_AutoCar_in_Ros2-main/AutoCarROS2/install/autocar_msgs/include/autocar_msgs/msg/detail/object_array__functions.h
-- Up-to-date: /home/dj/ros2_ws/src/2023CAPSTONE_AutoCar_in_Ros2-main/AutoCarROS2/install/autocar_msgs/include/autocar_msgs/msg/detail/polygon__struct.h
-- Up-to-date: /home/dj/ros2_ws/src/2023CAPSTONE_AutoCar_in_Ros2-main/AutoCarROS2/install/autocar_msgs/include/autocar_msgs/msg/detail/link_array__functions.c
-- Up-to-date: /home/dj/ros2_ws/src/2023CAPSTONE_AutoCar_in_Ros2-main/AutoCarROS2/install/autocar_msgs/include/autocar_msgs/msg/detail/path2_d__functions.h
-- Up-to-date: /home/dj/ros2_ws/src/2023CAPSTONE_AutoCar_in_Ros2-main/AutoCarROS2/install/autocar_msgs/include/autocar_msgs/msg/detail/vision_steer__functions.c
-- Up-to-date: /home/dj/ros2_ws/src/2023CAPSTONE_AutoCar_in_Ros2-main/AutoCarROS2/install/autocar_msgs/include/autocar_msgs/msg/detail/object__type_support.h
-- Up-to-date: /home/dj/ros2_ws/src/2023CAPSTONE_AutoCar_in_Ros2-main/AutoCarROS2/install/autocar_msgs/include/autocar_msgs/msg/detail/twist2_d__functions.h
-- Up-to-date: /home/dj/ros2_ws/src/2023CAPSTONE_AutoCar_in_Ros2-main/AutoCarROS2/install/autocar_msgs/include/autocar_msgs/msg/detail/link_array__type_support.h
-- Up-to-date: /home/dj/ros2_ws/src/2023CAPSTONE_AutoCar_in_Ros2-main/AutoCarROS2/install/autocar_msgs/include/autocar_msgs/msg/detail/vision_steer__functions.h
-- Up-to-date: /home/dj/ros2_ws/src/2023CAPSTONE_AutoCar_in_Ros2-main/AutoCarROS2/install/autocar_msgs/include/autocar_msgs/msg/detail/path2_d__functions.c
-- Up-to-date: /home/dj/ros2_ws/src/2023CAPSTONE_AutoCar_in_Ros2-main/AutoCarROS2/install/autocar_msgs/include/autocar_msgs/msg/detail/vision_steer__struct.h
-- Up-to-date: /home/dj/ros2_ws/src/2023CAPSTONE_AutoCar_in_Ros2-main/AutoCarROS2/install/autocar_msgs/include/autocar_msgs/msg/detail/twist2_d__struct.h
-- Up-to-date: /home/dj/ros2_ws/src/2023CAPSTONE_AutoCar_in_Ros2-main/AutoCarROS2/install/autocar_msgs/include/autocar_msgs/msg/detail/polygon__functions.h
-- Up-to-date: /home/dj/ros2_ws/src/2023CAPSTONE_AutoCar_in_Ros2-main/AutoCarROS2/install/autocar_msgs/include/autocar_msgs/msg/detail/state2_d__functions.c
-- Up-to-date: /home/dj/ros2_ws/src/2023CAPSTONE_AutoCar_in_Ros2-main/AutoCarROS2/install/autocar_msgs/include/autocar_msgs/msg/detail/state2_d__struct.h
-- Up-to-date: /home/dj/ros2_ws/src/2023CAPSTONE_AutoCar_in_Ros2-main/AutoCarROS2/install/autocar_msgs/include/autocar_msgs/msg/detail/polygon__type_support.h
-- Up-to-date: /home/dj/ros2_ws/src/2023CAPSTONE_AutoCar_in_Ros2-main/AutoCarROS2/install/autocar_msgs/include/autocar_msgs/msg/detail/polygon_array__functions.c
-- Up-to-date: /home/dj/ros2_ws/src/2023CAPSTONE_AutoCar_in_Ros2-main/AutoCarROS2/install/autocar_msgs/include/autocar_msgs/msg/detail/vision_steer__type_support.h
-- Up-to-date: /home/dj/ros2_ws/src/2023CAPSTONE_AutoCar_in_Ros2-main/AutoCarROS2/install/autocar_msgs/include/autocar_msgs/msg/detail/polygon__functions.c
-- Up-to-date: /home/dj/ros2_ws/src/2023CAPSTONE_AutoCar_in_Ros2-main/AutoCarROS2/install/autocar_msgs/include/autocar_msgs/msg/detail/object_array__type_support.h
-- Up-to-date: /home/dj/ros2_ws/src/2023CAPSTONE_AutoCar_in_Ros2-main/AutoCarROS2/install/autocar_msgs/include/autocar_msgs/msg/detail/control__functions.h
-- Up-to-date: /home/dj/ros2_ws/src/2023CAPSTONE_AutoCar_in_Ros2-main/AutoCarROS2/install/autocar_msgs/include/autocar_msgs/msg/twist2_d.h
-- Up-to-date: /home/dj/ros2_ws/src/2023CAPSTONE_AutoCar_in_Ros2-main/AutoCarROS2/install/autocar_msgs/include/autocar_msgs/msg/state2_d.h
-- Up-to-date: /home/dj/ros2_ws/src/2023CAPSTONE_AutoCar_in_Ros2-main/AutoCarROS2/install/autocar_msgs/include/autocar_msgs/msg/object.h
-- Up-to-date: /home/dj/ros2_ws/src/2023CAPSTONE_AutoCar_in_Ros2-main/AutoCarROS2/install/autocar_msgs/include/autocar_msgs/msg/rosidl_generator_c__visibility_control.h
-- Up-to-date: /home/dj/ros2_ws/src/2023CAPSTONE_AutoCar_in_Ros2-main/AutoCarROS2/install/autocar_msgs/include/autocar_msgs/msg/control.h
-- Up-to-date: /home/dj/ros2_ws/src/2023CAPSTONE_AutoCar_in_Ros2-main/AutoCarROS2/install/autocar_msgs/include/autocar_msgs/msg/obstacle.h
-- Up-to-date: /home/dj/ros2_ws/src/2023CAPSTONE_AutoCar_in_Ros2-main/AutoCarROS2/install/autocar_msgs/include/autocar_msgs/msg/path_array.h
-- Up-to-date: /home/dj/ros2_ws/src/2023CAPSTONE_AutoCar_in_Ros2-main/AutoCarROS2/install/autocar_msgs/include/autocar_msgs/msg/link_array.h
-- Up-to-date: /home/dj/ros2_ws/src/2023CAPSTONE_AutoCar_in_Ros2-main/AutoCarROS2/install/autocar_msgs/include/autocar_msgs/msg/vision_steer.h
-- Up-to-date: /home/dj/ros2_ws/src/2023CAPSTONE_AutoCar_in_Ros2-main/AutoCarROS2/install/autocar_msgs/include/autocar_msgs/msg/polygon_array.h
-- Up-to-date: /home/dj/ros2_ws/src/2023CAPSTONE_AutoCar_in_Ros2-main/AutoCarROS2/install/autocar_msgs/include/autocar_msgs/msg/object_array.h
-- Up-to-date: /home/dj/ros2_ws/src/2023CAPSTONE_AutoCar_in_Ros2-main/AutoCarROS2/install/autocar_msgs/include/autocar_msgs/msg/path2_d.h
-- Up-to-date: /home/dj/ros2_ws/src/2023CAPSTONE_AutoCar_in_Ros2-main/AutoCarROS2/install/autocar_msgs/share/autocar_msgs/environment/library_path.sh
-- Up-to-date: /home/dj/ros2_ws/src/2023CAPSTONE_AutoCar_in_Ros2-main/AutoCarROS2/install/autocar_msgs/share/autocar_msgs/environment/library_path.dsv
-- Up-to-date: /home/dj/ros2_ws/src/2023CAPSTONE_AutoCar_in_Ros2-main/AutoCarROS2/install/autocar_msgs/lib/libautocar_msgs__rosidl_generator_c.so
-- Up-to-date: /home/dj/ros2_ws/src/2023CAPSTONE_AutoCar_in_Ros2-main/AutoCarROS2/install/autocar_msgs/include/autocar_msgs
-- Up-to-date: /home/dj/ros2_ws/src/2023CAPSTONE_AutoCar_in_Ros2-main/AutoCarROS2/install/autocar_msgs/include/autocar_msgs/msg
-- Up-to-date: /home/dj/ros2_ws/src/2023CAPSTONE_AutoCar_in_Ros2-main/AutoCarROS2/install/autocar_msgs/include/autocar_msgs/msg/detail
-- Up-to-date: /home/dj/ros2_ws/src/2023CAPSTONE_AutoCar_in_Ros2-main/AutoCarROS2/install/autocar_msgs/include/autocar_msgs/msg/detail/path_array__rosidl_typesupport_fastrtps_c.h
-- Up-to-date: /home/dj/ros2_ws/src/2023CAPSTONE_AutoCar_in_Ros2-main/AutoCarROS2/install/autocar_msgs/include/autocar_msgs/msg/detail/vision_steer__rosidl_typesupport_fastrtps_c.h
-- Up-to-date: /home/dj/ros2_ws/src/2023CAPSTONE_AutoCar_in_Ros2-main/AutoCarROS2/install/autocar_msgs/include/autocar_msgs/msg/detail/polygon_array__rosidl_typesupport_fastrtps_c.h
-- Up-to-date: /home/dj/ros2_ws/src/2023CAPSTONE_AutoCar_in_Ros2-main/AutoCarROS2/install/autocar_msgs/include/autocar_msgs/msg/detail/object__rosidl_typesupport_fastrtps_c.h
-- Up-to-date: /home/dj/ros2_ws/src/2023CAPSTONE_AutoCar_in_Ros2-main/AutoCarROS2/install/autocar_msgs/include/autocar_msgs/msg/detail/path2_d__rosidl_typesupport_fastrtps_c.h
-- Up-to-date: /home/dj/ros2_ws/src/2023CAPSTONE_AutoCar_in_Ros2-main/AutoCarROS2/install/autocar_msgs/include/autocar_msgs/msg/detail/obstacle__rosidl_typesupport_fastrtps_c.h
-- Up-to-date: /home/dj/ros2_ws/src/2023CAPSTONE_AutoCar_in_Ros2-main/AutoCarROS2/install/autocar_msgs/include/autocar_msgs/msg/detail/control__rosidl_typesupport_fastrtps_c.h
-- Up-to-date: /home/dj/ros2_ws/src/2023CAPSTONE_AutoCar_in_Ros2-main/AutoCarROS2/install/autocar_msgs/include/autocar_msgs/msg/detail/polygon__rosidl_typesupport_fastrtps_c.h
-- Up-to-date: /home/dj/ros2_ws/src/2023CAPSTONE_AutoCar_in_Ros2-main/AutoCarROS2/install/autocar_msgs/include/autocar_msgs/msg/detail/link_array__rosidl_typesupport_fastrtps_c.h
-- Up-to-date: /home/dj/ros2_ws/src/2023CAPSTONE_AutoCar_in_Ros2-main/AutoCarROS2/install/autocar_msgs/include/autocar_msgs/msg/detail/state2_d__rosidl_typesupport_fastrtps_c.h
-- Up-to-date: /home/dj/ros2_ws/src/2023CAPSTONE_AutoCar_in_Ros2-main/AutoCarROS2/install/autocar_msgs/include/autocar_msgs/msg/detail/twist2_d__rosidl_typesupport_fastrtps_c.h
-- Up-to-date: /home/dj/ros2_ws/src/2023CAPSTONE_AutoCar_in_Ros2-main/AutoCarROS2/install/autocar_msgs/include/autocar_msgs/msg/detail/object_array__rosidl_typesupport_fastrtps_c.h
-- Up-to-date: /home/dj/ros2_ws/src/2023CAPSTONE_AutoCar_in_Ros2-main/AutoCarROS2/install/autocar_msgs/include/autocar_msgs/msg/rosidl_typesupport_fastrtps_c__visibility_control.h
-- Up-to-date: /home/dj/ros2_ws/src/2023CAPSTONE_AutoCar_in_Ros2-main/AutoCarROS2/install/autocar_msgs/lib/libautocar_msgs__rosidl_typesupport_fastrtps_c.so
-- Up-to-date: /home/dj/ros2_ws/src/2023CAPSTONE_AutoCar_in_Ros2-main/AutoCarROS2/install/autocar_msgs/include/autocar_msgs
-- Up-to-date: /home/dj/ros2_ws/src/2023CAPSTONE_AutoCar_in_Ros2-main/AutoCarROS2/install/autocar_msgs/include/autocar_msgs/msg
-- Up-to-date: /home/dj/ros2_ws/src/2023CAPSTONE_AutoCar_in_Ros2-main/AutoCarROS2/install/autocar_msgs/include/autocar_msgs/msg/detail
-- Up-to-date: /home/dj/ros2_ws/src/2023CAPSTONE_AutoCar_in_Ros2-main/AutoCarROS2/install/autocar_msgs/include/autocar_msgs/msg/detail/link_array__rosidl_typesupport_fastrtps_cpp.hpp
-- Up-to-date: /home/dj/ros2_ws/src/2023CAPSTONE_AutoCar_in_Ros2-main/AutoCarROS2/install/autocar_msgs/include/autocar_msgs/msg/detail/state2_d__rosidl_typesupport_fastrtps_cpp.hpp
-- Up-to-date: /home/dj/ros2_ws/src/2023CAPSTONE_AutoCar_in_Ros2-main/AutoCarROS2/install/autocar_msgs/include/autocar_msgs/msg/detail/twist2_d__rosidl_typesupport_fastrtps_cpp.hpp
-- Up-to-date: /home/dj/ros2_ws/src/2023CAPSTONE_AutoCar_in_Ros2-main/AutoCarROS2/install/autocar_msgs/include/autocar_msgs/msg/detail/dds_fastrtps
-- Up-to-date: /home/dj/ros2_ws/src/2023CAPSTONE_AutoCar_in_Ros2-main/AutoCarROS2/install/autocar_msgs/include/autocar_msgs/msg/detail/object__rosidl_typesupport_fastrtps_cpp.hpp
-- Up-to-date: /home/dj/ros2_ws/src/2023CAPSTONE_AutoCar_in_Ros2-main/AutoCarROS2/install/autocar_msgs/include/autocar_msgs/msg/detail/polygon_array__rosidl_typesupport_fastrtps_cpp.hpp
-- Up-to-date: /home/dj/ros2_ws/src/2023CAPSTONE_AutoCar_in_Ros2-main/AutoCarROS2/install/autocar_msgs/include/autocar_msgs/msg/detail/vision_steer__rosidl_typesupport_fastrtps_cpp.hpp
-- Up-to-date: /home/dj/ros2_ws/src/2023CAPSTONE_AutoCar_in_Ros2-main/AutoCarROS2/install/autocar_msgs/include/autocar_msgs/msg/detail/path_array__rosidl_typesupport_fastrtps_cpp.hpp
-- Up-to-date: /home/dj/ros2_ws/src/2023CAPSTONE_AutoCar_in_Ros2-main/AutoCarROS2/install/autocar_msgs/include/autocar_msgs/msg/detail/object_array__rosidl_typesupport_fastrtps_cpp.hpp
-- Up-to-date: /home/dj/ros2_ws/src/2023CAPSTONE_AutoCar_in_Ros2-main/AutoCarROS2/install/autocar_msgs/include/autocar_msgs/msg/detail/obstacle__rosidl_typesupport_fastrtps_cpp.hpp
-- Up-to-date: /home/dj/ros2_ws/src/2023CAPSTONE_AutoCar_in_Ros2-main/AutoCarROS2/install/autocar_msgs/include/autocar_msgs/msg/detail/control__rosidl_typesupport_fastrtps_cpp.hpp
-- Up-to-date: /home/dj/ros2_ws/src/2023CAPSTONE_AutoCar_in_Ros2-main/AutoCarROS2/install/autocar_msgs/include/autocar_msgs/msg/detail/path2_d__rosidl_typesupport_fastrtps_cpp.hpp
-- Up-to-date: /home/dj/ros2_ws/src/2023CAPSTONE_AutoCar_in_Ros2-main/AutoCarROS2/install/autocar_msgs/include/autocar_msgs/msg/detail/polygon__rosidl_typesupport_fastrtps_cpp.hpp
-- Up-to-date: /home/dj/ros2_ws/src/2023CAPSTONE_AutoCar_in_Ros2-main/AutoCarROS2/install/autocar_msgs/include/autocar_msgs/msg/rosidl_typesupport_fastrtps_cpp__visibility_control.h
-- Up-to-date: /home/dj/ros2_ws/src/2023CAPSTONE_AutoCar_in_Ros2-main/AutoCarROS2/install/autocar_msgs/lib/libautocar_msgs__rosidl_typesupport_fastrtps_cpp.so
-- Up-to-date: /home/dj/ros2_ws/src/2023CAPSTONE_AutoCar_in_Ros2-main/AutoCarROS2/install/autocar_msgs/include/autocar_msgs
-- Up-to-date: /home/dj/ros2_ws/src/2023CAPSTONE_AutoCar_in_Ros2-main/AutoCarROS2/install/autocar_msgs/include/autocar_msgs/msg
-- Up-to-date: /home/dj/ros2_ws/src/2023CAPSTONE_AutoCar_in_Ros2-main/AutoCarROS2/install/autocar_msgs/include/autocar_msgs/msg/detail
-- Up-to-date: /home/dj/ros2_ws/src/2023CAPSTONE_AutoCar_in_Ros2-main/AutoCarROS2/install/autocar_msgs/include/autocar_msgs/msg/detail/object__rosidl_typesupport_introspection_c.h
-- Up-to-date: /home/dj/ros2_ws/src/2023CAPSTONE_AutoCar_in_Ros2-main/AutoCarROS2/install/autocar_msgs/include/autocar_msgs/msg/detail/path_array__type_support.c
-- Up-to-date: /home/dj/ros2_ws/src/2023CAPSTONE_AutoCar_in_Ros2-main/AutoCarROS2/install/autocar_msgs/include/autocar_msgs/msg/detail/control__type_support.c
-- Up-to-date: /home/dj/ros2_ws/src/2023CAPSTONE_AutoCar_in_Ros2-main/AutoCarROS2/install/autocar_msgs/include/autocar_msgs/msg/detail/state2_d__type_support.c
-- Up-to-date: /home/dj/ros2_ws/src/2023CAPSTONE_AutoCar_in_Ros2-main/AutoCarROS2/install/autocar_msgs/include/autocar_msgs/msg/detail/obstacle__rosidl_typesupport_introspection_c.h
-- Up-to-date: /home/dj/ros2_ws/src/2023CAPSTONE_AutoCar_in_Ros2-main/AutoCarROS2/install/autocar_msgs/include/autocar_msgs/msg/detail/polygon__type_support.c
-- Up-to-date: /home/dj/ros2_ws/src/2023CAPSTONE_AutoCar_in_Ros2-main/AutoCarROS2/install/autocar_msgs/include/autocar_msgs/msg/detail/vision_steer__type_support.c
-- Up-to-date: /home/dj/ros2_ws/src/2023CAPSTONE_AutoCar_in_Ros2-main/AutoCarROS2/install/autocar_msgs/include/autocar_msgs/msg/detail/object_array__type_support.c
-- Up-to-date: /home/dj/ros2_ws/src/2023CAPSTONE_AutoCar_in_Ros2-main/AutoCarROS2/install/autocar_msgs/include/autocar_msgs/msg/detail/twist2_d__type_support.c
-- Up-to-date: /home/dj/ros2_ws/src/2023CAPSTONE_AutoCar_in_Ros2-main/AutoCarROS2/install/autocar_msgs/include/autocar_msgs/msg/detail/control__rosidl_typesupport_introspection_c.h
-- Up-to-date: /home/dj/ros2_ws/src/2023CAPSTONE_AutoCar_in_Ros2-main/AutoCarROS2/install/autocar_msgs/include/autocar_msgs/msg/detail/polygon__rosidl_typesupport_introspection_c.h
-- Up-to-date: /home/dj/ros2_ws/src/2023CAPSTONE_AutoCar_in_Ros2-main/AutoCarROS2/install/autocar_msgs/include/autocar_msgs/msg/detail/path2_d__type_support.c
-- Up-to-date: /home/dj/ros2_ws/src/2023CAPSTONE_AutoCar_in_Ros2-main/AutoCarROS2/install/autocar_msgs/include/autocar_msgs/msg/detail/state2_d__rosidl_typesupport_introspection_c.h
-- Up-to-date: /home/dj/ros2_ws/src/2023CAPSTONE_AutoCar_in_Ros2-main/AutoCarROS2/install/autocar_msgs/include/autocar_msgs/msg/detail/link_array__type_support.c
-- Up-to-date: /home/dj/ros2_ws/src/2023CAPSTONE_AutoCar_in_Ros2-main/AutoCarROS2/install/autocar_msgs/include/autocar_msgs/msg/detail/path_array__rosidl_typesupport_introspection_c.h
-- Up-to-date: /home/dj/ros2_ws/src/2023CAPSTONE_AutoCar_in_Ros2-main/AutoCarROS2/install/autocar_msgs/include/autocar_msgs/msg/detail/obstacle__type_support.c
-- Up-to-date: /home/dj/ros2_ws/src/2023CAPSTONE_AutoCar_in_Ros2-main/AutoCarROS2/install/autocar_msgs/include/autocar_msgs/msg/detail/polygon_array__type_support.c
-- Up-to-date: /home/dj/ros2_ws/src/2023CAPSTONE_AutoCar_in_Ros2-main/AutoCarROS2/install/autocar_msgs/include/autocar_msgs/msg/detail/object_array__rosidl_typesupport_introspection_c.h
-- Up-to-date: /home/dj/ros2_ws/src/2023CAPSTONE_AutoCar_in_Ros2-main/AutoCarROS2/install/autocar_msgs/include/autocar_msgs/msg/detail/polygon_array__rosidl_typesupport_introspection_c.h
-- Up-to-date: /home/dj/ros2_ws/src/2023CAPSTONE_AutoCar_in_Ros2-main/AutoCarROS2/install/autocar_msgs/include/autocar_msgs/msg/detail/path2_d__rosidl_typesupport_introspection_c.h
-- Up-to-date: /home/dj/ros2_ws/src/2023CAPSTONE_AutoCar_in_Ros2-main/AutoCarROS2/install/autocar_msgs/include/autocar_msgs/msg/detail/twist2_d__rosidl_typesupport_introspection_c.h
-- Up-to-date: /home/dj/ros2_ws/src/2023CAPSTONE_AutoCar_in_Ros2-main/AutoCarROS2/install/autocar_msgs/include/autocar_msgs/msg/detail/object__type_support.c
-- Up-to-date: /home/dj/ros2_ws/src/2023CAPSTONE_AutoCar_in_Ros2-main/AutoCarROS2/install/autocar_msgs/include/autocar_msgs/msg/detail/vision_steer__rosidl_typesupport_introspection_c.h
-- Up-to-date: /home/dj/ros2_ws/src/2023CAPSTONE_AutoCar_in_Ros2-main/AutoCarROS2/install/autocar_msgs/include/autocar_msgs/msg/detail/link_array__rosidl_typesupport_introspection_c.h
-- Up-to-date: /home/dj/ros2_ws/src/2023CAPSTONE_AutoCar_in_Ros2-main/AutoCarROS2/install/autocar_msgs/include/autocar_msgs/msg/rosidl_typesupport_introspection_c__visibility_control.h
-- Up-to-date: /home/dj/ros2_ws/src/2023CAPSTONE_AutoCar_in_Ros2-main/AutoCarROS2/install/autocar_msgs/lib/libautocar_msgs__rosidl_typesupport_introspection_c.so
-- Up-to-date: /home/dj/ros2_ws/src/2023CAPSTONE_AutoCar_in_Ros2-main/AutoCarROS2/install/autocar_msgs/lib/libautocar_msgs__rosidl_typesupport_c.so
-- Up-to-date: /home/dj/ros2_ws/src/2023CAPSTONE_AutoCar_in_Ros2-main/AutoCarROS2/install/autocar_msgs/include/autocar_msgs
-- Up-to-date: /home/dj/ros2_ws/src/2023CAPSTONE_AutoCar_in_Ros2-main/AutoCarROS2/install/autocar_msgs/include/autocar_msgs/msg
-- Up-to-date: /home/dj/ros2_ws/src/2023CAPSTONE_AutoCar_in_Ros2-main/AutoCarROS2/install/autocar_msgs/include/autocar_msgs/msg/polygon.hpp
-- Up-to-date: /home/dj/ros2_ws/src/2023CAPSTONE_AutoCar_in_Ros2-main/AutoCarROS2/install/autocar_msgs/include/autocar_msgs/msg/control.hpp
-- Up-to-date: /home/dj/ros2_ws/src/2023CAPSTONE_AutoCar_in_Ros2-main/AutoCarROS2/install/autocar_msgs/include/autocar_msgs/msg/detail
-- Up-to-date: /home/dj/ros2_ws/src/2023CAPSTONE_AutoCar_in_Ros2-main/AutoCarROS2/install/autocar_msgs/include/autocar_msgs/msg/detail/state2_d__type_support.hpp
-- Up-to-date: /home/dj/ros2_ws/src/2023CAPSTONE_AutoCar_in_Ros2-main/AutoCarROS2/install/autocar_msgs/include/autocar_msgs/msg/detail/link_array__builder.hpp
-- Up-to-date: /home/dj/ros2_ws/src/2023CAPSTONE_AutoCar_in_Ros2-main/AutoCarROS2/install/autocar_msgs/include/autocar_msgs/msg/detail/control__struct.hpp
-- Up-to-date: /home/dj/ros2_ws/src/2023CAPSTONE_AutoCar_in_Ros2-main/AutoCarROS2/install/autocar_msgs/include/autocar_msgs/msg/detail/state2_d__builder.hpp
-- Up-to-date: /home/dj/ros2_ws/src/2023CAPSTONE_AutoCar_in_Ros2-main/AutoCarROS2/install/autocar_msgs/include/autocar_msgs/msg/detail/link_array__type_support.hpp
-- Up-to-date: /home/dj/ros2_ws/src/2023CAPSTONE_AutoCar_in_Ros2-main/AutoCarROS2/install/autocar_msgs/include/autocar_msgs/msg/detail/obstacle__builder.hpp
-- Up-to-date: /home/dj/ros2_ws/src/2023CAPSTONE_AutoCar_in_Ros2-main/AutoCarROS2/install/autocar_msgs/include/autocar_msgs/msg/detail/object__traits.hpp
-- Up-to-date: /home/dj/ros2_ws/src/2023CAPSTONE_AutoCar_in_Ros2-main/AutoCarROS2/install/autocar_msgs/include/autocar_msgs/msg/detail/control__type_support.hpp
-- Up-to-date: /home/dj/ros2_ws/src/2023CAPSTONE_AutoCar_in_Ros2-main/AutoCarROS2/install/autocar_msgs/include/autocar_msgs/msg/detail/obstacle__struct.hpp
-- Up-to-date: /home/dj/ros2_ws/src/2023CAPSTONE_AutoCar_in_Ros2-main/AutoCarROS2/install/autocar_msgs/include/autocar_msgs/msg/detail/path_array__traits.hpp
-- Up-to-date: /home/dj/ros2_ws/src/2023CAPSTONE_AutoCar_in_Ros2-main/AutoCarROS2/install/autocar_msgs/include/autocar_msgs/msg/detail/object_array__traits.hpp
-- Up-to-date: /home/dj/ros2_ws/src/2023CAPSTONE_AutoCar_in_Ros2-main/AutoCarROS2/install/autocar_msgs/include/autocar_msgs/msg/detail/path_array__type_support.hpp
-- Up-to-date: /home/dj/ros2_ws/src/2023CAPSTONE_AutoCar_in_Ros2-main/AutoCarROS2/install/autocar_msgs/include/autocar_msgs/msg/detail/path_array__builder.hpp
-- Up-to-date: /home/dj/ros2_ws/src/2023CAPSTONE_AutoCar_in_Ros2-main/AutoCarROS2/install/autocar_msgs/include/autocar_msgs/msg/detail/path2_d__traits.hpp
-- Up-to-date: /home/dj/ros2_ws/src/2023CAPSTONE_AutoCar_in_Ros2-main/AutoCarROS2/install/autocar_msgs/include/autocar_msgs/msg/detail/object__struct.hpp
-- Up-to-date: /home/dj/ros2_ws/src/2023CAPSTONE_AutoCar_in_Ros2-main/AutoCarROS2/install/autocar_msgs/include/autocar_msgs/msg/detail/twist2_d__struct.hpp
-- Up-to-date: /home/dj/ros2_ws/src/2023CAPSTONE_AutoCar_in_Ros2-main/AutoCarROS2/install/autocar_msgs/include/autocar_msgs/msg/detail/vision_steer__builder.hpp
-- Up-to-date: /home/dj/ros2_ws/src/2023CAPSTONE_AutoCar_in_Ros2-main/AutoCarROS2/install/autocar_msgs/include/autocar_msgs/msg/detail/twist2_d__traits.hpp
-- Up-to-date: /home/dj/ros2_ws/src/2023CAPSTONE_AutoCar_in_Ros2-main/AutoCarROS2/install/autocar_msgs/include/autocar_msgs/msg/detail/polygon__traits.hpp
-- Up-to-date: /home/dj/ros2_ws/src/2023CAPSTONE_AutoCar_in_Ros2-main/AutoCarROS2/install/autocar_msgs/include/autocar_msgs/msg/detail/twist2_d__type_support.hpp
-- Up-to-date: /home/dj/ros2_ws/src/2023CAPSTONE_AutoCar_in_Ros2-main/AutoCarROS2/install/autocar_msgs/include/autocar_msgs/msg/detail/control__builder.hpp
-- Up-to-date: /home/dj/ros2_ws/src/2023CAPSTONE_AutoCar_in_Ros2-main/AutoCarROS2/install/autocar_msgs/include/autocar_msgs/msg/detail/vision_steer__struct.hpp
-- Up-to-date: /home/dj/ros2_ws/src/2023CAPSTONE_AutoCar_in_Ros2-main/AutoCarROS2/install/autocar_msgs/include/autocar_msgs/msg/detail/twist2_d__builder.hpp
-- Up-to-date: /home/dj/ros2_ws/src/2023CAPSTONE_AutoCar_in_Ros2-main/AutoCarROS2/install/autocar_msgs/include/autocar_msgs/msg/detail/state2_d__struct.hpp
-- Up-to-date: /home/dj/ros2_ws/src/2023CAPSTONE_AutoCar_in_Ros2-main/AutoCarROS2/install/autocar_msgs/include/autocar_msgs/msg/detail/object_array__struct.hpp
-- Up-to-date: /home/dj/ros2_ws/src/2023CAPSTONE_AutoCar_in_Ros2-main/AutoCarROS2/install/autocar_msgs/include/autocar_msgs/msg/detail/polygon_array__traits.hpp
-- Up-to-date: /home/dj/ros2_ws/src/2023CAPSTONE_AutoCar_in_Ros2-main/AutoCarROS2/install/autocar_msgs/include/autocar_msgs/msg/detail/path2_d__struct.hpp
-- Up-to-date: /home/dj/ros2_ws/src/2023CAPSTONE_AutoCar_in_Ros2-main/AutoCarROS2/install/autocar_msgs/include/autocar_msgs/msg/detail/object_array__type_support.hpp
-- Up-to-date: /home/dj/ros2_ws/src/2023CAPSTONE_AutoCar_in_Ros2-main/AutoCarROS2/install/autocar_msgs/include/autocar_msgs/msg/detail/object__type_support.hpp
-- Up-to-date: /home/dj/ros2_ws/src/2023CAPSTONE_AutoCar_in_Ros2-main/AutoCarROS2/install/autocar_msgs/include/autocar_msgs/msg/detail/obstacle__type_support.hpp
-- Up-to-date: /home/dj/ros2_ws/src/2023CAPSTONE_AutoCar_in_Ros2-main/AutoCarROS2/install/autocar_msgs/include/autocar_msgs/msg/detail/polygon__struct.hpp
-- Up-to-date: /home/dj/ros2_ws/src/2023CAPSTONE_AutoCar_in_Ros2-main/AutoCarROS2/install/autocar_msgs/include/autocar_msgs/msg/detail/control__traits.hpp
-- Up-to-date: /home/dj/ros2_ws/src/2023CAPSTONE_AutoCar_in_Ros2-main/AutoCarROS2/install/autocar_msgs/include/autocar_msgs/msg/detail/object__builder.hpp
-- Up-to-date: /home/dj/ros2_ws/src/2023CAPSTONE_AutoCar_in_Ros2-main/AutoCarROS2/install/autocar_msgs/include/autocar_msgs/msg/detail/obstacle__traits.hpp
-- Up-to-date: /home/dj/ros2_ws/src/2023CAPSTONE_AutoCar_in_Ros2-main/AutoCarROS2/install/autocar_msgs/include/autocar_msgs/msg/detail/vision_steer__traits.hpp
-- Up-to-date: /home/dj/ros2_ws/src/2023CAPSTONE_AutoCar_in_Ros2-main/AutoCarROS2/install/autocar_msgs/include/autocar_msgs/msg/detail/path_array__struct.hpp
-- Up-to-date: /home/dj/ros2_ws/src/2023CAPSTONE_AutoCar_in_Ros2-main/AutoCarROS2/install/autocar_msgs/include/autocar_msgs/msg/detail/polygon_array__type_support.hpp
-- Up-to-date: /home/dj/ros2_ws/src/2023CAPSTONE_AutoCar_in_Ros2-main/AutoCarROS2/install/autocar_msgs/include/autocar_msgs/msg/detail/polygon_array__struct.hpp
-- Up-to-date: /home/dj/ros2_ws/src/2023CAPSTONE_AutoCar_in_Ros2-main/AutoCarROS2/install/autocar_msgs/include/autocar_msgs/msg/detail/state2_d__traits.hpp
-- Up-to-date: /home/dj/ros2_ws/src/2023CAPSTONE_AutoCar_in_Ros2-main/AutoCarROS2/install/autocar_msgs/include/autocar_msgs/msg/detail/link_array__struct.hpp
-- Up-to-date: /home/dj/ros2_ws/src/2023CAPSTONE_AutoCar_in_Ros2-main/AutoCarROS2/install/autocar_msgs/include/autocar_msgs/msg/detail/path2_d__type_support.hpp
-- Up-to-date: /home/dj/ros2_ws/src/2023CAPSTONE_AutoCar_in_Ros2-main/AutoCarROS2/install/autocar_msgs/include/autocar_msgs/msg/detail/vision_steer__type_support.hpp
-- Up-to-date: /home/dj/ros2_ws/src/2023CAPSTONE_AutoCar_in_Ros2-main/AutoCarROS2/install/autocar_msgs/include/autocar_msgs/msg/detail/polygon_array__builder.hpp
-- Up-to-date: /home/dj/ros2_ws/src/2023CAPSTONE_AutoCar_in_Ros2-main/AutoCarROS2/install/autocar_msgs/include/autocar_msgs/msg/detail/path2_d__builder.hpp
-- Up-to-date: /home/dj/ros2_ws/src/2023CAPSTONE_AutoCar_in_Ros2-main/AutoCarROS2/install/autocar_msgs/include/autocar_msgs/msg/detail/polygon__type_support.hpp
-- Up-to-date: /home/dj/ros2_ws/src/2023CAPSTONE_AutoCar_in_Ros2-main/AutoCarROS2/install/autocar_msgs/include/autocar_msgs/msg/detail/polygon__builder.hpp
-- Up-to-date: /home/dj/ros2_ws/src/2023CAPSTONE_AutoCar_in_Ros2-main/AutoCarROS2/install/autocar_msgs/include/autocar_msgs/msg/detail/object_array__builder.hpp
-- Up-to-date: /home/dj/ros2_ws/src/2023CAPSTONE_AutoCar_in_Ros2-main/AutoCarROS2/install/autocar_msgs/include/autocar_msgs/msg/detail/link_array__traits.hpp
-- Up-to-date: /home/dj/ros2_ws/src/2023CAPSTONE_AutoCar_in_Ros2-main/AutoCarROS2/install/autocar_msgs/include/autocar_msgs/msg/obstacle.hpp
-- Up-to-date: /home/dj/ros2_ws/src/2023CAPSTONE_AutoCar_in_Ros2-main/AutoCarROS2/install/autocar_msgs/include/autocar_msgs/msg/object_array.hpp
-- Up-to-date: /home/dj/ros2_ws/src/2023CAPSTONE_AutoCar_in_Ros2-main/AutoCarROS2/install/autocar_msgs/include/autocar_msgs/msg/state2_d.hpp
-- Up-to-date: /home/dj/ros2_ws/src/2023CAPSTONE_AutoCar_in_Ros2-main/AutoCarROS2/install/autocar_msgs/include/autocar_msgs/msg/vision_steer.hpp
-- Up-to-date: /home/dj/ros2_ws/src/2023CAPSTONE_AutoCar_in_Ros2-main/AutoCarROS2/install/autocar_msgs/include/autocar_msgs/msg/rosidl_generator_cpp__visibility_control.hpp
-- Up-to-date: /home/dj/ros2_ws/src/2023CAPSTONE_AutoCar_in_Ros2-main/AutoCarROS2/install/autocar_msgs/include/autocar_msgs/msg/path_array.hpp
-- Up-to-date: /home/dj/ros2_ws/src/2023CAPSTONE_AutoCar_in_Ros2-main/AutoCarROS2/install/autocar_msgs/include/autocar_msgs/msg/path2_d.hpp
-- Up-to-date: /home/dj/ros2_ws/src/2023CAPSTONE_AutoCar_in_Ros2-main/AutoCarROS2/install/autocar_msgs/include/autocar_msgs/msg/twist2_d.hpp
-- Up-to-date: /home/dj/ros2_ws/src/2023CAPSTONE_AutoCar_in_Ros2-main/AutoCarROS2/install/autocar_msgs/include/autocar_msgs/msg/link_array.hpp
-- Up-to-date: /home/dj/ros2_ws/src/2023CAPSTONE_AutoCar_in_Ros2-main/AutoCarROS2/install/autocar_msgs/include/autocar_msgs/msg/polygon_array.hpp
-- Up-to-date: /home/dj/ros2_ws/src/2023CAPSTONE_AutoCar_in_Ros2-main/AutoCarROS2/install/autocar_msgs/include/autocar_msgs/msg/object.hpp
-- Up-to-date: /home/dj/ros2_ws/src/2023CAPSTONE_AutoCar_in_Ros2-main/AutoCarROS2/install/autocar_msgs/include/autocar_msgs
-- Up-to-date: /home/dj/ros2_ws/src/2023CAPSTONE_AutoCar_in_Ros2-main/AutoCarROS2/install/autocar_msgs/include/autocar_msgs/msg
-- Up-to-date: /home/dj/ros2_ws/src/2023CAPSTONE_AutoCar_in_Ros2-main/AutoCarROS2/install/autocar_msgs/include/autocar_msgs/msg/detail
-- Up-to-date: /home/dj/ros2_ws/src/2023CAPSTONE_AutoCar_in_Ros2-main/AutoCarROS2/install/autocar_msgs/include/autocar_msgs/msg/detail/polygon_array__rosidl_typesupport_introspection_cpp.hpp
-- Up-to-date: /home/dj/ros2_ws/src/2023CAPSTONE_AutoCar_in_Ros2-main/AutoCarROS2/install/autocar_msgs/include/autocar_msgs/msg/detail/polygon__type_support.cpp
-- Up-to-date: /home/dj/ros2_ws/src/2023CAPSTONE_AutoCar_in_Ros2-main/AutoCarROS2/install/autocar_msgs/include/autocar_msgs/msg/detail/vision_steer__rosidl_typesupport_introspection_cpp.hpp
-- Up-to-date: /home/dj/ros2_ws/src/2023CAPSTONE_AutoCar_in_Ros2-main/AutoCarROS2/install/autocar_msgs/include/autocar_msgs/msg/detail/twist2_d__rosidl_typesupport_introspection_cpp.hpp
-- Up-to-date: /home/dj/ros2_ws/src/2023CAPSTONE_AutoCar_in_Ros2-main/AutoCarROS2/install/autocar_msgs/include/autocar_msgs/msg/detail/link_array__rosidl_typesupport_introspection_cpp.hpp
-- Up-to-date: /home/dj/ros2_ws/src/2023CAPSTONE_AutoCar_in_Ros2-main/AutoCarROS2/install/autocar_msgs/include/autocar_msgs/msg/detail/twist2_d__type_support.cpp
-- Up-to-date: /home/dj/ros2_ws/src/2023CAPSTONE_AutoCar_in_Ros2-main/AutoCarROS2/install/autocar_msgs/include/autocar_msgs/msg/detail/path_array__rosidl_typesupport_introspection_cpp.hpp
-- Up-to-date: /home/dj/ros2_ws/src/2023CAPSTONE_AutoCar_in_Ros2-main/AutoCarROS2/install/autocar_msgs/include/autocar_msgs/msg/detail/state2_d__rosidl_typesupport_introspection_cpp.hpp
-- Up-to-date: /home/dj/ros2_ws/src/2023CAPSTONE_AutoCar_in_Ros2-main/AutoCarROS2/install/autocar_msgs/include/autocar_msgs/msg/detail/object__rosidl_typesupport_introspection_cpp.hpp
-- Up-to-date: /home/dj/ros2_ws/src/2023CAPSTONE_AutoCar_in_Ros2-main/AutoCarROS2/install/autocar_msgs/include/autocar_msgs/msg/detail/object_array__type_support.cpp
-- Up-to-date: /home/dj/ros2_ws/src/2023CAPSTONE_AutoCar_in_Ros2-main/AutoCarROS2/install/autocar_msgs/include/autocar_msgs/msg/detail/path_array__type_support.cpp
-- Up-to-date: /home/dj/ros2_ws/src/2023CAPSTONE_AutoCar_in_Ros2-main/AutoCarROS2/install/autocar_msgs/include/autocar_msgs/msg/detail/object_array__rosidl_typesupport_introspection_cpp.hpp
-- Up-to-date: /home/dj/ros2_ws/src/2023CAPSTONE_AutoCar_in_Ros2-main/AutoCarROS2/install/autocar_msgs/include/autocar_msgs/msg/detail/control__rosidl_typesupport_introspection_cpp.hpp
-- Up-to-date: /home/dj/ros2_ws/src/2023CAPSTONE_AutoCar_in_Ros2-main/AutoCarROS2/install/autocar_msgs/include/autocar_msgs/msg/detail/obstacle__rosidl_typesupport_introspection_cpp.hpp
-- Up-to-date: /home/dj/ros2_ws/src/2023CAPSTONE_AutoCar_in_Ros2-main/AutoCarROS2/install/autocar_msgs/include/autocar_msgs/msg/detail/control__type_support.cpp
-- Up-to-date: /home/dj/ros2_ws/src/2023CAPSTONE_AutoCar_in_Ros2-main/AutoCarROS2/install/autocar_msgs/include/autocar_msgs/msg/detail/vision_steer__type_support.cpp
-- Up-to-date: /home/dj/ros2_ws/src/2023CAPSTONE_AutoCar_in_Ros2-main/AutoCarROS2/install/autocar_msgs/include/autocar_msgs/msg/detail/state2_d__type_support.cpp
-- Up-to-date: /home/dj/ros2_ws/src/2023CAPSTONE_AutoCar_in_Ros2-main/AutoCarROS2/install/autocar_msgs/include/autocar_msgs/msg/detail/path2_d__rosidl_typesupport_introspection_cpp.hpp
-- Up-to-date: /home/dj/ros2_ws/src/2023CAPSTONE_AutoCar_in_Ros2-main/AutoCarROS2/install/autocar_msgs/include/autocar_msgs/msg/detail/object__type_support.cpp
-- Up-to-date: /home/dj/ros2_ws/src/2023CAPSTONE_AutoCar_in_Ros2-main/AutoCarROS2/install/autocar_msgs/include/autocar_msgs/msg/detail/link_array__type_support.cpp
-- Up-to-date: /home/dj/ros2_ws/src/2023CAPSTONE_AutoCar_in_Ros2-main/AutoCarROS2/install/autocar_msgs/include/autocar_msgs/msg/detail/polygon_array__type_support.cpp
-- Up-to-date: /home/dj/ros2_ws/src/2023CAPSTONE_AutoCar_in_Ros2-main/AutoCarROS2/install/autocar_msgs/include/autocar_msgs/msg/detail/path2_d__type_support.cpp
-- Up-to-date: /home/dj/ros2_ws/src/2023CAPSTONE_AutoCar_in_Ros2-main/AutoCarROS2/install/autocar_msgs/include/autocar_msgs/msg/detail/obstacle__type_support.cpp
-- Up-to-date: /home/dj/ros2_ws/src/2023CAPSTONE_AutoCar_in_Ros2-main/AutoCarROS2/install/autocar_msgs/include/autocar_msgs/msg/detail/polygon__rosidl_typesupport_introspection_cpp.hpp
-- Up-to-date: /home/dj/ros2_ws/src/2023CAPSTONE_AutoCar_in_Ros2-main/AutoCarROS2/install/autocar_msgs/lib/libautocar_msgs__rosidl_typesupport_introspection_cpp.so
-- Up-to-date: /home/dj/ros2_ws/src/2023CAPSTONE_AutoCar_in_Ros2-main/AutoCarROS2/install/autocar_msgs/lib/libautocar_msgs__rosidl_typesupport_cpp.so
-- Up-to-date: /home/dj/ros2_ws/src/2023CAPSTONE_AutoCar_in_Ros2-main/AutoCarROS2/install/autocar_msgs/share/autocar_msgs/environment/pythonpath.sh
-- Up-to-date: /home/dj/ros2_ws/src/2023CAPSTONE_AutoCar_in_Ros2-main/AutoCarROS2/install/autocar_msgs/share/autocar_msgs/environment/pythonpath.dsv
-- Up-to-date: /home/dj/ros2_ws/src/2023CAPSTONE_AutoCar_in_Ros2-main/AutoCarROS2/install/autocar_msgs/lib/python3.8/site-packages/autocar_msgs/__init__.py
-- Up-to-date: /home/dj/ros2_ws/src/2023CAPSTONE_AutoCar_in_Ros2-main/AutoCarROS2/install/autocar_msgs/lib/python3.8/site-packages/autocar_msgs/msg
-- Up-to-date: /home/dj/ros2_ws/src/2023CAPSTONE_AutoCar_in_Ros2-main/AutoCarROS2/install/autocar_msgs/lib/python3.8/site-packages/autocar_msgs/msg/_path_array_s.c
-- Up-to-date: /home/dj/ros2_ws/src/2023CAPSTONE_AutoCar_in_Ros2-main/AutoCarROS2/install/autocar_msgs/lib/python3.8/site-packages/autocar_msgs/msg/_object_s.c
-- Up-to-date: /home/dj/ros2_ws/src/2023CAPSTONE_AutoCar_in_Ros2-main/AutoCarROS2/install/autocar_msgs/lib/python3.8/site-packages/autocar_msgs/msg/_twist2_d_s.c
-- Up-to-date: /home/dj/ros2_ws/src/2023CAPSTONE_AutoCar_in_Ros2-main/AutoCarROS2/install/autocar_msgs/lib/python3.8/site-packages/autocar_msgs/msg/_obstacle.py
-- Up-to-date: /home/dj/ros2_ws/src/2023CAPSTONE_AutoCar_in_Ros2-main/AutoCarROS2/install/autocar_msgs/lib/python3.8/site-packages/autocar_msgs/msg/_object_array_s.c
-- Up-to-date: /home/dj/ros2_ws/src/2023CAPSTONE_AutoCar_in_Ros2-main/AutoCarROS2/install/autocar_msgs/lib/python3.8/site-packages/autocar_msgs/msg/_polygon_array.py
-- Up-to-date: /home/dj/ros2_ws/src/2023CAPSTONE_AutoCar_in_Ros2-main/AutoCarROS2/install/autocar_msgs/lib/python3.8/site-packages/autocar_msgs/msg/_path2_d.py
-- Up-to-date: /home/dj/ros2_ws/src/2023CAPSTONE_AutoCar_in_Ros2-main/AutoCarROS2/install/autocar_msgs/lib/python3.8/site-packages/autocar_msgs/msg/_vision_steer_s.c
-- Up-to-date: /home/dj/ros2_ws/src/2023CAPSTONE_AutoCar_in_Ros2-main/AutoCarROS2/install/autocar_msgs/lib/python3.8/site-packages/autocar_msgs/msg/_path2_d_s.c
-- Up-to-date: /home/dj/ros2_ws/src/2023CAPSTONE_AutoCar_in_Ros2-main/AutoCarROS2/install/autocar_msgs/lib/python3.8/site-packages/autocar_msgs/msg/_polygon_array_s.c
-- Up-to-date: /home/dj/ros2_ws/src/2023CAPSTONE_AutoCar_in_Ros2-main/AutoCarROS2/install/autocar_msgs/lib/python3.8/site-packages/autocar_msgs/msg/_link_array_s.c
-- Up-to-date: /home/dj/ros2_ws/src/2023CAPSTONE_AutoCar_in_Ros2-main/AutoCarROS2/install/autocar_msgs/lib/python3.8/site-packages/autocar_msgs/msg/_state2_d_s.c
-- Up-to-date: /home/dj/ros2_ws/src/2023CAPSTONE_AutoCar_in_Ros2-main/AutoCarROS2/install/autocar_msgs/lib/python3.8/site-packages/autocar_msgs/msg/__init__.py
-- Up-to-date: /home/dj/ros2_ws/src/2023CAPSTONE_AutoCar_in_Ros2-main/AutoCarROS2/install/autocar_msgs/lib/python3.8/site-packages/autocar_msgs/msg/_state2_d.py
-- Up-to-date: /home/dj/ros2_ws/src/2023CAPSTONE_AutoCar_in_Ros2-main/AutoCarROS2/install/autocar_msgs/lib/python3.8/site-packages/autocar_msgs/msg/_polygon.py
-- Up-to-date: /home/dj/ros2_ws/src/2023CAPSTONE_AutoCar_in_Ros2-main/AutoCarROS2/install/autocar_msgs/lib/python3.8/site-packages/autocar_msgs/msg/_control.py
-- Up-to-date: /home/dj/ros2_ws/src/2023CAPSTONE_AutoCar_in_Ros2-main/AutoCarROS2/install/autocar_msgs/lib/python3.8/site-packages/autocar_msgs/msg/_vision_steer.py
-- Up-to-date: /home/dj/ros2_ws/src/2023CAPSTONE_AutoCar_in_Ros2-main/AutoCarROS2/install/autocar_msgs/lib/python3.8/site-packages/autocar_msgs/msg/_object_array.py
-- Up-to-date: /home/dj/ros2_ws/src/2023CAPSTONE_AutoCar_in_Ros2-main/AutoCarROS2/install/autocar_msgs/lib/python3.8/site-packages/autocar_msgs/msg/_obstacle_s.c
-- Up-to-date: /home/dj/ros2_ws/src/2023CAPSTONE_AutoCar_in_Ros2-main/AutoCarROS2/install/autocar_msgs/lib/python3.8/site-packages/autocar_msgs/msg/_polygon_s.c
-- Up-to-date: /home/dj/ros2_ws/src/2023CAPSTONE_AutoCar_in_Ros2-main/AutoCarROS2/install/autocar_msgs/lib/python3.8/site-packages/autocar_msgs/msg/_twist2_d.py
-- Up-to-date: /home/dj/ros2_ws/src/2023CAPSTONE_AutoCar_in_Ros2-main/AutoCarROS2/install/autocar_msgs/lib/python3.8/site-packages/autocar_msgs/msg/_link_array.py
-- Up-to-date: /home/dj/ros2_ws/src/2023CAPSTONE_AutoCar_in_Ros2-main/AutoCarROS2/install/autocar_msgs/lib/python3.8/site-packages/autocar_msgs/msg/_object.py
-- Up-to-date: /home/dj/ros2_ws/src/2023CAPSTONE_AutoCar_in_Ros2-main/AutoCarROS2/install/autocar_msgs/lib/python3.8/site-packages/autocar_msgs/msg/_control_s.c
-- Up-to-date: /home/dj/ros2_ws/src/2023CAPSTONE_AutoCar_in_Ros2-main/AutoCarROS2/install/autocar_msgs/lib/python3.8/site-packages/autocar_msgs/msg/_path_array.py
-- Up-to-date: /home/dj/ros2_ws/src/2023CAPSTONE_AutoCar_in_Ros2-main/AutoCarROS2/install/autocar_msgs/lib/python3.8/site-packages/autocar_msgs/autocar_msgs_s__rosidl_typesupport_fastrtps_c.cpython-38-x86_64-linux-gnu.so
-- Up-to-date: /home/dj/ros2_ws/src/2023CAPSTONE_AutoCar_in_Ros2-main/AutoCarROS2/install/autocar_msgs/lib/python3.8/site-packages/autocar_msgs/autocar_msgs_s__rosidl_typesupport_introspection_c.cpython-38-x86_64-linux-gnu.so
-- Up-to-date: /home/dj/ros2_ws/src/2023CAPSTONE_AutoCar_in_Ros2-main/AutoCarROS2/install/autocar_msgs/lib/python3.8/site-packages/autocar_msgs/autocar_msgs_s__rosidl_typesupport_c.cpython-38-x86_64-linux-gnu.so
-- Up-to-date: /home/dj/ros2_ws/src/2023CAPSTONE_AutoCar_in_Ros2-main/AutoCarROS2/install/autocar_msgs/lib/libautocar_msgs__python.so
-- Up-to-date: /home/dj/ros2_ws/src/2023CAPSTONE_AutoCar_in_Ros2-main/AutoCarROS2/install/autocar_msgs/share/autocar_msgs/msg/Path2D.idl
-- Up-to-date: /home/dj/ros2_ws/src/2023CAPSTONE_AutoCar_in_Ros2-main/AutoCarROS2/install/autocar_msgs/share/autocar_msgs/msg/State2D.idl
-- Up-to-date: /home/dj/ros2_ws/src/2023CAPSTONE_AutoCar_in_Ros2-main/AutoCarROS2/install/autocar_msgs/share/autocar_msgs/msg/Twist2D.idl
-- Up-to-date: /home/dj/ros2_ws/src/2023CAPSTONE_AutoCar_in_Ros2-main/AutoCarROS2/install/autocar_msgs/share/autocar_msgs/msg/Object.idl
-- Up-to-date: /home/dj/ros2_ws/src/2023CAPSTONE_AutoCar_in_Ros2-main/AutoCarROS2/install/autocar_msgs/share/autocar_msgs/msg/ObjectArray.idl
-- Up-to-date: /home/dj/ros2_ws/src/2023CAPSTONE_AutoCar_in_Ros2-main/AutoCarROS2/install/autocar_msgs/share/autocar_msgs/msg/Obstacle.idl
-- Up-to-date: /home/dj/ros2_ws/src/2023CAPSTONE_AutoCar_in_Ros2-main/AutoCarROS2/install/autocar_msgs/share/autocar_msgs/msg/Control.idl
-- Up-to-date: /home/dj/ros2_ws/src/2023CAPSTONE_AutoCar_in_Ros2-main/AutoCarROS2/install/autocar_msgs/share/autocar_msgs/msg/Polygon.idl
-- Up-to-date: /home/dj/ros2_ws/src/2023CAPSTONE_AutoCar_in_Ros2-main/AutoCarROS2/install/autocar_msgs/share/autocar_msgs/msg/PolygonArray.idl
-- Up-to-date: /home/dj/ros2_ws/src/2023CAPSTONE_AutoCar_in_Ros2-main/AutoCarROS2/install/autocar_msgs/share/autocar_msgs/msg/PathArray.idl
-- Up-to-date: /home/dj/ros2_ws/src/2023CAPSTONE_AutoCar_in_Ros2-main/AutoCarROS2/install/autocar_msgs/share/autocar_msgs/msg/LinkArray.idl
-- Up-to-date: /home/dj/ros2_ws/src/2023CAPSTONE_AutoCar_in_Ros2-main/AutoCarROS2/install/autocar_msgs/share/autocar_msgs/msg/VisionSteer.idl
-- Up-to-date: /home/dj/ros2_ws/src/2023CAPSTONE_AutoCar_in_Ros2-main/AutoCarROS2/install/autocar_msgs/share/autocar_msgs/msg/Path2D.msg
-- Up-to-date: /home/dj/ros2_ws/src/2023CAPSTONE_AutoCar_in_Ros2-main/AutoCarROS2/install/autocar_msgs/share/autocar_msgs/msg/State2D.msg
-- Up-to-date: /home/dj/ros2_ws/src/2023CAPSTONE_AutoCar_in_Ros2-main/AutoCarROS2/install/autocar_msgs/share/autocar_msgs/msg/Twist2D.msg
-- Up-to-date: /home/dj/ros2_ws/src/2023CAPSTONE_AutoCar_in_Ros2-main/AutoCarROS2/install/autocar_msgs/share/autocar_msgs/msg/Object.msg
-- Up-to-date: /home/dj/ros2_ws/src/2023CAPSTONE_AutoCar_in_Ros2-main/AutoCarROS2/install/autocar_msgs/share/autocar_msgs/msg/ObjectArray.msg
-- Up-to-date: /home/dj/ros2_ws/src/2023CAPSTONE_AutoCar_in_Ros2-main/AutoCarROS2/install/autocar_msgs/share/autocar_msgs/msg/Obstacle.msg
-- Up-to-date: /home/dj/ros2_ws/src/2023CAPSTONE_AutoCar_in_Ros2-main/AutoCarROS2/install/autocar_msgs/share/autocar_msgs/msg/Control.msg
-- Up-to-date: /home/dj/ros2_ws/src/2023CAPSTONE_AutoCar_in_Ros2-main/AutoCarROS2/install/autocar_msgs/share/autocar_msgs/msg/Polygon.msg
-- Up-to-date: /home/dj/ros2_ws/src/2023CAPSTONE_AutoCar_in_Ros2-main/AutoCarROS2/install/autocar_msgs/share/autocar_msgs/msg/PolygonArray.msg
-- Up-to-date: /home/dj/ros2_ws/src/2023CAPSTONE_AutoCar_in_Ros2-main/AutoCarROS2/install/autocar_msgs/share/autocar_msgs/msg/PathArray.msg
-- Up-to-date: /home/dj/ros2_ws/src/2023CAPSTONE_AutoCar_in_Ros2-main/AutoCarROS2/install/autocar_msgs/share/autocar_msgs/msg/LinkArray.msg
-- Up-to-date: /home/dj/ros2_ws/src/2023CAPSTONE_AutoCar_in_Ros2-main/AutoCarROS2/install/autocar_msgs/share/autocar_msgs/msg/VisionSteer.msg
-- Up-to-date: /home/dj/ros2_ws/src/2023CAPSTONE_AutoCar_in_Ros2-main/AutoCarROS2/install/autocar_msgs/share/ament_index/resource_index/package_run_dependencies/autocar_msgs
-- Up-to-date: /home/dj/ros2_ws/src/2023CAPSTONE_AutoCar_in_Ros2-main/AutoCarROS2/install/autocar_msgs/share/ament_index/resource_index/parent_prefix_path/autocar_msgs
-- Up-to-date: /home/dj/ros2_ws/src/2023CAPSTONE_AutoCar_in_Ros2-main/AutoCarROS2/install/autocar_msgs/share/autocar_msgs/environment/ament_prefix_path.sh
-- Up-to-date: /home/dj/ros2_ws/src/2023CAPSTONE_AutoCar_in_Ros2-main/AutoCarROS2/install/autocar_msgs/share/autocar_msgs/environment/ament_prefix_path.dsv
-- Up-to-date: /home/dj/ros2_ws/src/2023CAPSTONE_AutoCar_in_Ros2-main/AutoCarROS2/install/autocar_msgs/share/autocar_msgs/environment/path.sh
-- Up-to-date: /home/dj/ros2_ws/src/2023CAPSTONE_AutoCar_in_Ros2-main/AutoCarROS2/install/autocar_msgs/share/autocar_msgs/environment/path.dsv
-- Up-to-date: /home/dj/ros2_ws/src/2023CAPSTONE_AutoCar_in_Ros2-main/AutoCarROS2/install/autocar_msgs/share/autocar_msgs/local_setup.bash
-- Up-to-date: /home/dj/ros2_ws/src/2023CAPSTONE_AutoCar_in_Ros2-main/AutoCarROS2/install/autocar_msgs/share/autocar_msgs/local_setup.sh
-- Up-to-date: /home/dj/ros2_ws/src/2023CAPSTONE_AutoCar_in_Ros2-main/AutoCarROS2/install/autocar_msgs/share/autocar_msgs/local_setup.zsh
-- Up-to-date: /home/dj/ros2_ws/src/2023CAPSTONE_AutoCar_in_Ros2-main/AutoCarROS2/install/autocar_msgs/share/autocar_msgs/local_setup.dsv
-- Installing: /home/dj/ros2_ws/src/2023CAPSTONE_AutoCar_in_Ros2-main/AutoCarROS2/install/autocar_msgs/share/autocar_msgs/package.dsv
-- Up-to-date: /home/dj/ros2_ws/src/2023CAPSTONE_AutoCar_in_Ros2-main/AutoCarROS2/install/autocar_msgs/share/ament_index/resource_index/packages/autocar_msgs
-- Up-to-date: /home/dj/ros2_ws/src/2023CAPSTONE_AutoCar_in_Ros2-main/AutoCarROS2/install/autocar_msgs/share/autocar_msgs/cmake/autocar_msgs__rosidl_generator_cExport.cmake
-- Up-to-date: /home/dj/ros2_ws/src/2023CAPSTONE_AutoCar_in_Ros2-main/AutoCarROS2/install/autocar_msgs/share/autocar_msgs/cmake/autocar_msgs__rosidl_generator_cExport-noconfig.cmake
-- Up-to-date: /home/dj/ros2_ws/src/2023CAPSTONE_AutoCar_in_Ros2-main/AutoCarROS2/install/autocar_msgs/share/autocar_msgs/cmake/autocar_msgs__rosidl_typesupport_introspection_cExport.cmake
-- Up-to-date: /home/dj/ros2_ws/src/2023CAPSTONE_AutoCar_in_Ros2-main/AutoCarROS2/install/autocar_msgs/share/autocar_msgs/cmake/autocar_msgs__rosidl_typesupport_introspection_cExport-noconfig.cmake
-- Up-to-date: /home/dj/ros2_ws/src/2023CAPSTONE_AutoCar_in_Ros2-main/AutoCarROS2/install/autocar_msgs/share/autocar_msgs/cmake/autocar_msgs__rosidl_typesupport_cExport.cmake
-- Up-to-date: /home/dj/ros2_ws/src/2023CAPSTONE_AutoCar_in_Ros2-main/AutoCarROS2/install/autocar_msgs/share/autocar_msgs/cmake/autocar_msgs__rosidl_typesupport_cExport-noconfig.cmake
-- Up-to-date: /home/dj/ros2_ws/src/2023CAPSTONE_AutoCar_in_Ros2-main/AutoCarROS2/install/autocar_msgs/share/autocar_msgs/cmake/autocar_msgs__rosidl_generator_cppExport.cmake
-- Up-to-date: /home/dj/ros2_ws/src/2023CAPSTONE_AutoCar_in_Ros2-main/AutoCarROS2/install/autocar_msgs/share/autocar_msgs/cmake/autocar_msgs__rosidl_typesupport_introspection_cppExport.cmake
-- Up-to-date: /home/dj/ros2_ws/src/2023CAPSTONE_AutoCar_in_Ros2-main/AutoCarROS2/install/autocar_msgs/share/autocar_msgs/cmake/autocar_msgs__rosidl_typesupport_introspection_cppExport-noconfig.cmake
-- Up-to-date: /home/dj/ros2_ws/src/2023CAPSTONE_AutoCar_in_Ros2-main/AutoCarROS2/install/autocar_msgs/share/autocar_msgs/cmake/autocar_msgs__rosidl_typesupport_cppExport.cmake
-- Up-to-date: /home/dj/ros2_ws/src/2023CAPSTONE_AutoCar_in_Ros2-main/AutoCarROS2/install/autocar_msgs/share/autocar_msgs/cmake/autocar_msgs__rosidl_typesupport_cppExport-noconfig.cmake
-- Up-to-date: /home/dj/ros2_ws/src/2023CAPSTONE_AutoCar_in_Ros2-main/AutoCarROS2/install/autocar_msgs/share/autocar_msgs/cmake/rosidl_cmake-extras.cmake
-- Up-to-date: /home/dj/ros2_ws/src/2023CAPSTONE_AutoCar_in_Ros2-main/AutoCarROS2/install/autocar_msgs/share/autocar_msgs/cmake/ament_cmake_export_dependencies-extras.cmake
-- Up-to-date: /home/dj/ros2_ws/src/2023CAPSTONE_AutoCar_in_Ros2-main/AutoCarROS2/install/autocar_msgs/share/autocar_msgs/cmake/ament_cmake_export_libraries-extras.cmake
-- Up-to-date: /home/dj/ros2_ws/src/2023CAPSTONE_AutoCar_in_Ros2-main/AutoCarROS2/install/autocar_msgs/share/autocar_msgs/cmake/ament_cmake_export_targets-extras.cmake
-- Up-to-date: /home/dj/ros2_ws/src/2023CAPSTONE_AutoCar_in_Ros2-main/AutoCarROS2/install/autocar_msgs/share/autocar_msgs/cmake/ament_cmake_export_include_directories-extras.cmake
-- Up-to-date: /home/dj/ros2_ws/src/2023CAPSTONE_AutoCar_in_Ros2-main/AutoCarROS2/install/autocar_msgs/share/autocar_msgs/cmake/rosidl_cmake_export_typesupport_libraries-extras.cmake
-- Up-to-date: /home/dj/ros2_ws/src/2023CAPSTONE_AutoCar_in_Ros2-main/AutoCarROS2/install/autocar_msgs/share/autocar_msgs/cmake/rosidl_cmake_export_typesupport_targets-extras.cmake
-- Up-to-date: /home/dj/ros2_ws/src/2023CAPSTONE_AutoCar_in_Ros2-main/AutoCarROS2/install/autocar_msgs/share/autocar_msgs/cmake/autocar_msgsConfig.cmake
-- Up-to-date: /home/dj/ros2_ws/src/2023CAPSTONE_AutoCar_in_Ros2-main/AutoCarROS2/install/autocar_msgs/share/autocar_msgs/cmake/autocar_msgsConfig-version.cmake
-- Up-to-date: /home/dj/ros2_ws/src/2023CAPSTONE_AutoCar_in_Ros2-main/AutoCarROS2/install/autocar_msgs/share/autocar_msgs/package.xml
