[0.020s] Invoking command in '/home/dj/ros2_ws/src/2023CAPSTONE_AutoCar_in_Ros2-main/AutoCarROS2/build/autocar_msgs': CMAKE_PREFIX_PATH=/opt/ros/foxy /usr/bin/cmake --build /home/dj/ros2_ws/src/2023CAPSTONE_AutoCar_in_Ros2-main/AutoCarROS2/build/autocar_msgs -- -j8 -l8
[0.079s] [  0%] Built target autocar_msgs__cpp
[0.082s] [ 12%] Built target autocar_msgs__rosidl_generator_c
[0.114s] [ 24%] Built target autocar_msgs__rosidl_typesupport_introspection_cpp
[0.117s] [ 36%] Built target autocar_msgs__rosidl_typesupport_cpp
[0.120s] [ 48%] Built target autocar_msgs__rosidl_typesupport_c
[0.122s] [ 60%] Built target autocar_msgs__rosidl_typesupport_introspection_c
[0.123s] [ 71%] Built target autocar_msgs__rosidl_typesupport_fastrtps_cpp
[0.153s] [ 83%] Built target autocar_msgs__rosidl_typesupport_fastrtps_c
[0.174s] [ 83%] Built target autocar_msgs
[0.194s] [ 84%] Built target autocar_msgs__py
[0.227s] [ 95%] Built target autocar_msgs__python
[0.255s] [ 96%] Built target autocar_msgs__rosidl_typesupport_c__pyext
[0.259s] [ 98%] Built target autocar_msgs__rosidl_typesupport_introspection_c__pyext
[0.260s] [100%] Built target autocar_msgs__rosidl_typesupport_fastrtps_c__pyext
[0.272s] Invoked command in '/home/dj/ros2_ws/src/2023CAPSTONE_AutoCar_in_Ros2-main/AutoCarROS2/build/autocar_msgs' returned '0': CMAKE_PREFIX_PATH=/opt/ros/foxy /usr/bin/cmake --build /home/dj/ros2_ws/src/2023CAPSTONE_AutoCar_in_Ros2-main/AutoCarROS2/build/autocar_msgs -- -j8 -l8
[0.459s] Invoking command in '/home/dj/ros2_ws/src/2023CAPSTONE_AutoCar_in_Ros2-main/AutoCarROS2/build/autocar_msgs': CMAKE_PREFIX_PATH=/opt/ros/foxy /usr/bin/cmake --install /home/dj/ros2_ws/src/2023CAPSTONE_AutoCar_in_Ros2-main/AutoCarROS2/build/autocar_msgs
[0.467s] -- Install configuration: ""
[0.467s] -- Up-to-date: /home/dj/ros2_ws/src/2023CAPSTONE_AutoCar_in_Ros2-main/AutoCarROS2/install/autocar_msgs/share/ament_index/resource_index/rosidl_interfaces/autocar_msgs
[0.468s] -- Up-to-date: /home/dj/ros2_ws/src/2023CAPSTONE_AutoCar_in_Ros2-main/AutoCarROS2/install/autocar_msgs/include/autocar_msgs
[0.468s] -- Up-to-date: /home/dj/ros2_ws/src/2023CAPSTONE_AutoCar_in_Ros2-main/AutoCarROS2/install/autocar_msgs/include/autocar_msgs/msg
[0.469s] -- Up-to-date: /home/dj/ros2_ws/src/2023CAPSTONE_AutoCar_in_Ros2-main/AutoCarROS2/install/autocar_msgs/include/autocar_msgs/msg/polygon.h
[0.469s] -- Up-to-date: /home/dj/ros2_ws/src/2023CAPSTONE_AutoCar_in_Ros2-main/AutoCarROS2/install/autocar_msgs/include/autocar_msgs/msg/detail
[0.469s] -- Up-to-date: /home/dj/ros2_ws/src/2023CAPSTONE_AutoCar_in_Ros2-main/AutoCarROS2/install/autocar_msgs/include/autocar_msgs/msg/detail/object_array__struct.h
[0.469s] -- Up-to-date: /home/dj/ros2_ws/src/2023CAPSTONE_AutoCar_in_Ros2-main/AutoCarROS2/install/autocar_msgs/include/autocar_msgs/msg/detail/obstacle__type_support.h
[0.470s] -- Up-to-date: /home/dj/ros2_ws/src/2023CAPSTONE_AutoCar_in_Ros2-main/AutoCarROS2/install/autocar_msgs/include/autocar_msgs/msg/detail/path_array__struct.h
[0.470s] -- Up-to-date: /home/dj/ros2_ws/src/2023CAPSTONE_AutoCar_in_Ros2-main/AutoCarROS2/install/autocar_msgs/include/autocar_msgs/msg/detail/state2_d__type_support.h
[0.470s] -- Up-to-date: /home/dj/ros2_ws/src/2023CAPSTONE_AutoCar_in_Ros2-main/AutoCarROS2/install/autocar_msgs/include/autocar_msgs/msg/detail/path2_d__struct.h
[0.470s] -- Up-to-date: /home/dj/ros2_ws/src/2023CAPSTONE_AutoCar_in_Ros2-main/AutoCarROS2/install/autocar_msgs/include/autocar_msgs/msg/detail/path_array__functions.c
[0.470s] -- Up-to-date: /home/dj/ros2_ws/src/2023CAPSTONE_AutoCar_in_Ros2-main/AutoCarROS2/install/autocar_msgs/include/autocar_msgs/msg/detail/control__type_support.h
[0.470s] -- Up-to-date: /home/dj/ros2_ws/src/2023CAPSTONE_AutoCar_in_Ros2-main/AutoCarROS2/install/autocar_msgs/include/autocar_msgs/msg/detail/path_array__type_support.h
[0.470s] -- Up-to-date: /home/dj/ros2_ws/src/2023CAPSTONE_AutoCar_in_Ros2-main/AutoCarROS2/install/autocar_msgs/include/autocar_msgs/msg/detail/polygon_array__struct.h
[0.471s] -- Up-to-date: /home/dj/ros2_ws/src/2023CAPSTONE_AutoCar_in_Ros2-main/AutoCarROS2/install/autocar_msgs/include/autocar_msgs/msg/detail/control__struct.h
[0.471s] -- Up-to-date: /home/dj/ros2_ws/src/2023CAPSTONE_AutoCar_in_Ros2-main/AutoCarROS2/install/autocar_msgs/include/autocar_msgs/msg/detail/twist2_d__functions.c
[0.471s] -- Up-to-date: /home/dj/ros2_ws/src/2023CAPSTONE_AutoCar_in_Ros2-main/AutoCarROS2/install/autocar_msgs/include/autocar_msgs/msg/detail/polygon_array__functions.h
[0.471s] -- Up-to-date: /home/dj/ros2_ws/src/2023CAPSTONE_AutoCar_in_Ros2-main/AutoCarROS2/install/autocar_msgs/include/autocar_msgs/msg/detail/obstacle__functions.h
[0.471s] -- Up-to-date: /home/dj/ros2_ws/src/2023CAPSTONE_AutoCar_in_Ros2-main/AutoCarROS2/install/autocar_msgs/include/autocar_msgs/msg/detail/path2_d__type_support.h
[0.471s] -- Up-to-date: /home/dj/ros2_ws/src/2023CAPSTONE_AutoCar_in_Ros2-main/AutoCarROS2/install/autocar_msgs/include/autocar_msgs/msg/detail/path_array__functions.h
[0.472s] -- Up-to-date: /home/dj/ros2_ws/src/2023CAPSTONE_AutoCar_in_Ros2-main/AutoCarROS2/install/autocar_msgs/include/autocar_msgs/msg/detail/object__functions.c
[0.472s] -- Up-to-date: /home/dj/ros2_ws/src/2023CAPSTONE_AutoCar_in_Ros2-main/AutoCarROS2/install/autocar_msgs/include/autocar_msgs/msg/detail/object__struct.h
[0.472s] -- Up-to-date: /home/dj/ros2_ws/src/2023CAPSTONE_AutoCar_in_Ros2-main/AutoCarROS2/install/autocar_msgs/include/autocar_msgs/msg/detail/obstacle__struct.h
[0.472s] -- Up-to-date: /home/dj/ros2_ws/src/2023CAPSTONE_AutoCar_in_Ros2-main/AutoCarROS2/install/autocar_msgs/include/autocar_msgs/msg/detail/link_array__functions.h
[0.472s] -- Up-to-date: /home/dj/ros2_ws/src/2023CAPSTONE_AutoCar_in_Ros2-main/AutoCarROS2/install/autocar_msgs/include/autocar_msgs/msg/detail/object__functions.h
[0.473s] -- Up-to-date: /home/dj/ros2_ws/src/2023CAPSTONE_AutoCar_in_Ros2-main/AutoCarROS2/install/autocar_msgs/include/autocar_msgs/msg/detail/obstacle__functions.c
[0.473s] -- Up-to-date: /home/dj/ros2_ws/src/2023CAPSTONE_AutoCar_in_Ros2-main/AutoCarROS2/install/autocar_msgs/include/autocar_msgs/msg/detail/twist2_d__type_support.h
[0.473s] -- Up-to-date: /home/dj/ros2_ws/src/2023CAPSTONE_AutoCar_in_Ros2-main/AutoCarROS2/install/autocar_msgs/include/autocar_msgs/msg/detail/state2_d__functions.h
[0.473s] -- Up-to-date: /home/dj/ros2_ws/src/2023CAPSTONE_AutoCar_in_Ros2-main/AutoCarROS2/install/autocar_msgs/include/autocar_msgs/msg/detail/polygon_array__type_support.h
[0.473s] -- Up-to-date: /home/dj/ros2_ws/src/2023CAPSTONE_AutoCar_in_Ros2-main/AutoCarROS2/install/autocar_msgs/include/autocar_msgs/msg/detail/link_array__struct.h
[0.473s] -- Up-to-date: /home/dj/ros2_ws/src/2023CAPSTONE_AutoCar_in_Ros2-main/AutoCarROS2/install/autocar_msgs/include/autocar_msgs/msg/detail/control__functions.c
[0.474s] -- Up-to-date: /home/dj/ros2_ws/src/2023CAPSTONE_AutoCar_in_Ros2-main/AutoCarROS2/install/autocar_msgs/include/autocar_msgs/msg/detail/object_array__functions.c
[0.474s] -- Up-to-date: /home/dj/ros2_ws/src/2023CAPSTONE_AutoCar_in_Ros2-main/AutoCarROS2/install/autocar_msgs/include/autocar_msgs/msg/detail/object_array__functions.h
[0.474s] -- Up-to-date: /home/dj/ros2_ws/src/2023CAPSTONE_AutoCar_in_Ros2-main/AutoCarROS2/install/autocar_msgs/include/autocar_msgs/msg/detail/polygon__struct.h
[0.474s] -- Up-to-date: /home/dj/ros2_ws/src/2023CAPSTONE_AutoCar_in_Ros2-main/AutoCarROS2/install/autocar_msgs/include/autocar_msgs/msg/detail/link_array__functions.c
[0.474s] -- Up-to-date: /home/dj/ros2_ws/src/2023CAPSTONE_AutoCar_in_Ros2-main/AutoCarROS2/install/autocar_msgs/include/autocar_msgs/msg/detail/path2_d__functions.h
[0.475s] -- Up-to-date: /home/dj/ros2_ws/src/2023CAPSTONE_AutoCar_in_Ros2-main/AutoCarROS2/install/autocar_msgs/include/autocar_msgs/msg/detail/vision_steer__functions.c
[0.475s] -- Up-to-date: /home/dj/ros2_ws/src/2023CAPSTONE_AutoCar_in_Ros2-main/AutoCarROS2/install/autocar_msgs/include/autocar_msgs/msg/detail/object__type_support.h
[0.475s] -- Up-to-date: /home/dj/ros2_ws/src/2023CAPSTONE_AutoCar_in_Ros2-main/AutoCarROS2/install/autocar_msgs/include/autocar_msgs/msg/detail/twist2_d__functions.h
[0.475s] -- Up-to-date: /home/dj/ros2_ws/src/2023CAPSTONE_AutoCar_in_Ros2-main/AutoCarROS2/install/autocar_msgs/include/autocar_msgs/msg/detail/link_array__type_support.h
[0.475s] -- Up-to-date: /home/dj/ros2_ws/src/2023CAPSTONE_AutoCar_in_Ros2-main/AutoCarROS2/install/autocar_msgs/include/autocar_msgs/msg/detail/vision_steer__functions.h
[0.475s] -- Up-to-date: /home/dj/ros2_ws/src/2023CAPSTONE_AutoCar_in_Ros2-main/AutoCarROS2/install/autocar_msgs/include/autocar_msgs/msg/detail/path2_d__functions.c
[0.475s] -- Up-to-date: /home/dj/ros2_ws/src/2023CAPSTONE_AutoCar_in_Ros2-main/AutoCarROS2/install/autocar_msgs/include/autocar_msgs/msg/detail/vision_steer__struct.h
[0.475s] -- Up-to-date: /home/dj/ros2_ws/src/2023CAPSTONE_AutoCar_in_Ros2-main/AutoCarROS2/install/autocar_msgs/include/autocar_msgs/msg/detail/twist2_d__struct.h
[0.476s] -- Up-to-date: /home/dj/ros2_ws/src/2023CAPSTONE_AutoCar_in_Ros2-main/AutoCarROS2/install/autocar_msgs/include/autocar_msgs/msg/detail/polygon__functions.h
[0.476s] -- Up-to-date: /home/dj/ros2_ws/src/2023CAPSTONE_AutoCar_in_Ros2-main/AutoCarROS2/install/autocar_msgs/include/autocar_msgs/msg/detail/state2_d__functions.c
[0.476s] -- Up-to-date: /home/dj/ros2_ws/src/2023CAPSTONE_AutoCar_in_Ros2-main/AutoCarROS2/install/autocar_msgs/include/autocar_msgs/msg/detail/state2_d__struct.h
[0.477s] -- Up-to-date: /home/dj/ros2_ws/src/2023CAPSTONE_AutoCar_in_Ros2-main/AutoCarROS2/install/autocar_msgs/include/autocar_msgs/msg/detail/polygon__type_support.h
[0.477s] -- Up-to-date: /home/dj/ros2_ws/src/2023CAPSTONE_AutoCar_in_Ros2-main/AutoCarROS2/install/autocar_msgs/include/autocar_msgs/msg/detail/polygon_array__functions.c
[0.477s] -- Up-to-date: /home/dj/ros2_ws/src/2023CAPSTONE_AutoCar_in_Ros2-main/AutoCarROS2/install/autocar_msgs/include/autocar_msgs/msg/detail/vision_steer__type_support.h
[0.477s] -- Up-to-date: /home/dj/ros2_ws/src/2023CAPSTONE_AutoCar_in_Ros2-main/AutoCarROS2/install/autocar_msgs/include/autocar_msgs/msg/detail/polygon__functions.c
[0.478s] -- Up-to-date: /home/dj/ros2_ws/src/2023CAPSTONE_AutoCar_in_Ros2-main/AutoCarROS2/install/autocar_msgs/include/autocar_msgs/msg/detail/object_array__type_support.h
[0.478s] -- Up-to-date: /home/dj/ros2_ws/src/2023CAPSTONE_AutoCar_in_Ros2-main/AutoCarROS2/install/autocar_msgs/include/autocar_msgs/msg/detail/control__functions.h
[0.478s] -- Up-to-date: /home/dj/ros2_ws/src/2023CAPSTONE_AutoCar_in_Ros2-main/AutoCarROS2/install/autocar_msgs/include/autocar_msgs/msg/twist2_d.h
[0.478s] -- Up-to-date: /home/dj/ros2_ws/src/2023CAPSTONE_AutoCar_in_Ros2-main/AutoCarROS2/install/autocar_msgs/include/autocar_msgs/msg/state2_d.h
[0.478s] -- Up-to-date: /home/dj/ros2_ws/src/2023CAPSTONE_AutoCar_in_Ros2-main/AutoCarROS2/install/autocar_msgs/include/autocar_msgs/msg/object.h
[0.478s] -- Up-to-date: /home/dj/ros2_ws/src/2023CAPSTONE_AutoCar_in_Ros2-main/AutoCarROS2/install/autocar_msgs/include/autocar_msgs/msg/rosidl_generator_c__visibility_control.h
[0.479s] -- Up-to-date: /home/dj/ros2_ws/src/2023CAPSTONE_AutoCar_in_Ros2-main/AutoCarROS2/install/autocar_msgs/include/autocar_msgs/msg/control.h
[0.479s] -- Up-to-date: /home/dj/ros2_ws/src/2023CAPSTONE_AutoCar_in_Ros2-main/AutoCarROS2/install/autocar_msgs/include/autocar_msgs/msg/obstacle.h
[0.479s] -- Up-to-date: /home/dj/ros2_ws/src/2023CAPSTONE_AutoCar_in_Ros2-main/AutoCarROS2/install/autocar_msgs/include/autocar_msgs/msg/path_array.h
[0.479s] -- Up-to-date: /home/dj/ros2_ws/src/2023CAPSTONE_AutoCar_in_Ros2-main/AutoCarROS2/install/autocar_msgs/include/autocar_msgs/msg/link_array.h
[0.479s] -- Up-to-date: /home/dj/ros2_ws/src/2023CAPSTONE_AutoCar_in_Ros2-main/AutoCarROS2/install/autocar_msgs/include/autocar_msgs/msg/vision_steer.h
[0.479s] -- Up-to-date: /home/dj/ros2_ws/src/2023CAPSTONE_AutoCar_in_Ros2-main/AutoCarROS2/install/autocar_msgs/include/autocar_msgs/msg/polygon_array.h
[0.479s] -- Up-to-date: /home/dj/ros2_ws/src/2023CAPSTONE_AutoCar_in_Ros2-main/AutoCarROS2/install/autocar_msgs/include/autocar_msgs/msg/object_array.h
[0.479s] -- Up-to-date: /home/dj/ros2_ws/src/2023CAPSTONE_AutoCar_in_Ros2-main/AutoCarROS2/install/autocar_msgs/include/autocar_msgs/msg/path2_d.h
[0.480s] -- Up-to-date: /home/dj/ros2_ws/src/2023CAPSTONE_AutoCar_in_Ros2-main/AutoCarROS2/install/autocar_msgs/share/autocar_msgs/environment/library_path.sh
[0.480s] -- Up-to-date: /home/dj/ros2_ws/src/2023CAPSTONE_AutoCar_in_Ros2-main/AutoCarROS2/install/autocar_msgs/share/autocar_msgs/environment/library_path.dsv
[0.480s] -- Up-to-date: /home/dj/ros2_ws/src/2023CAPSTONE_AutoCar_in_Ros2-main/AutoCarROS2/install/autocar_msgs/lib/libautocar_msgs__rosidl_generator_c.so
[0.480s] -- Up-to-date: /home/dj/ros2_ws/src/2023CAPSTONE_AutoCar_in_Ros2-main/AutoCarROS2/install/autocar_msgs/include/autocar_msgs
[0.480s] -- Up-to-date: /home/dj/ros2_ws/src/2023CAPSTONE_AutoCar_in_Ros2-main/AutoCarROS2/install/autocar_msgs/include/autocar_msgs/msg
[0.480s] -- Up-to-date: /home/dj/ros2_ws/src/2023CAPSTONE_AutoCar_in_Ros2-main/AutoCarROS2/install/autocar_msgs/include/autocar_msgs/msg/detail
[0.480s] -- Up-to-date: /home/dj/ros2_ws/src/2023CAPSTONE_AutoCar_in_Ros2-main/AutoCarROS2/install/autocar_msgs/include/autocar_msgs/msg/detail/path_array__rosidl_typesupport_fastrtps_c.h
[0.480s] -- Up-to-date: /home/dj/ros2_ws/src/2023CAPSTONE_AutoCar_in_Ros2-main/AutoCarROS2/install/autocar_msgs/include/autocar_msgs/msg/detail/vision_steer__rosidl_typesupport_fastrtps_c.h
[0.480s] -- Up-to-date: /home/dj/ros2_ws/src/2023CAPSTONE_AutoCar_in_Ros2-main/AutoCarROS2/install/autocar_msgs/include/autocar_msgs/msg/detail/polygon_array__rosidl_typesupport_fastrtps_c.h
[0.481s] -- Up-to-date: /home/dj/ros2_ws/src/2023CAPSTONE_AutoCar_in_Ros2-main/AutoCarROS2/install/autocar_msgs/include/autocar_msgs/msg/detail/object__rosidl_typesupport_fastrtps_c.h
[0.481s] -- Up-to-date: /home/dj/ros2_ws/src/2023CAPSTONE_AutoCar_in_Ros2-main/AutoCarROS2/install/autocar_msgs/include/autocar_msgs/msg/detail/path2_d__rosidl_typesupport_fastrtps_c.h
[0.481s] -- Up-to-date: /home/dj/ros2_ws/src/2023CAPSTONE_AutoCar_in_Ros2-main/AutoCarROS2/install/autocar_msgs/include/autocar_msgs/msg/detail/obstacle__rosidl_typesupport_fastrtps_c.h
[0.481s] -- Up-to-date: /home/dj/ros2_ws/src/2023CAPSTONE_AutoCar_in_Ros2-main/AutoCarROS2/install/autocar_msgs/include/autocar_msgs/msg/detail/control__rosidl_typesupport_fastrtps_c.h
[0.481s] -- Up-to-date: /home/dj/ros2_ws/src/2023CAPSTONE_AutoCar_in_Ros2-main/AutoCarROS2/install/autocar_msgs/include/autocar_msgs/msg/detail/polygon__rosidl_typesupport_fastrtps_c.h
[0.481s] -- Up-to-date: /home/dj/ros2_ws/src/2023CAPSTONE_AutoCar_in_Ros2-main/AutoCarROS2/install/autocar_msgs/include/autocar_msgs/msg/detail/link_array__rosidl_typesupport_fastrtps_c.h
[0.481s] -- Up-to-date: /home/dj/ros2_ws/src/2023CAPSTONE_AutoCar_in_Ros2-main/AutoCarROS2/install/autocar_msgs/include/autocar_msgs/msg/detail/state2_d__rosidl_typesupport_fastrtps_c.h
[0.481s] -- Up-to-date: /home/dj/ros2_ws/src/2023CAPSTONE_AutoCar_in_Ros2-main/AutoCarROS2/install/autocar_msgs/include/autocar_msgs/msg/detail/twist2_d__rosidl_typesupport_fastrtps_c.h
[0.481s] -- Up-to-date: /home/dj/ros2_ws/src/2023CAPSTONE_AutoCar_in_Ros2-main/AutoCarROS2/install/autocar_msgs/include/autocar_msgs/msg/detail/object_array__rosidl_typesupport_fastrtps_c.h
[0.482s] -- Up-to-date: /home/dj/ros2_ws/src/2023CAPSTONE_AutoCar_in_Ros2-main/AutoCarROS2/install/autocar_msgs/include/autocar_msgs/msg/rosidl_typesupport_fastrtps_c__visibility_control.h
[0.482s] -- Up-to-date: /home/dj/ros2_ws/src/2023CAPSTONE_AutoCar_in_Ros2-main/AutoCarROS2/install/autocar_msgs/lib/libautocar_msgs__rosidl_typesupport_fastrtps_c.so
[0.482s] -- Up-to-date: /home/dj/ros2_ws/src/2023CAPSTONE_AutoCar_in_Ros2-main/AutoCarROS2/install/autocar_msgs/include/autocar_msgs
[0.482s] -- Up-to-date: /home/dj/ros2_ws/src/2023CAPSTONE_AutoCar_in_Ros2-main/AutoCarROS2/install/autocar_msgs/include/autocar_msgs/msg
[0.482s] -- Up-to-date: /home/dj/ros2_ws/src/2023CAPSTONE_AutoCar_in_Ros2-main/AutoCarROS2/install/autocar_msgs/include/autocar_msgs/msg/detail
[0.482s] -- Up-to-date: /home/dj/ros2_ws/src/2023CAPSTONE_AutoCar_in_Ros2-main/AutoCarROS2/install/autocar_msgs/include/autocar_msgs/msg/detail/link_array__rosidl_typesupport_fastrtps_cpp.hpp
[0.482s] -- Up-to-date: /home/dj/ros2_ws/src/2023CAPSTONE_AutoCar_in_Ros2-main/AutoCarROS2/install/autocar_msgs/include/autocar_msgs/msg/detail/state2_d__rosidl_typesupport_fastrtps_cpp.hpp
[0.482s] -- Up-to-date: /home/dj/ros2_ws/src/2023CAPSTONE_AutoCar_in_Ros2-main/AutoCarROS2/install/autocar_msgs/include/autocar_msgs/msg/detail/twist2_d__rosidl_typesupport_fastrtps_cpp.hpp
[0.483s] -- Up-to-date: /home/dj/ros2_ws/src/2023CAPSTONE_AutoCar_in_Ros2-main/AutoCarROS2/install/autocar_msgs/include/autocar_msgs/msg/detail/dds_fastrtps
[0.483s] -- Up-to-date: /home/dj/ros2_ws/src/2023CAPSTONE_AutoCar_in_Ros2-main/AutoCarROS2/install/autocar_msgs/include/autocar_msgs/msg/detail/object__rosidl_typesupport_fastrtps_cpp.hpp
[0.483s] -- Up-to-date: /home/dj/ros2_ws/src/2023CAPSTONE_AutoCar_in_Ros2-main/AutoCarROS2/install/autocar_msgs/include/autocar_msgs/msg/detail/polygon_array__rosidl_typesupport_fastrtps_cpp.hpp
[0.483s] -- Up-to-date: /home/dj/ros2_ws/src/2023CAPSTONE_AutoCar_in_Ros2-main/AutoCarROS2/install/autocar_msgs/include/autocar_msgs/msg/detail/vision_steer__rosidl_typesupport_fastrtps_cpp.hpp
[0.483s] -- Up-to-date: /home/dj/ros2_ws/src/2023CAPSTONE_AutoCar_in_Ros2-main/AutoCarROS2/install/autocar_msgs/include/autocar_msgs/msg/detail/path_array__rosidl_typesupport_fastrtps_cpp.hpp
[0.483s] -- Up-to-date: /home/dj/ros2_ws/src/2023CAPSTONE_AutoCar_in_Ros2-main/AutoCarROS2/install/autocar_msgs/include/autocar_msgs/msg/detail/object_array__rosidl_typesupport_fastrtps_cpp.hpp
[0.483s] -- Up-to-date: /home/dj/ros2_ws/src/2023CAPSTONE_AutoCar_in_Ros2-main/AutoCarROS2/install/autocar_msgs/include/autocar_msgs/msg/detail/obstacle__rosidl_typesupport_fastrtps_cpp.hpp
[0.483s] -- Up-to-date: /home/dj/ros2_ws/src/2023CAPSTONE_AutoCar_in_Ros2-main/AutoCarROS2/install/autocar_msgs/include/autocar_msgs/msg/detail/control__rosidl_typesupport_fastrtps_cpp.hpp
[0.483s] -- Up-to-date: /home/dj/ros2_ws/src/2023CAPSTONE_AutoCar_in_Ros2-main/AutoCarROS2/install/autocar_msgs/include/autocar_msgs/msg/detail/path2_d__rosidl_typesupport_fastrtps_cpp.hpp
[0.484s] -- Up-to-date: /home/dj/ros2_ws/src/2023CAPSTONE_AutoCar_in_Ros2-main/AutoCarROS2/install/autocar_msgs/include/autocar_msgs/msg/detail/polygon__rosidl_typesupport_fastrtps_cpp.hpp
[0.484s] -- Up-to-date: /home/dj/ros2_ws/src/2023CAPSTONE_AutoCar_in_Ros2-main/AutoCarROS2/install/autocar_msgs/include/autocar_msgs/msg/rosidl_typesupport_fastrtps_cpp__visibility_control.h
[0.484s] -- Up-to-date: /home/dj/ros2_ws/src/2023CAPSTONE_AutoCar_in_Ros2-main/AutoCarROS2/install/autocar_msgs/lib/libautocar_msgs__rosidl_typesupport_fastrtps_cpp.so
[0.484s] -- Up-to-date: /home/dj/ros2_ws/src/2023CAPSTONE_AutoCar_in_Ros2-main/AutoCarROS2/install/autocar_msgs/include/autocar_msgs
[0.484s] -- Up-to-date: /home/dj/ros2_ws/src/2023CAPSTONE_AutoCar_in_Ros2-main/AutoCarROS2/install/autocar_msgs/include/autocar_msgs/msg
[0.484s] -- Up-to-date: /home/dj/ros2_ws/src/2023CAPSTONE_AutoCar_in_Ros2-main/AutoCarROS2/install/autocar_msgs/include/autocar_msgs/msg/detail
[0.484s] -- Up-to-date: /home/dj/ros2_ws/src/2023CAPSTONE_AutoCar_in_Ros2-main/AutoCarROS2/install/autocar_msgs/include/autocar_msgs/msg/detail/object__rosidl_typesupport_introspection_c.h
[0.484s] -- Up-to-date: /home/dj/ros2_ws/src/2023CAPSTONE_AutoCar_in_Ros2-main/AutoCarROS2/install/autocar_msgs/include/autocar_msgs/msg/detail/path_array__type_support.c
[0.484s] -- Up-to-date: /home/dj/ros2_ws/src/2023CAPSTONE_AutoCar_in_Ros2-main/AutoCarROS2/install/autocar_msgs/include/autocar_msgs/msg/detail/control__type_support.c
[0.485s] -- Up-to-date: /home/dj/ros2_ws/src/2023CAPSTONE_AutoCar_in_Ros2-main/AutoCarROS2/install/autocar_msgs/include/autocar_msgs/msg/detail/state2_d__type_support.c
[0.485s] -- Up-to-date: /home/dj/ros2_ws/src/2023CAPSTONE_AutoCar_in_Ros2-main/AutoCarROS2/install/autocar_msgs/include/autocar_msgs/msg/detail/obstacle__rosidl_typesupport_introspection_c.h
[0.485s] -- Up-to-date: /home/dj/ros2_ws/src/2023CAPSTONE_AutoCar_in_Ros2-main/AutoCarROS2/install/autocar_msgs/include/autocar_msgs/msg/detail/polygon__type_support.c
[0.485s] -- Up-to-date: /home/dj/ros2_ws/src/2023CAPSTONE_AutoCar_in_Ros2-main/AutoCarROS2/install/autocar_msgs/include/autocar_msgs/msg/detail/vision_steer__type_support.c
[0.485s] -- Up-to-date: /home/dj/ros2_ws/src/2023CAPSTONE_AutoCar_in_Ros2-main/AutoCarROS2/install/autocar_msgs/include/autocar_msgs/msg/detail/object_array__type_support.c
[0.485s] -- Up-to-date: /home/dj/ros2_ws/src/2023CAPSTONE_AutoCar_in_Ros2-main/AutoCarROS2/install/autocar_msgs/include/autocar_msgs/msg/detail/twist2_d__type_support.c
[0.485s] -- Up-to-date: /home/dj/ros2_ws/src/2023CAPSTONE_AutoCar_in_Ros2-main/AutoCarROS2/install/autocar_msgs/include/autocar_msgs/msg/detail/control__rosidl_typesupport_introspection_c.h
[0.485s] -- Up-to-date: /home/dj/ros2_ws/src/2023CAPSTONE_AutoCar_in_Ros2-main/AutoCarROS2/install/autocar_msgs/include/autocar_msgs/msg/detail/polygon__rosidl_typesupport_introspection_c.h
[0.485s] -- Up-to-date: /home/dj/ros2_ws/src/2023CAPSTONE_AutoCar_in_Ros2-main/AutoCarROS2/install/autocar_msgs/include/autocar_msgs/msg/detail/path2_d__type_support.c
[0.486s] -- Up-to-date: /home/dj/ros2_ws/src/2023CAPSTONE_AutoCar_in_Ros2-main/AutoCarROS2/install/autocar_msgs/include/autocar_msgs/msg/detail/state2_d__rosidl_typesupport_introspection_c.h
[0.486s] -- Up-to-date: /home/dj/ros2_ws/src/2023CAPSTONE_AutoCar_in_Ros2-main/AutoCarROS2/install/autocar_msgs/include/autocar_msgs/msg/detail/link_array__type_support.c
[0.486s] -- Up-to-date: /home/dj/ros2_ws/src/2023CAPSTONE_AutoCar_in_Ros2-main/AutoCarROS2/install/autocar_msgs/include/autocar_msgs/msg/detail/path_array__rosidl_typesupport_introspection_c.h
[0.486s] -- Up-to-date: /home/dj/ros2_ws/src/2023CAPSTONE_AutoCar_in_Ros2-main/AutoCarROS2/install/autocar_msgs/include/autocar_msgs/msg/detail/obstacle__type_support.c
[0.486s] -- Up-to-date: /home/dj/ros2_ws/src/2023CAPSTONE_AutoCar_in_Ros2-main/AutoCarROS2/install/autocar_msgs/include/autocar_msgs/msg/detail/polygon_array__type_support.c
[0.486s] -- Up-to-date: /home/dj/ros2_ws/src/2023CAPSTONE_AutoCar_in_Ros2-main/AutoCarROS2/install/autocar_msgs/include/autocar_msgs/msg/detail/object_array__rosidl_typesupport_introspection_c.h
[0.486s] -- Up-to-date: /home/dj/ros2_ws/src/2023CAPSTONE_AutoCar_in_Ros2-main/AutoCarROS2/install/autocar_msgs/include/autocar_msgs/msg/detail/polygon_array__rosidl_typesupport_introspection_c.h
[0.486s] -- Up-to-date: /home/dj/ros2_ws/src/2023CAPSTONE_AutoCar_in_Ros2-main/AutoCarROS2/install/autocar_msgs/include/autocar_msgs/msg/detail/path2_d__rosidl_typesupport_introspection_c.h
[0.486s] -- Up-to-date: /home/dj/ros2_ws/src/2023CAPSTONE_AutoCar_in_Ros2-main/AutoCarROS2/install/autocar_msgs/include/autocar_msgs/msg/detail/twist2_d__rosidl_typesupport_introspection_c.h
[0.487s] -- Up-to-date: /home/dj/ros2_ws/src/2023CAPSTONE_AutoCar_in_Ros2-main/AutoCarROS2/install/autocar_msgs/include/autocar_msgs/msg/detail/object__type_support.c
[0.487s] -- Up-to-date: /home/dj/ros2_ws/src/2023CAPSTONE_AutoCar_in_Ros2-main/AutoCarROS2/install/autocar_msgs/include/autocar_msgs/msg/detail/vision_steer__rosidl_typesupport_introspection_c.h
[0.487s] -- Up-to-date: /home/dj/ros2_ws/src/2023CAPSTONE_AutoCar_in_Ros2-main/AutoCarROS2/install/autocar_msgs/include/autocar_msgs/msg/detail/link_array__rosidl_typesupport_introspection_c.h
[0.487s] -- Up-to-date: /home/dj/ros2_ws/src/2023CAPSTONE_AutoCar_in_Ros2-main/AutoCarROS2/install/autocar_msgs/include/autocar_msgs/msg/rosidl_typesupport_introspection_c__visibility_control.h
[0.487s] -- Up-to-date: /home/dj/ros2_ws/src/2023CAPSTONE_AutoCar_in_Ros2-main/AutoCarROS2/install/autocar_msgs/lib/libautocar_msgs__rosidl_typesupport_introspection_c.so
[0.487s] -- Up-to-date: /home/dj/ros2_ws/src/2023CAPSTONE_AutoCar_in_Ros2-main/AutoCarROS2/install/autocar_msgs/lib/libautocar_msgs__rosidl_typesupport_c.so
[0.487s] -- Up-to-date: /home/dj/ros2_ws/src/2023CAPSTONE_AutoCar_in_Ros2-main/AutoCarROS2/install/autocar_msgs/include/autocar_msgs
[0.487s] -- Up-to-date: /home/dj/ros2_ws/src/2023CAPSTONE_AutoCar_in_Ros2-main/AutoCarROS2/install/autocar_msgs/include/autocar_msgs/msg
[0.487s] -- Up-to-date: /home/dj/ros2_ws/src/2023CAPSTONE_AutoCar_in_Ros2-main/AutoCarROS2/install/autocar_msgs/include/autocar_msgs/msg/polygon.hpp
[0.488s] -- Up-to-date: /home/dj/ros2_ws/src/2023CAPSTONE_AutoCar_in_Ros2-main/AutoCarROS2/install/autocar_msgs/include/autocar_msgs/msg/control.hpp
[0.488s] -- Up-to-date: /home/dj/ros2_ws/src/2023CAPSTONE_AutoCar_in_Ros2-main/AutoCarROS2/install/autocar_msgs/include/autocar_msgs/msg/detail
[0.488s] -- Up-to-date: /home/dj/ros2_ws/src/2023CAPSTONE_AutoCar_in_Ros2-main/AutoCarROS2/install/autocar_msgs/include/autocar_msgs/msg/detail/state2_d__type_support.hpp
[0.488s] -- Up-to-date: /home/dj/ros2_ws/src/2023CAPSTONE_AutoCar_in_Ros2-main/AutoCarROS2/install/autocar_msgs/include/autocar_msgs/msg/detail/link_array__builder.hpp
[0.488s] -- Up-to-date: /home/dj/ros2_ws/src/2023CAPSTONE_AutoCar_in_Ros2-main/AutoCarROS2/install/autocar_msgs/include/autocar_msgs/msg/detail/control__struct.hpp
[0.488s] -- Up-to-date: /home/dj/ros2_ws/src/2023CAPSTONE_AutoCar_in_Ros2-main/AutoCarROS2/install/autocar_msgs/include/autocar_msgs/msg/detail/state2_d__builder.hpp
[0.488s] -- Up-to-date: /home/dj/ros2_ws/src/2023CAPSTONE_AutoCar_in_Ros2-main/AutoCarROS2/install/autocar_msgs/include/autocar_msgs/msg/detail/link_array__type_support.hpp
[0.488s] -- Up-to-date: /home/dj/ros2_ws/src/2023CAPSTONE_AutoCar_in_Ros2-main/AutoCarROS2/install/autocar_msgs/include/autocar_msgs/msg/detail/obstacle__builder.hpp
[0.488s] -- Up-to-date: /home/dj/ros2_ws/src/2023CAPSTONE_AutoCar_in_Ros2-main/AutoCarROS2/install/autocar_msgs/include/autocar_msgs/msg/detail/object__traits.hpp
[0.489s] -- Up-to-date: /home/dj/ros2_ws/src/2023CAPSTONE_AutoCar_in_Ros2-main/AutoCarROS2/install/autocar_msgs/include/autocar_msgs/msg/detail/control__type_support.hpp
[0.489s] -- Up-to-date: /home/dj/ros2_ws/src/2023CAPSTONE_AutoCar_in_Ros2-main/AutoCarROS2/install/autocar_msgs/include/autocar_msgs/msg/detail/obstacle__struct.hpp
[0.489s] -- Up-to-date: /home/dj/ros2_ws/src/2023CAPSTONE_AutoCar_in_Ros2-main/AutoCarROS2/install/autocar_msgs/include/autocar_msgs/msg/detail/path_array__traits.hpp
[0.489s] -- Up-to-date: /home/dj/ros2_ws/src/2023CAPSTONE_AutoCar_in_Ros2-main/AutoCarROS2/install/autocar_msgs/include/autocar_msgs/msg/detail/object_array__traits.hpp
[0.489s] -- Up-to-date: /home/dj/ros2_ws/src/2023CAPSTONE_AutoCar_in_Ros2-main/AutoCarROS2/install/autocar_msgs/include/autocar_msgs/msg/detail/path_array__type_support.hpp
[0.489s] -- Up-to-date: /home/dj/ros2_ws/src/2023CAPSTONE_AutoCar_in_Ros2-main/AutoCarROS2/install/autocar_msgs/include/autocar_msgs/msg/detail/path_array__builder.hpp
[0.489s] -- Up-to-date: /home/dj/ros2_ws/src/2023CAPSTONE_AutoCar_in_Ros2-main/AutoCarROS2/install/autocar_msgs/include/autocar_msgs/msg/detail/path2_d__traits.hpp
[0.489s] -- Up-to-date: /home/dj/ros2_ws/src/2023CAPSTONE_AutoCar_in_Ros2-main/AutoCarROS2/install/autocar_msgs/include/autocar_msgs/msg/detail/object__struct.hpp
[0.489s] -- Up-to-date: /home/dj/ros2_ws/src/2023CAPSTONE_AutoCar_in_Ros2-main/AutoCarROS2/install/autocar_msgs/include/autocar_msgs/msg/detail/twist2_d__struct.hpp
[0.490s] -- Up-to-date: /home/dj/ros2_ws/src/2023CAPSTONE_AutoCar_in_Ros2-main/AutoCarROS2/install/autocar_msgs/include/autocar_msgs/msg/detail/vision_steer__builder.hpp
[0.490s] -- Up-to-date: /home/dj/ros2_ws/src/2023CAPSTONE_AutoCar_in_Ros2-main/AutoCarROS2/install/autocar_msgs/include/autocar_msgs/msg/detail/twist2_d__traits.hpp
[0.490s] -- Up-to-date: /home/dj/ros2_ws/src/2023CAPSTONE_AutoCar_in_Ros2-main/AutoCarROS2/install/autocar_msgs/include/autocar_msgs/msg/detail/polygon__traits.hpp
[0.490s] -- Up-to-date: /home/dj/ros2_ws/src/2023CAPSTONE_AutoCar_in_Ros2-main/AutoCarROS2/install/autocar_msgs/include/autocar_msgs/msg/detail/twist2_d__type_support.hpp
[0.490s] -- Up-to-date: /home/dj/ros2_ws/src/2023CAPSTONE_AutoCar_in_Ros2-main/AutoCarROS2/install/autocar_msgs/include/autocar_msgs/msg/detail/control__builder.hpp
[0.490s] -- Up-to-date: /home/dj/ros2_ws/src/2023CAPSTONE_AutoCar_in_Ros2-main/AutoCarROS2/install/autocar_msgs/include/autocar_msgs/msg/detail/vision_steer__struct.hpp
[0.490s] -- Up-to-date: /home/dj/ros2_ws/src/2023CAPSTONE_AutoCar_in_Ros2-main/AutoCarROS2/install/autocar_msgs/include/autocar_msgs/msg/detail/twist2_d__builder.hpp
[0.490s] -- Up-to-date: /home/dj/ros2_ws/src/2023CAPSTONE_AutoCar_in_Ros2-main/AutoCarROS2/install/autocar_msgs/include/autocar_msgs/msg/detail/state2_d__struct.hpp
[0.490s] -- Up-to-date: /home/dj/ros2_ws/src/2023CAPSTONE_AutoCar_in_Ros2-main/AutoCarROS2/install/autocar_msgs/include/autocar_msgs/msg/detail/object_array__struct.hpp
[0.490s] -- Up-to-date: /home/dj/ros2_ws/src/2023CAPSTONE_AutoCar_in_Ros2-main/AutoCarROS2/install/autocar_msgs/include/autocar_msgs/msg/detail/polygon_array__traits.hpp
[0.490s] -- Up-to-date: /home/dj/ros2_ws/src/2023CAPSTONE_AutoCar_in_Ros2-main/AutoCarROS2/install/autocar_msgs/include/autocar_msgs/msg/detail/path2_d__struct.hpp
[0.490s] -- Up-to-date: /home/dj/ros2_ws/src/2023CAPSTONE_AutoCar_in_Ros2-main/AutoCarROS2/install/autocar_msgs/include/autocar_msgs/msg/detail/object_array__type_support.hpp
[0.490s] -- Up-to-date: /home/dj/ros2_ws/src/2023CAPSTONE_AutoCar_in_Ros2-main/AutoCarROS2/install/autocar_msgs/include/autocar_msgs/msg/detail/object__type_support.hpp
[0.490s] -- Up-to-date: /home/dj/ros2_ws/src/2023CAPSTONE_AutoCar_in_Ros2-main/AutoCarROS2/install/autocar_msgs/include/autocar_msgs/msg/detail/obstacle__type_support.hpp
[0.490s] -- Up-to-date: /home/dj/ros2_ws/src/2023CAPSTONE_AutoCar_in_Ros2-main/AutoCarROS2/install/autocar_msgs/include/autocar_msgs/msg/detail/polygon__struct.hpp
[0.490s] -- Up-to-date: /home/dj/ros2_ws/src/2023CAPSTONE_AutoCar_in_Ros2-main/AutoCarROS2/install/autocar_msgs/include/autocar_msgs/msg/detail/control__traits.hpp
[0.491s] -- Up-to-date: /home/dj/ros2_ws/src/2023CAPSTONE_AutoCar_in_Ros2-main/AutoCarROS2/install/autocar_msgs/include/autocar_msgs/msg/detail/object__builder.hpp
[0.491s] -- Up-to-date: /home/dj/ros2_ws/src/2023CAPSTONE_AutoCar_in_Ros2-main/AutoCarROS2/install/autocar_msgs/include/autocar_msgs/msg/detail/obstacle__traits.hpp
[0.491s] -- Up-to-date: /home/dj/ros2_ws/src/2023CAPSTONE_AutoCar_in_Ros2-main/AutoCarROS2/install/autocar_msgs/include/autocar_msgs/msg/detail/vision_steer__traits.hpp
[0.491s] -- Up-to-date: /home/dj/ros2_ws/src/2023CAPSTONE_AutoCar_in_Ros2-main/AutoCarROS2/install/autocar_msgs/include/autocar_msgs/msg/detail/path_array__struct.hpp
[0.491s] -- Up-to-date: /home/dj/ros2_ws/src/2023CAPSTONE_AutoCar_in_Ros2-main/AutoCarROS2/install/autocar_msgs/include/autocar_msgs/msg/detail/polygon_array__type_support.hpp
[0.491s] -- Up-to-date: /home/dj/ros2_ws/src/2023CAPSTONE_AutoCar_in_Ros2-main/AutoCarROS2/install/autocar_msgs/include/autocar_msgs/msg/detail/polygon_array__struct.hpp
[0.491s] -- Up-to-date: /home/dj/ros2_ws/src/2023CAPSTONE_AutoCar_in_Ros2-main/AutoCarROS2/install/autocar_msgs/include/autocar_msgs/msg/detail/state2_d__traits.hpp
[0.491s] -- Up-to-date: /home/dj/ros2_ws/src/2023CAPSTONE_AutoCar_in_Ros2-main/AutoCarROS2/install/autocar_msgs/include/autocar_msgs/msg/detail/link_array__struct.hpp
[0.491s] -- Up-to-date: /home/dj/ros2_ws/src/2023CAPSTONE_AutoCar_in_Ros2-main/AutoCarROS2/install/autocar_msgs/include/autocar_msgs/msg/detail/path2_d__type_support.hpp
[0.491s] -- Up-to-date: /home/dj/ros2_ws/src/2023CAPSTONE_AutoCar_in_Ros2-main/AutoCarROS2/install/autocar_msgs/include/autocar_msgs/msg/detail/vision_steer__type_support.hpp
[0.491s] -- Up-to-date: /home/dj/ros2_ws/src/2023CAPSTONE_AutoCar_in_Ros2-main/AutoCarROS2/install/autocar_msgs/include/autocar_msgs/msg/detail/polygon_array__builder.hpp
[0.491s] -- Up-to-date: /home/dj/ros2_ws/src/2023CAPSTONE_AutoCar_in_Ros2-main/AutoCarROS2/install/autocar_msgs/include/autocar_msgs/msg/detail/path2_d__builder.hpp
[0.491s] -- Up-to-date: /home/dj/ros2_ws/src/2023CAPSTONE_AutoCar_in_Ros2-main/AutoCarROS2/install/autocar_msgs/include/autocar_msgs/msg/detail/polygon__type_support.hpp
[0.491s] -- Up-to-date: /home/dj/ros2_ws/src/2023CAPSTONE_AutoCar_in_Ros2-main/AutoCarROS2/install/autocar_msgs/include/autocar_msgs/msg/detail/polygon__builder.hpp
[0.492s] -- Up-to-date: /home/dj/ros2_ws/src/2023CAPSTONE_AutoCar_in_Ros2-main/AutoCarROS2/install/autocar_msgs/include/autocar_msgs/msg/detail/object_array__builder.hpp
[0.492s] -- Up-to-date: /home/dj/ros2_ws/src/2023CAPSTONE_AutoCar_in_Ros2-main/AutoCarROS2/install/autocar_msgs/include/autocar_msgs/msg/detail/link_array__traits.hpp
[0.492s] -- Up-to-date: /home/dj/ros2_ws/src/2023CAPSTONE_AutoCar_in_Ros2-main/AutoCarROS2/install/autocar_msgs/include/autocar_msgs/msg/obstacle.hpp
[0.492s] -- Up-to-date: /home/dj/ros2_ws/src/2023CAPSTONE_AutoCar_in_Ros2-main/AutoCarROS2/install/autocar_msgs/include/autocar_msgs/msg/object_array.hpp
[0.492s] -- Up-to-date: /home/dj/ros2_ws/src/2023CAPSTONE_AutoCar_in_Ros2-main/AutoCarROS2/install/autocar_msgs/include/autocar_msgs/msg/state2_d.hpp
[0.492s] -- Up-to-date: /home/dj/ros2_ws/src/2023CAPSTONE_AutoCar_in_Ros2-main/AutoCarROS2/install/autocar_msgs/include/autocar_msgs/msg/vision_steer.hpp
[0.492s] -- Up-to-date: /home/dj/ros2_ws/src/2023CAPSTONE_AutoCar_in_Ros2-main/AutoCarROS2/install/autocar_msgs/include/autocar_msgs/msg/rosidl_generator_cpp__visibility_control.hpp
[0.492s] -- Up-to-date: /home/dj/ros2_ws/src/2023CAPSTONE_AutoCar_in_Ros2-main/AutoCarROS2/install/autocar_msgs/include/autocar_msgs/msg/path_array.hpp
[0.492s] -- Up-to-date: /home/dj/ros2_ws/src/2023CAPSTONE_AutoCar_in_Ros2-main/AutoCarROS2/install/autocar_msgs/include/autocar_msgs/msg/path2_d.hpp
[0.492s] -- Up-to-date: /home/dj/ros2_ws/src/2023CAPSTONE_AutoCar_in_Ros2-main/AutoCarROS2/install/autocar_msgs/include/autocar_msgs/msg/twist2_d.hpp
[0.492s] -- Up-to-date: /home/dj/ros2_ws/src/2023CAPSTONE_AutoCar_in_Ros2-main/AutoCarROS2/install/autocar_msgs/include/autocar_msgs/msg/link_array.hpp
[0.493s] -- Up-to-date: /home/dj/ros2_ws/src/2023CAPSTONE_AutoCar_in_Ros2-main/AutoCarROS2/install/autocar_msgs/include/autocar_msgs/msg/polygon_array.hpp
[0.493s] -- Up-to-date: /home/dj/ros2_ws/src/2023CAPSTONE_AutoCar_in_Ros2-main/AutoCarROS2/install/autocar_msgs/include/autocar_msgs/msg/object.hpp
[0.493s] -- Up-to-date: /home/dj/ros2_ws/src/2023CAPSTONE_AutoCar_in_Ros2-main/AutoCarROS2/install/autocar_msgs/include/autocar_msgs
[0.493s] -- Up-to-date: /home/dj/ros2_ws/src/2023CAPSTONE_AutoCar_in_Ros2-main/AutoCarROS2/install/autocar_msgs/include/autocar_msgs/msg
[0.493s] -- Up-to-date: /home/dj/ros2_ws/src/2023CAPSTONE_AutoCar_in_Ros2-main/AutoCarROS2/install/autocar_msgs/include/autocar_msgs/msg/detail
[0.493s] -- Up-to-date: /home/dj/ros2_ws/src/2023CAPSTONE_AutoCar_in_Ros2-main/AutoCarROS2/install/autocar_msgs/include/autocar_msgs/msg/detail/polygon_array__rosidl_typesupport_introspection_cpp.hpp
[0.493s] -- Up-to-date: /home/dj/ros2_ws/src/2023CAPSTONE_AutoCar_in_Ros2-main/AutoCarROS2/install/autocar_msgs/include/autocar_msgs/msg/detail/polygon__type_support.cpp
[0.493s] -- Up-to-date: /home/dj/ros2_ws/src/2023CAPSTONE_AutoCar_in_Ros2-main/AutoCarROS2/install/autocar_msgs/include/autocar_msgs/msg/detail/vision_steer__rosidl_typesupport_introspection_cpp.hpp
[0.493s] -- Up-to-date: /home/dj/ros2_ws/src/2023CAPSTONE_AutoCar_in_Ros2-main/AutoCarROS2/install/autocar_msgs/include/autocar_msgs/msg/detail/twist2_d__rosidl_typesupport_introspection_cpp.hpp
[0.493s] -- Up-to-date: /home/dj/ros2_ws/src/2023CAPSTONE_AutoCar_in_Ros2-main/AutoCarROS2/install/autocar_msgs/include/autocar_msgs/msg/detail/link_array__rosidl_typesupport_introspection_cpp.hpp
[0.493s] -- Up-to-date: /home/dj/ros2_ws/src/2023CAPSTONE_AutoCar_in_Ros2-main/AutoCarROS2/install/autocar_msgs/include/autocar_msgs/msg/detail/twist2_d__type_support.cpp
[0.494s] -- Up-to-date: /home/dj/ros2_ws/src/2023CAPSTONE_AutoCar_in_Ros2-main/AutoCarROS2/install/autocar_msgs/include/autocar_msgs/msg/detail/path_array__rosidl_typesupport_introspection_cpp.hpp
[0.494s] -- Up-to-date: /home/dj/ros2_ws/src/2023CAPSTONE_AutoCar_in_Ros2-main/AutoCarROS2/install/autocar_msgs/include/autocar_msgs/msg/detail/state2_d__rosidl_typesupport_introspection_cpp.hpp
[0.494s] -- Up-to-date: /home/dj/ros2_ws/src/2023CAPSTONE_AutoCar_in_Ros2-main/AutoCarROS2/install/autocar_msgs/include/autocar_msgs/msg/detail/object__rosidl_typesupport_introspection_cpp.hpp
[0.494s] -- Up-to-date: /home/dj/ros2_ws/src/2023CAPSTONE_AutoCar_in_Ros2-main/AutoCarROS2/install/autocar_msgs/include/autocar_msgs/msg/detail/object_array__type_support.cpp
[0.494s] -- Up-to-date: /home/dj/ros2_ws/src/2023CAPSTONE_AutoCar_in_Ros2-main/AutoCarROS2/install/autocar_msgs/include/autocar_msgs/msg/detail/path_array__type_support.cpp
[0.494s] -- Up-to-date: /home/dj/ros2_ws/src/2023CAPSTONE_AutoCar_in_Ros2-main/AutoCarROS2/install/autocar_msgs/include/autocar_msgs/msg/detail/object_array__rosidl_typesupport_introspection_cpp.hpp
[0.494s] -- Up-to-date: /home/dj/ros2_ws/src/2023CAPSTONE_AutoCar_in_Ros2-main/AutoCarROS2/install/autocar_msgs/include/autocar_msgs/msg/detail/control__rosidl_typesupport_introspection_cpp.hpp
[0.494s] -- Up-to-date: /home/dj/ros2_ws/src/2023CAPSTONE_AutoCar_in_Ros2-main/AutoCarROS2/install/autocar_msgs/include/autocar_msgs/msg/detail/obstacle__rosidl_typesupport_introspection_cpp.hpp
[0.494s] -- Up-to-date: /home/dj/ros2_ws/src/2023CAPSTONE_AutoCar_in_Ros2-main/AutoCarROS2/install/autocar_msgs/include/autocar_msgs/msg/detail/control__type_support.cpp
[0.494s] -- Up-to-date: /home/dj/ros2_ws/src/2023CAPSTONE_AutoCar_in_Ros2-main/AutoCarROS2/install/autocar_msgs/include/autocar_msgs/msg/detail/vision_steer__type_support.cpp
[0.495s] -- Up-to-date: /home/dj/ros2_ws/src/2023CAPSTONE_AutoCar_in_Ros2-main/AutoCarROS2/install/autocar_msgs/include/autocar_msgs/msg/detail/state2_d__type_support.cpp
[0.495s] -- Up-to-date: /home/dj/ros2_ws/src/2023CAPSTONE_AutoCar_in_Ros2-main/AutoCarROS2/install/autocar_msgs/include/autocar_msgs/msg/detail/path2_d__rosidl_typesupport_introspection_cpp.hpp
[0.495s] -- Up-to-date: /home/dj/ros2_ws/src/2023CAPSTONE_AutoCar_in_Ros2-main/AutoCarROS2/install/autocar_msgs/include/autocar_msgs/msg/detail/object__type_support.cpp
[0.495s] -- Up-to-date: /home/dj/ros2_ws/src/2023CAPSTONE_AutoCar_in_Ros2-main/AutoCarROS2/install/autocar_msgs/include/autocar_msgs/msg/detail/link_array__type_support.cpp
[0.495s] -- Up-to-date: /home/dj/ros2_ws/src/2023CAPSTONE_AutoCar_in_Ros2-main/AutoCarROS2/install/autocar_msgs/include/autocar_msgs/msg/detail/polygon_array__type_support.cpp
[0.495s] -- Up-to-date: /home/dj/ros2_ws/src/2023CAPSTONE_AutoCar_in_Ros2-main/AutoCarROS2/install/autocar_msgs/include/autocar_msgs/msg/detail/path2_d__type_support.cpp
[0.495s] -- Up-to-date: /home/dj/ros2_ws/src/2023CAPSTONE_AutoCar_in_Ros2-main/AutoCarROS2/install/autocar_msgs/include/autocar_msgs/msg/detail/obstacle__type_support.cpp
[0.495s] -- Up-to-date: /home/dj/ros2_ws/src/2023CAPSTONE_AutoCar_in_Ros2-main/AutoCarROS2/install/autocar_msgs/include/autocar_msgs/msg/detail/polygon__rosidl_typesupport_introspection_cpp.hpp
[0.495s] -- Up-to-date: /home/dj/ros2_ws/src/2023CAPSTONE_AutoCar_in_Ros2-main/AutoCarROS2/install/autocar_msgs/lib/libautocar_msgs__rosidl_typesupport_introspection_cpp.so
[0.495s] -- Up-to-date: /home/dj/ros2_ws/src/2023CAPSTONE_AutoCar_in_Ros2-main/AutoCarROS2/install/autocar_msgs/lib/libautocar_msgs__rosidl_typesupport_cpp.so
[0.496s] -- Up-to-date: /home/dj/ros2_ws/src/2023CAPSTONE_AutoCar_in_Ros2-main/AutoCarROS2/install/autocar_msgs/share/autocar_msgs/environment/pythonpath.sh
[0.496s] -- Up-to-date: /home/dj/ros2_ws/src/2023CAPSTONE_AutoCar_in_Ros2-main/AutoCarROS2/install/autocar_msgs/share/autocar_msgs/environment/pythonpath.dsv
[0.496s] -- Up-to-date: /home/dj/ros2_ws/src/2023CAPSTONE_AutoCar_in_Ros2-main/AutoCarROS2/install/autocar_msgs/lib/python3.8/site-packages/autocar_msgs/__init__.py
[0.509s] -- Up-to-date: /home/dj/ros2_ws/src/2023CAPSTONE_AutoCar_in_Ros2-main/AutoCarROS2/install/autocar_msgs/lib/python3.8/site-packages/autocar_msgs/msg
[0.509s] -- Up-to-date: /home/dj/ros2_ws/src/2023CAPSTONE_AutoCar_in_Ros2-main/AutoCarROS2/install/autocar_msgs/lib/python3.8/site-packages/autocar_msgs/msg/_path_array_s.c
[0.509s] -- Up-to-date: /home/dj/ros2_ws/src/2023CAPSTONE_AutoCar_in_Ros2-main/AutoCarROS2/install/autocar_msgs/lib/python3.8/site-packages/autocar_msgs/msg/_object_s.c
[0.509s] -- Up-to-date: /home/dj/ros2_ws/src/2023CAPSTONE_AutoCar_in_Ros2-main/AutoCarROS2/install/autocar_msgs/lib/python3.8/site-packages/autocar_msgs/msg/_twist2_d_s.c
[0.509s] -- Up-to-date: /home/dj/ros2_ws/src/2023CAPSTONE_AutoCar_in_Ros2-main/AutoCarROS2/install/autocar_msgs/lib/python3.8/site-packages/autocar_msgs/msg/_obstacle.py
[0.509s] -- Up-to-date: /home/dj/ros2_ws/src/2023CAPSTONE_AutoCar_in_Ros2-main/AutoCarROS2/install/autocar_msgs/lib/python3.8/site-packages/autocar_msgs/msg/_object_array_s.c
[0.509s] -- Up-to-date: /home/dj/ros2_ws/src/2023CAPSTONE_AutoCar_in_Ros2-main/AutoCarROS2/install/autocar_msgs/lib/python3.8/site-packages/autocar_msgs/msg/_polygon_array.py
[0.509s] -- Up-to-date: /home/dj/ros2_ws/src/2023CAPSTONE_AutoCar_in_Ros2-main/AutoCarROS2/install/autocar_msgs/lib/python3.8/site-packages/autocar_msgs/msg/_path2_d.py
[0.510s] -- Up-to-date: /home/dj/ros2_ws/src/2023CAPSTONE_AutoCar_in_Ros2-main/AutoCarROS2/install/autocar_msgs/lib/python3.8/site-packages/autocar_msgs/msg/_vision_steer_s.c
[0.510s] -- Up-to-date: /home/dj/ros2_ws/src/2023CAPSTONE_AutoCar_in_Ros2-main/AutoCarROS2/install/autocar_msgs/lib/python3.8/site-packages/autocar_msgs/msg/_path2_d_s.c
[0.510s] -- Up-to-date: /home/dj/ros2_ws/src/2023CAPSTONE_AutoCar_in_Ros2-main/AutoCarROS2/install/autocar_msgs/lib/python3.8/site-packages/autocar_msgs/msg/_polygon_array_s.c
[0.510s] -- Up-to-date: /home/dj/ros2_ws/src/2023CAPSTONE_AutoCar_in_Ros2-main/AutoCarROS2/install/autocar_msgs/lib/python3.8/site-packages/autocar_msgs/msg/_link_array_s.c
[0.510s] -- Up-to-date: /home/dj/ros2_ws/src/2023CAPSTONE_AutoCar_in_Ros2-main/AutoCarROS2/install/autocar_msgs/lib/python3.8/site-packages/autocar_msgs/msg/_state2_d_s.c
[0.510s] -- Up-to-date: /home/dj/ros2_ws/src/2023CAPSTONE_AutoCar_in_Ros2-main/AutoCarROS2/install/autocar_msgs/lib/python3.8/site-packages/autocar_msgs/msg/__init__.py
[0.510s] -- Up-to-date: /home/dj/ros2_ws/src/2023CAPSTONE_AutoCar_in_Ros2-main/AutoCarROS2/install/autocar_msgs/lib/python3.8/site-packages/autocar_msgs/msg/_state2_d.py
[0.510s] -- Up-to-date: /home/dj/ros2_ws/src/2023CAPSTONE_AutoCar_in_Ros2-main/AutoCarROS2/install/autocar_msgs/lib/python3.8/site-packages/autocar_msgs/msg/_polygon.py
[0.510s] -- Up-to-date: /home/dj/ros2_ws/src/2023CAPSTONE_AutoCar_in_Ros2-main/AutoCarROS2/install/autocar_msgs/lib/python3.8/site-packages/autocar_msgs/msg/_control.py
[0.511s] -- Up-to-date: /home/dj/ros2_ws/src/2023CAPSTONE_AutoCar_in_Ros2-main/AutoCarROS2/install/autocar_msgs/lib/python3.8/site-packages/autocar_msgs/msg/_vision_steer.py
[0.511s] -- Up-to-date: /home/dj/ros2_ws/src/2023CAPSTONE_AutoCar_in_Ros2-main/AutoCarROS2/install/autocar_msgs/lib/python3.8/site-packages/autocar_msgs/msg/_object_array.py
[0.511s] -- Up-to-date: /home/dj/ros2_ws/src/2023CAPSTONE_AutoCar_in_Ros2-main/AutoCarROS2/install/autocar_msgs/lib/python3.8/site-packages/autocar_msgs/msg/_obstacle_s.c
[0.511s] -- Up-to-date: /home/dj/ros2_ws/src/2023CAPSTONE_AutoCar_in_Ros2-main/AutoCarROS2/install/autocar_msgs/lib/python3.8/site-packages/autocar_msgs/msg/_polygon_s.c
[0.511s] -- Up-to-date: /home/dj/ros2_ws/src/2023CAPSTONE_AutoCar_in_Ros2-main/AutoCarROS2/install/autocar_msgs/lib/python3.8/site-packages/autocar_msgs/msg/_twist2_d.py
[0.511s] -- Up-to-date: /home/dj/ros2_ws/src/2023CAPSTONE_AutoCar_in_Ros2-main/AutoCarROS2/install/autocar_msgs/lib/python3.8/site-packages/autocar_msgs/msg/_link_array.py
[0.511s] -- Up-to-date: /home/dj/ros2_ws/src/2023CAPSTONE_AutoCar_in_Ros2-main/AutoCarROS2/install/autocar_msgs/lib/python3.8/site-packages/autocar_msgs/msg/_object.py
[0.512s] -- Up-to-date: /home/dj/ros2_ws/src/2023CAPSTONE_AutoCar_in_Ros2-main/AutoCarROS2/install/autocar_msgs/lib/python3.8/site-packages/autocar_msgs/msg/_control_s.c
[0.512s] -- Up-to-date: /home/dj/ros2_ws/src/2023CAPSTONE_AutoCar_in_Ros2-main/AutoCarROS2/install/autocar_msgs/lib/python3.8/site-packages/autocar_msgs/msg/_path_array.py
[0.512s] -- Up-to-date: /home/dj/ros2_ws/src/2023CAPSTONE_AutoCar_in_Ros2-main/AutoCarROS2/install/autocar_msgs/lib/python3.8/site-packages/autocar_msgs/autocar_msgs_s__rosidl_typesupport_fastrtps_c.cpython-38-x86_64-linux-gnu.so
[0.512s] -- Up-to-date: /home/dj/ros2_ws/src/2023CAPSTONE_AutoCar_in_Ros2-main/AutoCarROS2/install/autocar_msgs/lib/python3.8/site-packages/autocar_msgs/autocar_msgs_s__rosidl_typesupport_introspection_c.cpython-38-x86_64-linux-gnu.so
[0.512s] -- Up-to-date: /home/dj/ros2_ws/src/2023CAPSTONE_AutoCar_in_Ros2-main/AutoCarROS2/install/autocar_msgs/lib/python3.8/site-packages/autocar_msgs/autocar_msgs_s__rosidl_typesupport_c.cpython-38-x86_64-linux-gnu.so
[0.512s] -- Up-to-date: /home/dj/ros2_ws/src/2023CAPSTONE_AutoCar_in_Ros2-main/AutoCarROS2/install/autocar_msgs/lib/libautocar_msgs__python.so
[0.513s] -- Up-to-date: /home/dj/ros2_ws/src/2023CAPSTONE_AutoCar_in_Ros2-main/AutoCarROS2/install/autocar_msgs/share/autocar_msgs/msg/Path2D.idl
[0.513s] -- Up-to-date: /home/dj/ros2_ws/src/2023CAPSTONE_AutoCar_in_Ros2-main/AutoCarROS2/install/autocar_msgs/share/autocar_msgs/msg/State2D.idl
[0.513s] -- Up-to-date: /home/dj/ros2_ws/src/2023CAPSTONE_AutoCar_in_Ros2-main/AutoCarROS2/install/autocar_msgs/share/autocar_msgs/msg/Twist2D.idl
[0.513s] -- Up-to-date: /home/dj/ros2_ws/src/2023CAPSTONE_AutoCar_in_Ros2-main/AutoCarROS2/install/autocar_msgs/share/autocar_msgs/msg/Object.idl
[0.513s] -- Up-to-date: /home/dj/ros2_ws/src/2023CAPSTONE_AutoCar_in_Ros2-main/AutoCarROS2/install/autocar_msgs/share/autocar_msgs/msg/ObjectArray.idl
[0.513s] -- Up-to-date: /home/dj/ros2_ws/src/2023CAPSTONE_AutoCar_in_Ros2-main/AutoCarROS2/install/autocar_msgs/share/autocar_msgs/msg/Obstacle.idl
[0.513s] -- Up-to-date: /home/dj/ros2_ws/src/2023CAPSTONE_AutoCar_in_Ros2-main/AutoCarROS2/install/autocar_msgs/share/autocar_msgs/msg/Control.idl
[0.514s] -- Up-to-date: /home/dj/ros2_ws/src/2023CAPSTONE_AutoCar_in_Ros2-main/AutoCarROS2/install/autocar_msgs/share/autocar_msgs/msg/Polygon.idl
[0.514s] -- Up-to-date: /home/dj/ros2_ws/src/2023CAPSTONE_AutoCar_in_Ros2-main/AutoCarROS2/install/autocar_msgs/share/autocar_msgs/msg/PolygonArray.idl
[0.514s] -- Up-to-date: /home/dj/ros2_ws/src/2023CAPSTONE_AutoCar_in_Ros2-main/AutoCarROS2/install/autocar_msgs/share/autocar_msgs/msg/PathArray.idl
[0.514s] -- Up-to-date: /home/dj/ros2_ws/src/2023CAPSTONE_AutoCar_in_Ros2-main/AutoCarROS2/install/autocar_msgs/share/autocar_msgs/msg/LinkArray.idl
[0.514s] -- Up-to-date: /home/dj/ros2_ws/src/2023CAPSTONE_AutoCar_in_Ros2-main/AutoCarROS2/install/autocar_msgs/share/autocar_msgs/msg/VisionSteer.idl
[0.514s] -- Up-to-date: /home/dj/ros2_ws/src/2023CAPSTONE_AutoCar_in_Ros2-main/AutoCarROS2/install/autocar_msgs/share/autocar_msgs/msg/Path2D.msg
[0.514s] -- Up-to-date: /home/dj/ros2_ws/src/2023CAPSTONE_AutoCar_in_Ros2-main/AutoCarROS2/install/autocar_msgs/share/autocar_msgs/msg/State2D.msg
[0.515s] -- Up-to-date: /home/dj/ros2_ws/src/2023CAPSTONE_AutoCar_in_Ros2-main/AutoCarROS2/install/autocar_msgs/share/autocar_msgs/msg/Twist2D.msg
[0.515s] -- Up-to-date: /home/dj/ros2_ws/src/2023CAPSTONE_AutoCar_in_Ros2-main/AutoCarROS2/install/autocar_msgs/share/autocar_msgs/msg/Object.msg
[0.515s] -- Up-to-date: /home/dj/ros2_ws/src/2023CAPSTONE_AutoCar_in_Ros2-main/AutoCarROS2/install/autocar_msgs/share/autocar_msgs/msg/ObjectArray.msg
[0.515s] -- Up-to-date: /home/dj/ros2_ws/src/2023CAPSTONE_AutoCar_in_Ros2-main/AutoCarROS2/install/autocar_msgs/share/autocar_msgs/msg/Obstacle.msg
[0.515s] -- Up-to-date: /home/dj/ros2_ws/src/2023CAPSTONE_AutoCar_in_Ros2-main/AutoCarROS2/install/autocar_msgs/share/autocar_msgs/msg/Control.msg
[0.515s] -- Up-to-date: /home/dj/ros2_ws/src/2023CAPSTONE_AutoCar_in_Ros2-main/AutoCarROS2/install/autocar_msgs/share/autocar_msgs/msg/Polygon.msg
[0.515s] -- Up-to-date: /home/dj/ros2_ws/src/2023CAPSTONE_AutoCar_in_Ros2-main/AutoCarROS2/install/autocar_msgs/share/autocar_msgs/msg/PolygonArray.msg
[0.515s] -- Up-to-date: /home/dj/ros2_ws/src/2023CAPSTONE_AutoCar_in_Ros2-main/AutoCarROS2/install/autocar_msgs/share/autocar_msgs/msg/PathArray.msg
[0.516s] -- Up-to-date: /home/dj/ros2_ws/src/2023CAPSTONE_AutoCar_in_Ros2-main/AutoCarROS2/install/autocar_msgs/share/autocar_msgs/msg/LinkArray.msg
[0.516s] -- Up-to-date: /home/dj/ros2_ws/src/2023CAPSTONE_AutoCar_in_Ros2-main/AutoCarROS2/install/autocar_msgs/share/autocar_msgs/msg/VisionSteer.msg
[0.516s] -- Up-to-date: /home/dj/ros2_ws/src/2023CAPSTONE_AutoCar_in_Ros2-main/AutoCarROS2/install/autocar_msgs/share/ament_index/resource_index/package_run_dependencies/autocar_msgs
[0.516s] -- Up-to-date: /home/dj/ros2_ws/src/2023CAPSTONE_AutoCar_in_Ros2-main/AutoCarROS2/install/autocar_msgs/share/ament_index/resource_index/parent_prefix_path/autocar_msgs
[0.516s] -- Up-to-date: /home/dj/ros2_ws/src/2023CAPSTONE_AutoCar_in_Ros2-main/AutoCarROS2/install/autocar_msgs/share/autocar_msgs/environment/ament_prefix_path.sh
[0.516s] -- Up-to-date: /home/dj/ros2_ws/src/2023CAPSTONE_AutoCar_in_Ros2-main/AutoCarROS2/install/autocar_msgs/share/autocar_msgs/environment/ament_prefix_path.dsv
[0.516s] -- Up-to-date: /home/dj/ros2_ws/src/2023CAPSTONE_AutoCar_in_Ros2-main/AutoCarROS2/install/autocar_msgs/share/autocar_msgs/environment/path.sh
[0.516s] -- Up-to-date: /home/dj/ros2_ws/src/2023CAPSTONE_AutoCar_in_Ros2-main/AutoCarROS2/install/autocar_msgs/share/autocar_msgs/environment/path.dsv
[0.516s] -- Up-to-date: /home/dj/ros2_ws/src/2023CAPSTONE_AutoCar_in_Ros2-main/AutoCarROS2/install/autocar_msgs/share/autocar_msgs/local_setup.bash
[0.517s] -- Up-to-date: /home/dj/ros2_ws/src/2023CAPSTONE_AutoCar_in_Ros2-main/AutoCarROS2/install/autocar_msgs/share/autocar_msgs/local_setup.sh
[0.517s] -- Up-to-date: /home/dj/ros2_ws/src/2023CAPSTONE_AutoCar_in_Ros2-main/AutoCarROS2/install/autocar_msgs/share/autocar_msgs/local_setup.zsh
[0.517s] -- Up-to-date: /home/dj/ros2_ws/src/2023CAPSTONE_AutoCar_in_Ros2-main/AutoCarROS2/install/autocar_msgs/share/autocar_msgs/local_setup.dsv
[0.517s] -- Installing: /home/dj/ros2_ws/src/2023CAPSTONE_AutoCar_in_Ros2-main/AutoCarROS2/install/autocar_msgs/share/autocar_msgs/package.dsv
[0.517s] -- Up-to-date: /home/dj/ros2_ws/src/2023CAPSTONE_AutoCar_in_Ros2-main/AutoCarROS2/install/autocar_msgs/share/ament_index/resource_index/packages/autocar_msgs
[0.518s] -- Up-to-date: /home/dj/ros2_ws/src/2023CAPSTONE_AutoCar_in_Ros2-main/AutoCarROS2/install/autocar_msgs/share/autocar_msgs/cmake/autocar_msgs__rosidl_generator_cExport.cmake
[0.518s] -- Up-to-date: /home/dj/ros2_ws/src/2023CAPSTONE_AutoCar_in_Ros2-main/AutoCarROS2/install/autocar_msgs/share/autocar_msgs/cmake/autocar_msgs__rosidl_generator_cExport-noconfig.cmake
[0.518s] -- Up-to-date: /home/dj/ros2_ws/src/2023CAPSTONE_AutoCar_in_Ros2-main/AutoCarROS2/install/autocar_msgs/share/autocar_msgs/cmake/autocar_msgs__rosidl_typesupport_introspection_cExport.cmake
[0.519s] -- Up-to-date: /home/dj/ros2_ws/src/2023CAPSTONE_AutoCar_in_Ros2-main/AutoCarROS2/install/autocar_msgs/share/autocar_msgs/cmake/autocar_msgs__rosidl_typesupport_introspection_cExport-noconfig.cmake
[0.519s] -- Up-to-date: /home/dj/ros2_ws/src/2023CAPSTONE_AutoCar_in_Ros2-main/AutoCarROS2/install/autocar_msgs/share/autocar_msgs/cmake/autocar_msgs__rosidl_typesupport_cExport.cmake
[0.519s] -- Up-to-date: /home/dj/ros2_ws/src/2023CAPSTONE_AutoCar_in_Ros2-main/AutoCarROS2/install/autocar_msgs/share/autocar_msgs/cmake/autocar_msgs__rosidl_typesupport_cExport-noconfig.cmake
[0.519s] -- Up-to-date: /home/dj/ros2_ws/src/2023CAPSTONE_AutoCar_in_Ros2-main/AutoCarROS2/install/autocar_msgs/share/autocar_msgs/cmake/autocar_msgs__rosidl_generator_cppExport.cmake
[0.520s] -- Up-to-date: /home/dj/ros2_ws/src/2023CAPSTONE_AutoCar_in_Ros2-main/AutoCarROS2/install/autocar_msgs/share/autocar_msgs/cmake/autocar_msgs__rosidl_typesupport_introspection_cppExport.cmake
[0.520s] -- Up-to-date: /home/dj/ros2_ws/src/2023CAPSTONE_AutoCar_in_Ros2-main/AutoCarROS2/install/autocar_msgs/share/autocar_msgs/cmake/autocar_msgs__rosidl_typesupport_introspection_cppExport-noconfig.cmake
[0.520s] -- Up-to-date: /home/dj/ros2_ws/src/2023CAPSTONE_AutoCar_in_Ros2-main/AutoCarROS2/install/autocar_msgs/share/autocar_msgs/cmake/autocar_msgs__rosidl_typesupport_cppExport.cmake
[0.520s] -- Up-to-date: /home/dj/ros2_ws/src/2023CAPSTONE_AutoCar_in_Ros2-main/AutoCarROS2/install/autocar_msgs/share/autocar_msgs/cmake/autocar_msgs__rosidl_typesupport_cppExport-noconfig.cmake
[0.521s] -- Up-to-date: /home/dj/ros2_ws/src/2023CAPSTONE_AutoCar_in_Ros2-main/AutoCarROS2/install/autocar_msgs/share/autocar_msgs/cmake/rosidl_cmake-extras.cmake
[0.521s] -- Up-to-date: /home/dj/ros2_ws/src/2023CAPSTONE_AutoCar_in_Ros2-main/AutoCarROS2/install/autocar_msgs/share/autocar_msgs/cmake/ament_cmake_export_dependencies-extras.cmake
[0.521s] -- Up-to-date: /home/dj/ros2_ws/src/2023CAPSTONE_AutoCar_in_Ros2-main/AutoCarROS2/install/autocar_msgs/share/autocar_msgs/cmake/ament_cmake_export_libraries-extras.cmake
[0.521s] -- Up-to-date: /home/dj/ros2_ws/src/2023CAPSTONE_AutoCar_in_Ros2-main/AutoCarROS2/install/autocar_msgs/share/autocar_msgs/cmake/ament_cmake_export_targets-extras.cmake
[0.521s] -- Up-to-date: /home/dj/ros2_ws/src/2023CAPSTONE_AutoCar_in_Ros2-main/AutoCarROS2/install/autocar_msgs/share/autocar_msgs/cmake/ament_cmake_export_include_directories-extras.cmake
[0.522s] -- Up-to-date: /home/dj/ros2_ws/src/2023CAPSTONE_AutoCar_in_Ros2-main/AutoCarROS2/install/autocar_msgs/share/autocar_msgs/cmake/rosidl_cmake_export_typesupport_libraries-extras.cmake
[0.522s] -- Up-to-date: /home/dj/ros2_ws/src/2023CAPSTONE_AutoCar_in_Ros2-main/AutoCarROS2/install/autocar_msgs/share/autocar_msgs/cmake/rosidl_cmake_export_typesupport_targets-extras.cmake
[0.522s] -- Up-to-date: /home/dj/ros2_ws/src/2023CAPSTONE_AutoCar_in_Ros2-main/AutoCarROS2/install/autocar_msgs/share/autocar_msgs/cmake/autocar_msgsConfig.cmake
[0.522s] -- Up-to-date: /home/dj/ros2_ws/src/2023CAPSTONE_AutoCar_in_Ros2-main/AutoCarROS2/install/autocar_msgs/share/autocar_msgs/cmake/autocar_msgsConfig-version.cmake
[0.522s] -- Up-to-date: /home/dj/ros2_ws/src/2023CAPSTONE_AutoCar_in_Ros2-main/AutoCarROS2/install/autocar_msgs/share/autocar_msgs/package.xml
[0.523s] Invoked command in '/home/dj/ros2_ws/src/2023CAPSTONE_AutoCar_in_Ros2-main/AutoCarROS2/build/autocar_msgs' returned '0': CMAKE_PREFIX_PATH=/opt/ros/foxy /usr/bin/cmake --install /home/dj/ros2_ws/src/2023CAPSTONE_AutoCar_in_Ros2-main/AutoCarROS2/build/autocar_msgs
