[0.022s] Invoking command in '/home/dj/ros2_ws/src/2023CAPSTONE_AutoCar_in_Ros2-main/AutoCarROS2/build/autocar_nav': AMENT_PREFIX_PATH=/home/dj/ros2_ws/src/2023CAPSTONE_AutoCar_in_Ros2-main/AutoCarROS2/install/autocar_msgs:${AMENT_PREFIX_PATH} CMAKE_PREFIX_PATH=/home/dj/ros2_ws/src/2023CAPSTONE_AutoCar_in_Ros2-main/AutoCarROS2/install/autocar_msgs:/opt/ros/foxy LD_LIBRARY_PATH=/home/dj/ros2_ws/src/2023CAPSTONE_AutoCar_in_Ros2-main/AutoCarROS2/install/autocar_msgs/lib:${LD_LIBRARY_PATH} PYTHONPATH=/home/dj/ros2_ws/src/2023CAPSTONE_AutoCar_in_Ros2-main/AutoCarROS2/install/autocar_msgs/lib/python3.8/site-packages:${PYTHONPATH} /usr/bin/cmake /home/dj/ros2_ws/src/2023CAPSTONE_AutoCar_in_Ros2-main/AutoCarROS2/autocar_nav -DCMAKE_INSTALL_PREFIX=/home/dj/ros2_ws/src/2023CAPSTONE_AutoCar_in_Ros2-main/AutoCarROS2/install/autocar_nav
[0.086s] -- The C compiler identification is GNU 9.4.0
[0.148s] -- The CXX compiler identification is GNU 9.4.0
[0.152s] -- Check for working C compiler: /usr/bin/cc
[0.220s] -- Check for working C compiler: /usr/bin/cc -- works
[0.221s] -- Detecting C compiler ABI info
[0.284s] -- Detecting C compiler ABI info - done
[0.294s] -- Detecting C compile features
[0.295s] -- Detecting C compile features - done
[0.297s] -- Check for working CXX compiler: /usr/bin/c++
[0.368s] -- Check for working CXX compiler: /usr/bin/c++ -- works
[0.370s] -- Detecting CXX compiler ABI info
[0.441s] -- Detecting CXX compiler ABI info - done
[0.452s] -- Detecting CXX compile features
[0.453s] -- Detecting CXX compile features - done
[0.454s] -- Found ament_cmake: 0.9.12 (/opt/ros/foxy/share/ament_cmake/cmake)
[0.477s] -- Found PythonInterp: /usr/bin/python3 (found suitable version "3.8.10", minimum required is "3") 
[0.477s] -- Using PYTHON_EXECUTABLE: /usr/bin/python3
[0.676s] -- Found rclpy: 1.0.13 (/opt/ros/foxy/share/rclpy/cmake)
[0.677s] -- Found geometry_msgs: 2.0.5 (/opt/ros/foxy/share/geometry_msgs/cmake)
[0.704s] -- Using all available rosidl_typesupport_c: rosidl_typesupport_fastrtps_c;rosidl_typesupport_introspection_c
[0.710s] -- Found rosidl_adapter: 1.3.1 (/opt/ros/foxy/share/rosidl_adapter/cmake)
[0.776s] -- Found OpenSSL: /usr/lib/x86_64-linux-gnu/libcrypto.so (found version "1.1.1f")  
[0.801s] -- Found FastRTPS: /opt/ros/foxy/include  
[0.869s] -- Using all available rosidl_typesupport_cpp: rosidl_typesupport_fastrtps_cpp;rosidl_typesupport_introspection_cpp
[0.948s] -- Found nav_msgs: 2.0.5 (/opt/ros/foxy/share/nav_msgs/cmake)
[1.017s] -- Found tf2: 0.13.14 (/opt/ros/foxy/share/tf2/cmake)
[1.033s] -- Found tf2_ros: 0.13.14 (/opt/ros/foxy/share/tf2_ros/cmake)
[1.096s] -- Found rmw_implementation_cmake: 1.0.4 (/opt/ros/foxy/share/rmw_implementation_cmake/cmake)
[1.098s] -- Using RMW implementation 'rmw_fastrtps_cpp' as default
[1.099s] -- Looking for pthread.h
[1.167s] -- Looking for pthread.h - found
[1.168s] -- Performing Test CMAKE_HAVE_LIBC_PTHREAD
[1.237s] -- Performing Test CMAKE_HAVE_LIBC_PTHREAD - Failed
[1.237s] -- Looking for pthread_create in pthreads
[1.290s] -- Looking for pthread_create in pthreads - not found
[1.290s] -- Looking for pthread_create in pthread
[1.353s] -- Looking for pthread_create in pthread - found
[1.354s] -- Found Threads: TRUE  
[1.815s] -- Found ament_lint_auto: 0.9.8 (/opt/ros/foxy/share/ament_lint_auto/cmake)
[1.878s] -- Added test 'copyright' to check source files copyright and LICENSE
[1.881s] -- Added test 'flake8' to check Python code syntax and style conventions
[1.881s] -- Added test 'lint_cmake' to check CMake code style
[1.882s] -- Added test 'pep257' to check Python code against some of the style conventions in PEP 257
[1.883s] -- Added test 'xmllint' to check XML markup files
[1.887s] -- Configuring done
[1.889s] -- Generating done
[1.890s] -- Build files have been written to: /home/dj/ros2_ws/src/2023CAPSTONE_AutoCar_in_Ros2-main/AutoCarROS2/build/autocar_nav
[1.897s] Invoked command in '/home/dj/ros2_ws/src/2023CAPSTONE_AutoCar_in_Ros2-main/AutoCarROS2/build/autocar_nav' returned '0': AMENT_PREFIX_PATH=/home/dj/ros2_ws/src/2023CAPSTONE_AutoCar_in_Ros2-main/AutoCarROS2/install/autocar_msgs:${AMENT_PREFIX_PATH} CMAKE_PREFIX_PATH=/home/dj/ros2_ws/src/2023CAPSTONE_AutoCar_in_Ros2-main/AutoCarROS2/install/autocar_msgs:/opt/ros/foxy LD_LIBRARY_PATH=/home/dj/ros2_ws/src/2023CAPSTONE_AutoCar_in_Ros2-main/AutoCarROS2/install/autocar_msgs/lib:${LD_LIBRARY_PATH} PYTHONPATH=/home/dj/ros2_ws/src/2023CAPSTONE_AutoCar_in_Ros2-main/AutoCarROS2/install/autocar_msgs/lib/python3.8/site-packages:${PYTHONPATH} /usr/bin/cmake /home/dj/ros2_ws/src/2023CAPSTONE_AutoCar_in_Ros2-main/AutoCarROS2/autocar_nav -DCMAKE_INSTALL_PREFIX=/home/dj/ros2_ws/src/2023CAPSTONE_AutoCar_in_Ros2-main/AutoCarROS2/install/autocar_nav
[1.898s] Invoking command in '/home/dj/ros2_ws/src/2023CAPSTONE_AutoCar_in_Ros2-main/AutoCarROS2/build/autocar_nav': AMENT_PREFIX_PATH=/home/dj/ros2_ws/src/2023CAPSTONE_AutoCar_in_Ros2-main/AutoCarROS2/install/autocar_msgs:${AMENT_PREFIX_PATH} CMAKE_PREFIX_PATH=/home/dj/ros2_ws/src/2023CAPSTONE_AutoCar_in_Ros2-main/AutoCarROS2/install/autocar_msgs:/opt/ros/foxy LD_LIBRARY_PATH=/home/dj/ros2_ws/src/2023CAPSTONE_AutoCar_in_Ros2-main/AutoCarROS2/install/autocar_msgs/lib:${LD_LIBRARY_PATH} PYTHONPATH=/home/dj/ros2_ws/src/2023CAPSTONE_AutoCar_in_Ros2-main/AutoCarROS2/install/autocar_msgs/lib/python3.8/site-packages:${PYTHONPATH} /usr/bin/cmake --build /home/dj/ros2_ws/src/2023CAPSTONE_AutoCar_in_Ros2-main/AutoCarROS2/build/autocar_nav -- -j8 -l8
[1.936s] Invoked command in '/home/dj/ros2_ws/src/2023CAPSTONE_AutoCar_in_Ros2-main/AutoCarROS2/build/autocar_nav' returned '0': AMENT_PREFIX_PATH=/home/dj/ros2_ws/src/2023CAPSTONE_AutoCar_in_Ros2-main/AutoCarROS2/install/autocar_msgs:${AMENT_PREFIX_PATH} CMAKE_PREFIX_PATH=/home/dj/ros2_ws/src/2023CAPSTONE_AutoCar_in_Ros2-main/AutoCarROS2/install/autocar_msgs:/opt/ros/foxy LD_LIBRARY_PATH=/home/dj/ros2_ws/src/2023CAPSTONE_AutoCar_in_Ros2-main/AutoCarROS2/install/autocar_msgs/lib:${LD_LIBRARY_PATH} PYTHONPATH=/home/dj/ros2_ws/src/2023CAPSTONE_AutoCar_in_Ros2-main/AutoCarROS2/install/autocar_msgs/lib/python3.8/site-packages:${PYTHONPATH} /usr/bin/cmake --build /home/dj/ros2_ws/src/2023CAPSTONE_AutoCar_in_Ros2-main/AutoCarROS2/build/autocar_nav -- -j8 -l8
[1.956s] Invoking command in '/home/dj/ros2_ws/src/2023CAPSTONE_AutoCar_in_Ros2-main/AutoCarROS2/build/autocar_nav': AMENT_PREFIX_PATH=/home/dj/ros2_ws/src/2023CAPSTONE_AutoCar_in_Ros2-main/AutoCarROS2/install/autocar_msgs:${AMENT_PREFIX_PATH} CMAKE_PREFIX_PATH=/home/dj/ros2_ws/src/2023CAPSTONE_AutoCar_in_Ros2-main/AutoCarROS2/install/autocar_msgs:/opt/ros/foxy LD_LIBRARY_PATH=/home/dj/ros2_ws/src/2023CAPSTONE_AutoCar_in_Ros2-main/AutoCarROS2/install/autocar_msgs/lib:${LD_LIBRARY_PATH} PYTHONPATH=/home/dj/ros2_ws/src/2023CAPSTONE_AutoCar_in_Ros2-main/AutoCarROS2/install/autocar_msgs/lib/python3.8/site-packages:${PYTHONPATH} /usr/bin/cmake --install /home/dj/ros2_ws/src/2023CAPSTONE_AutoCar_in_Ros2-main/AutoCarROS2/build/autocar_nav
[1.963s] -- Install configuration: ""
[1.963s] -- Installing: /home/dj/ros2_ws/src/2023CAPSTONE_AutoCar_in_Ros2-main/AutoCarROS2/install/autocar_nav/share/autocar_nav/environment/pythonpath.sh
[1.963s] -- Installing: /home/dj/ros2_ws/src/2023CAPSTONE_AutoCar_in_Ros2-main/AutoCarROS2/install/autocar_nav/share/autocar_nav/environment/pythonpath.dsv
[1.963s] -- Installing: /home/dj/ros2_ws/src/2023CAPSTONE_AutoCar_in_Ros2-main/AutoCarROS2/install/autocar_nav/lib/python3.8/site-packages/autocar_nav
[1.963s] -- Installing: /home/dj/ros2_ws/src/2023CAPSTONE_AutoCar_in_Ros2-main/AutoCarROS2/install/autocar_nav/lib/python3.8/site-packages/autocar_nav/quaternion.py
[1.964s] -- Installing: /home/dj/ros2_ws/src/2023CAPSTONE_AutoCar_in_Ros2-main/AutoCarROS2/install/autocar_nav/lib/python3.8/site-packages/autocar_nav/transform_to_matrix.py
[1.964s] -- Installing: /home/dj/ros2_ws/src/2023CAPSTONE_AutoCar_in_Ros2-main/AutoCarROS2/install/autocar_nav/lib/python3.8/site-packages/autocar_nav/__init__.py
[1.964s] -- Installing: /home/dj/ros2_ws/src/2023CAPSTONE_AutoCar_in_Ros2-main/AutoCarROS2/install/autocar_nav/lib/python3.8/site-packages/autocar_nav/calculate_offset.py
[1.964s] -- Installing: /home/dj/ros2_ws/src/2023CAPSTONE_AutoCar_in_Ros2-main/AutoCarROS2/install/autocar_nav/lib/python3.8/site-packages/autocar_nav/normalise_angle.py
[1.964s] -- Installing: /home/dj/ros2_ws/src/2023CAPSTONE_AutoCar_in_Ros2-main/AutoCarROS2/install/autocar_nav/lib/python3.8/site-packages/autocar_nav/calculate_curvature.py
[1.964s] -- Installing: /home/dj/ros2_ws/src/2023CAPSTONE_AutoCar_in_Ros2-main/AutoCarROS2/install/autocar_nav/lib/python3.8/site-packages/autocar_nav/cubic_spline_interpolator.py
[1.965s] -- Installing: /home/dj/ros2_ws/src/2023CAPSTONE_AutoCar_in_Ros2-main/AutoCarROS2/install/autocar_nav/lib/python3.8/site-packages/autocar_nav/separation_axis_theorem.py
[1.965s] -- Installing: /home/dj/ros2_ws/src/2023CAPSTONE_AutoCar_in_Ros2-main/AutoCarROS2/install/autocar_nav/lib/python3.8/site-packages/autocar_nav/delaunay_triangulation.py
[1.965s] -- Installing: /home/dj/ros2_ws/src/2023CAPSTONE_AutoCar_in_Ros2-main/AutoCarROS2/install/autocar_nav/lib/python3.8/site-packages/autocar_nav/hybrid_a_star.py
[1.997s] Listing '/home/dj/ros2_ws/src/2023CAPSTONE_AutoCar_in_Ros2-main/AutoCarROS2/install/autocar_nav/lib/python3.8/site-packages/autocar_nav'...
[1.997s] Compiling '/home/dj/ros2_ws/src/2023CAPSTONE_AutoCar_in_Ros2-main/AutoCarROS2/install/autocar_nav/lib/python3.8/site-packages/autocar_nav/__init__.py'...
[1.997s] Compiling '/home/dj/ros2_ws/src/2023CAPSTONE_AutoCar_in_Ros2-main/AutoCarROS2/install/autocar_nav/lib/python3.8/site-packages/autocar_nav/calculate_curvature.py'...
[1.997s] Compiling '/home/dj/ros2_ws/src/2023CAPSTONE_AutoCar_in_Ros2-main/AutoCarROS2/install/autocar_nav/lib/python3.8/site-packages/autocar_nav/calculate_offset.py'...
[1.997s] Compiling '/home/dj/ros2_ws/src/2023CAPSTONE_AutoCar_in_Ros2-main/AutoCarROS2/install/autocar_nav/lib/python3.8/site-packages/autocar_nav/cubic_spline_interpolator.py'...
[1.997s] Compiling '/home/dj/ros2_ws/src/2023CAPSTONE_AutoCar_in_Ros2-main/AutoCarROS2/install/autocar_nav/lib/python3.8/site-packages/autocar_nav/delaunay_triangulation.py'...
[1.997s] Compiling '/home/dj/ros2_ws/src/2023CAPSTONE_AutoCar_in_Ros2-main/AutoCarROS2/install/autocar_nav/lib/python3.8/site-packages/autocar_nav/hybrid_a_star.py'...
[1.997s] Compiling '/home/dj/ros2_ws/src/2023CAPSTONE_AutoCar_in_Ros2-main/AutoCarROS2/install/autocar_nav/lib/python3.8/site-packages/autocar_nav/normalise_angle.py'...
[1.997s] Compiling '/home/dj/ros2_ws/src/2023CAPSTONE_AutoCar_in_Ros2-main/AutoCarROS2/install/autocar_nav/lib/python3.8/site-packages/autocar_nav/quaternion.py'...
[1.997s] Compiling '/home/dj/ros2_ws/src/2023CAPSTONE_AutoCar_in_Ros2-main/AutoCarROS2/install/autocar_nav/lib/python3.8/site-packages/autocar_nav/separation_axis_theorem.py'...
[1.997s] Compiling '/home/dj/ros2_ws/src/2023CAPSTONE_AutoCar_in_Ros2-main/AutoCarROS2/install/autocar_nav/lib/python3.8/site-packages/autocar_nav/transform_to_matrix.py'...
[2.000s] -- Installing: /home/dj/ros2_ws/src/2023CAPSTONE_AutoCar_in_Ros2-main/AutoCarROS2/install/autocar_nav/share/autocar_nav/autocar_nav
[2.000s] -- Installing: /home/dj/ros2_ws/src/2023CAPSTONE_AutoCar_in_Ros2-main/AutoCarROS2/install/autocar_nav/share/autocar_nav/autocar_nav/quaternion.py
[2.000s] -- Installing: /home/dj/ros2_ws/src/2023CAPSTONE_AutoCar_in_Ros2-main/AutoCarROS2/install/autocar_nav/share/autocar_nav/autocar_nav/transform_to_matrix.py
[2.000s] -- Installing: /home/dj/ros2_ws/src/2023CAPSTONE_AutoCar_in_Ros2-main/AutoCarROS2/install/autocar_nav/share/autocar_nav/autocar_nav/__init__.py
[2.000s] -- Installing: /home/dj/ros2_ws/src/2023CAPSTONE_AutoCar_in_Ros2-main/AutoCarROS2/install/autocar_nav/share/autocar_nav/autocar_nav/calculate_offset.py
[2.000s] -- Installing: /home/dj/ros2_ws/src/2023CAPSTONE_AutoCar_in_Ros2-main/AutoCarROS2/install/autocar_nav/share/autocar_nav/autocar_nav/normalise_angle.py
[2.001s] -- Installing: /home/dj/ros2_ws/src/2023CAPSTONE_AutoCar_in_Ros2-main/AutoCarROS2/install/autocar_nav/share/autocar_nav/autocar_nav/calculate_curvature.py
[2.001s] -- Installing: /home/dj/ros2_ws/src/2023CAPSTONE_AutoCar_in_Ros2-main/AutoCarROS2/install/autocar_nav/share/autocar_nav/autocar_nav/cubic_spline_interpolator.py
[2.001s] -- Installing: /home/dj/ros2_ws/src/2023CAPSTONE_AutoCar_in_Ros2-main/AutoCarROS2/install/autocar_nav/share/autocar_nav/autocar_nav/separation_axis_theorem.py
[2.001s] -- Installing: /home/dj/ros2_ws/src/2023CAPSTONE_AutoCar_in_Ros2-main/AutoCarROS2/install/autocar_nav/share/autocar_nav/autocar_nav/delaunay_triangulation.py
[2.001s] -- Installing: /home/dj/ros2_ws/src/2023CAPSTONE_AutoCar_in_Ros2-main/AutoCarROS2/install/autocar_nav/share/autocar_nav/autocar_nav/hybrid_a_star.py
[2.001s] -- Installing: /home/dj/ros2_ws/src/2023CAPSTONE_AutoCar_in_Ros2-main/AutoCarROS2/install/autocar_nav/share/autocar_nav/config
[2.002s] -- Installing: /home/dj/ros2_ws/src/2023CAPSTONE_AutoCar_in_Ros2-main/AutoCarROS2/install/autocar_nav/share/autocar_nav/config/navigation_params.yaml
[2.002s] -- Installing: /home/dj/ros2_ws/src/2023CAPSTONE_AutoCar_in_Ros2-main/AutoCarROS2/install/autocar_nav/lib/autocar_nav/simulation.py
[2.002s] -- Installing: /home/dj/ros2_ws/src/2023CAPSTONE_AutoCar_in_Ros2-main/AutoCarROS2/install/autocar_nav/lib/autocar_nav/localization.py
[2.002s] -- Installing: /home/dj/ros2_ws/src/2023CAPSTONE_AutoCar_in_Ros2-main/AutoCarROS2/install/autocar_nav/lib/autocar_nav/globalplanner.py
[2.002s] -- Installing: /home/dj/ros2_ws/src/2023CAPSTONE_AutoCar_in_Ros2-main/AutoCarROS2/install/autocar_nav/lib/autocar_nav/guidance_path.py
[2.002s] -- Installing: /home/dj/ros2_ws/src/2023CAPSTONE_AutoCar_in_Ros2-main/AutoCarROS2/install/autocar_nav/lib/autocar_nav/localplanner.py
[2.002s] -- Installing: /home/dj/ros2_ws/src/2023CAPSTONE_AutoCar_in_Ros2-main/AutoCarROS2/install/autocar_nav/lib/autocar_nav/tracker.py
[2.003s] -- Installing: /home/dj/ros2_ws/src/2023CAPSTONE_AutoCar_in_Ros2-main/AutoCarROS2/install/autocar_nav/lib/autocar_nav/core.py
[2.003s] -- Installing: /home/dj/ros2_ws/src/2023CAPSTONE_AutoCar_in_Ros2-main/AutoCarROS2/install/autocar_nav/share/ament_index/resource_index/package_run_dependencies/autocar_nav
[2.003s] -- Installing: /home/dj/ros2_ws/src/2023CAPSTONE_AutoCar_in_Ros2-main/AutoCarROS2/install/autocar_nav/share/ament_index/resource_index/parent_prefix_path/autocar_nav
[2.004s] -- Installing: /home/dj/ros2_ws/src/2023CAPSTONE_AutoCar_in_Ros2-main/AutoCarROS2/install/autocar_nav/share/autocar_nav/environment/ament_prefix_path.sh
[2.004s] -- Installing: /home/dj/ros2_ws/src/2023CAPSTONE_AutoCar_in_Ros2-main/AutoCarROS2/install/autocar_nav/share/autocar_nav/environment/ament_prefix_path.dsv
[2.004s] -- Installing: /home/dj/ros2_ws/src/2023CAPSTONE_AutoCar_in_Ros2-main/AutoCarROS2/install/autocar_nav/share/autocar_nav/environment/path.sh
[2.004s] -- Installing: /home/dj/ros2_ws/src/2023CAPSTONE_AutoCar_in_Ros2-main/AutoCarROS2/install/autocar_nav/share/autocar_nav/environment/path.dsv
[2.005s] -- Installing: /home/dj/ros2_ws/src/2023CAPSTONE_AutoCar_in_Ros2-main/AutoCarROS2/install/autocar_nav/share/autocar_nav/local_setup.bash
[2.005s] -- Installing: /home/dj/ros2_ws/src/2023CAPSTONE_AutoCar_in_Ros2-main/AutoCarROS2/install/autocar_nav/share/autocar_nav/local_setup.sh
[2.005s] -- Installing: /home/dj/ros2_ws/src/2023CAPSTONE_AutoCar_in_Ros2-main/AutoCarROS2/install/autocar_nav/share/autocar_nav/local_setup.zsh
[2.005s] -- Installing: /home/dj/ros2_ws/src/2023CAPSTONE_AutoCar_in_Ros2-main/AutoCarROS2/install/autocar_nav/share/autocar_nav/local_setup.dsv
[2.005s] -- Installing: /home/dj/ros2_ws/src/2023CAPSTONE_AutoCar_in_Ros2-main/AutoCarROS2/install/autocar_nav/share/autocar_nav/package.dsv
[2.005s] -- Installing: /home/dj/ros2_ws/src/2023CAPSTONE_AutoCar_in_Ros2-main/AutoCarROS2/install/autocar_nav/share/ament_index/resource_index/packages/autocar_nav
[2.006s] -- Installing: /home/dj/ros2_ws/src/2023CAPSTONE_AutoCar_in_Ros2-main/AutoCarROS2/install/autocar_nav/share/autocar_nav/cmake/autocar_navConfig.cmake
[2.006s] -- Installing: /home/dj/ros2_ws/src/2023CAPSTONE_AutoCar_in_Ros2-main/AutoCarROS2/install/autocar_nav/share/autocar_nav/cmake/autocar_navConfig-version.cmake
[2.006s] -- Installing: /home/dj/ros2_ws/src/2023CAPSTONE_AutoCar_in_Ros2-main/AutoCarROS2/install/autocar_nav/share/autocar_nav/package.xml
[2.009s] Invoked command in '/home/dj/ros2_ws/src/2023CAPSTONE_AutoCar_in_Ros2-main/AutoCarROS2/build/autocar_nav' returned '0': AMENT_PREFIX_PATH=/home/dj/ros2_ws/src/2023CAPSTONE_AutoCar_in_Ros2-main/AutoCarROS2/install/autocar_msgs:${AMENT_PREFIX_PATH} CMAKE_PREFIX_PATH=/home/dj/ros2_ws/src/2023CAPSTONE_AutoCar_in_Ros2-main/AutoCarROS2/install/autocar_msgs:/opt/ros/foxy LD_LIBRARY_PATH=/home/dj/ros2_ws/src/2023CAPSTONE_AutoCar_in_Ros2-main/AutoCarROS2/install/autocar_msgs/lib:${LD_LIBRARY_PATH} PYTHONPATH=/home/dj/ros2_ws/src/2023CAPSTONE_AutoCar_in_Ros2-main/AutoCarROS2/install/autocar_msgs/lib/python3.8/site-packages:${PYTHONPATH} /usr/bin/cmake --install /home/dj/ros2_ws/src/2023CAPSTONE_AutoCar_in_Ros2-main/AutoCarROS2/build/autocar_nav
