[0.008s] Invoking command in '/home/dj/ros2_ws/src/2023CAPSTONE_AutoCar_in_Ros2-main/AutoCarROS2/build/autocar_msgs': CMAKE_PREFIX_PATH=/opt/ros/foxy /usr/bin/cmake /home/dj/ros2_ws/src/2023CAPSTONE_AutoCar_in_Ros2-main/AutoCarROS2/autocar_msgs -DCMAKE_INSTALL_PREFIX=/home/dj/ros2_ws/src/2023CAPSTONE_AutoCar_in_Ros2-main/AutoCarROS2/install/autocar_msgs
[0.111s] -- The C compiler identification is GNU 9.4.0
[0.242s] -- The CXX compiler identification is GNU 9.4.0
[0.248s] -- Check for working C compiler: /usr/bin/cc
[0.308s] -- Check for working C compiler: /usr/bin/cc -- works
[0.309s] -- Detecting C compiler ABI info
[0.372s] -- Detecting C compiler ABI info - done
[0.383s] -- Detecting C compile features
[0.383s] -- Detecting C compile features - done
[0.386s] -- Check for working CXX compiler: /usr/bin/c++
[0.459s] -- Check for working CXX compiler: /usr/bin/c++ -- works
[0.460s] -- Detecting CXX compiler ABI info
[0.529s] -- Detecting CXX compiler ABI info - done
[0.539s] -- Detecting CXX compile features
[0.540s] -- Detecting CXX compile features - done
[0.542s] -- Found ament_cmake: 0.9.12 (/opt/ros/foxy/share/ament_cmake/cmake)
[0.563s] -- Found PythonInterp: /usr/bin/python3 (found suitable version "3.8.10", minimum required is "3") 
[0.563s] -- Using PYTHON_EXECUTABLE: /usr/bin/python3
[0.736s] -- Found geometry_msgs: 2.0.5 (/opt/ros/foxy/share/geometry_msgs/cmake)
[0.775s] -- Using all available rosidl_typesupport_c: rosidl_typesupport_fastrtps_c;rosidl_typesupport_introspection_c
[0.785s] -- Found rosidl_adapter: 1.3.1 (/opt/ros/foxy/share/rosidl_adapter/cmake)
[0.855s] -- Found OpenSSL: /usr/lib/x86_64-linux-gnu/libcrypto.so (found version "1.1.1f")  
[0.880s] -- Found FastRTPS: /opt/ros/foxy/include  
[0.951s] -- Using all available rosidl_typesupport_cpp: rosidl_typesupport_fastrtps_cpp;rosidl_typesupport_introspection_cpp
[1.035s] -- Found rosidl_default_generators: 1.0.1 (/opt/ros/foxy/share/rosidl_default_generators/cmake)
[1.065s] -- Found PythonInterp: /usr/bin/python3 (found version "3.8.10") 
[1.268s] -- Found ament_cmake_ros: 0.9.2 (/opt/ros/foxy/share/ament_cmake_ros/cmake)
[1.503s] -- Using all available rosidl_typesupport_c: rosidl_typesupport_fastrtps_c;rosidl_typesupport_introspection_c
[1.607s] -- Using all available rosidl_typesupport_cpp: rosidl_typesupport_fastrtps_cpp;rosidl_typesupport_introspection_cpp
[1.629s] -- Found PythonInterp: /usr/bin/python3 (found suitable version "3.8.10", minimum required is "3.5") 
[1.631s] -- Found python_cmake_module: 0.8.1 (/opt/ros/foxy/share/python_cmake_module/cmake)
[1.654s] -- Found PythonLibs: /usr/lib/x86_64-linux-gnu/libpython3.8.so (found suitable version "3.8.10", minimum required is "3.5") 
[1.654s] -- Using PYTHON_EXECUTABLE: /usr/bin/python3
[1.654s] -- Using PYTHON_INCLUDE_DIRS: /usr/include/python3.8
[1.654s] -- Using PYTHON_LIBRARIES: /usr/lib/x86_64-linux-gnu/libpython3.8.so
[1.672s] -- Found PythonExtra: .so  
[1.744s] -- Found ament_lint_auto: 0.9.8 (/opt/ros/foxy/share/ament_lint_auto/cmake)
[1.766s] -- Added test 'copyright' to check source files copyright and LICENSE
[1.769s] -- Added test 'lint_cmake' to check CMake code style
[1.770s] -- Added test 'xmllint' to check XML markup files
[1.775s] -- Configuring done
[1.852s] -- Generating done
[1.854s] -- Build files have been written to: /home/dj/ros2_ws/src/2023CAPSTONE_AutoCar_in_Ros2-main/AutoCarROS2/build/autocar_msgs
[1.861s] Invoked command in '/home/dj/ros2_ws/src/2023CAPSTONE_AutoCar_in_Ros2-main/AutoCarROS2/build/autocar_msgs' returned '0': CMAKE_PREFIX_PATH=/opt/ros/foxy /usr/bin/cmake /home/dj/ros2_ws/src/2023CAPSTONE_AutoCar_in_Ros2-main/AutoCarROS2/autocar_msgs -DCMAKE_INSTALL_PREFIX=/home/dj/ros2_ws/src/2023CAPSTONE_AutoCar_in_Ros2-main/AutoCarROS2/install/autocar_msgs
[1.865s] Invoking command in '/home/dj/ros2_ws/src/2023CAPSTONE_AutoCar_in_Ros2-main/AutoCarROS2/build/autocar_msgs': CMAKE_PREFIX_PATH=/opt/ros/foxy /usr/bin/cmake --build /home/dj/ros2_ws/src/2023CAPSTONE_AutoCar_in_Ros2-main/AutoCarROS2/build/autocar_msgs -- -j8 -l8
[1.903s] [  1%] [34m[1mGenerating C code for ROS interfaces[0m
[1.903s] [35m[1mScanning dependencies of target autocar_msgs__cpp[0m
[1.914s] [  1%] [34m[1mGenerating C++ code for ROS interfaces[0m
[2.686s] [  1%] Built target autocar_msgs__cpp
[2.704s] [  2%] [34m[1mGenerating C++ introspection for ROS interfaces[0m
[2.714s] [  2%] [34m[1mGenerating C++ type support for eProsima Fast-RTPS[0m
[2.715s] [  3%] [34m[1mGenerating C++ type support dispatch for ROS interfaces[0m
[2.837s] [35m[1mScanning dependencies of target autocar_msgs__rosidl_generator_c[0m
[2.861s] [  5%] [32mBuilding C object CMakeFiles/autocar_msgs__rosidl_generator_c.dir/rosidl_generator_c/autocar_msgs/msg/detail/path2_d__functions.c.o[0m
[2.861s] [  5%] [32mBuilding C object CMakeFiles/autocar_msgs__rosidl_generator_c.dir/rosidl_generator_c/autocar_msgs/msg/detail/twist2_d__functions.c.o[0m
[2.862s] [  5%] [32mBuilding C object CMakeFiles/autocar_msgs__rosidl_generator_c.dir/rosidl_generator_c/autocar_msgs/msg/detail/state2_d__functions.c.o[0m
[2.862s] [  6%] [32mBuilding C object CMakeFiles/autocar_msgs__rosidl_generator_c.dir/rosidl_generator_c/autocar_msgs/msg/detail/object__functions.c.o[0m
[2.863s] [  7%] [32mBuilding C object CMakeFiles/autocar_msgs__rosidl_generator_c.dir/rosidl_generator_c/autocar_msgs/msg/detail/object_array__functions.c.o[0m
[2.944s] [  8%] [32mBuilding C object CMakeFiles/autocar_msgs__rosidl_generator_c.dir/rosidl_generator_c/autocar_msgs/msg/detail/obstacle__functions.c.o[0m
[2.945s] [  9%] [32mBuilding C object CMakeFiles/autocar_msgs__rosidl_generator_c.dir/rosidl_generator_c/autocar_msgs/msg/detail/control__functions.c.o[0m
[2.947s] [ 10%] [32mBuilding C object CMakeFiles/autocar_msgs__rosidl_generator_c.dir/rosidl_generator_c/autocar_msgs/msg/detail/polygon__functions.c.o[0m
[2.948s] [ 11%] [32mBuilding C object CMakeFiles/autocar_msgs__rosidl_generator_c.dir/rosidl_generator_c/autocar_msgs/msg/detail/polygon_array__functions.c.o[0m
[2.951s] [ 11%] [32mBuilding C object CMakeFiles/autocar_msgs__rosidl_generator_c.dir/rosidl_generator_c/autocar_msgs/msg/detail/path_array__functions.c.o[0m
[3.019s] [ 12%] [32mBuilding C object CMakeFiles/autocar_msgs__rosidl_generator_c.dir/rosidl_generator_c/autocar_msgs/msg/detail/link_array__functions.c.o[0m
[3.021s] [ 13%] [32mBuilding C object CMakeFiles/autocar_msgs__rosidl_generator_c.dir/rosidl_generator_c/autocar_msgs/msg/detail/vision_steer__functions.c.o[0m
[3.068s] [ 14%] [32m[1mLinking C shared library libautocar_msgs__rosidl_generator_c.so[0m
[3.112s] [ 14%] Built target autocar_msgs__rosidl_generator_c
[3.123s] [ 15%] [34m[1mGenerating C introspection for ROS interfaces[0m
[3.127s] [ 16%] [34m[1mGenerating C type support dispatch for ROS interfaces[0m
[3.410s] [35m[1mScanning dependencies of target autocar_msgs__rosidl_typesupport_cpp[0m
[3.435s] [ 17%] [32mBuilding CXX object CMakeFiles/autocar_msgs__rosidl_typesupport_cpp.dir/rosidl_typesupport_cpp/autocar_msgs/msg/twist2_d__type_support.cpp.o[0m
[3.435s] [ 18%] [32mBuilding CXX object CMakeFiles/autocar_msgs__rosidl_typesupport_cpp.dir/rosidl_typesupport_cpp/autocar_msgs/msg/state2_d__type_support.cpp.o[0m
[3.435s] [ 19%] [32mBuilding CXX object CMakeFiles/autocar_msgs__rosidl_typesupport_cpp.dir/rosidl_typesupport_cpp/autocar_msgs/msg/path2_d__type_support.cpp.o[0m
[3.435s] [ 20%] [32mBuilding CXX object CMakeFiles/autocar_msgs__rosidl_typesupport_cpp.dir/rosidl_typesupport_cpp/autocar_msgs/msg/object__type_support.cpp.o[0m
[3.906s] [35m[1mScanning dependencies of target autocar_msgs__rosidl_typesupport_introspection_cpp[0m
[3.925s] [ 20%] [32mBuilding CXX object CMakeFiles/autocar_msgs__rosidl_typesupport_cpp.dir/rosidl_typesupport_cpp/autocar_msgs/msg/object_array__type_support.cpp.o[0m
[3.938s] [ 21%] [32mBuilding CXX object CMakeFiles/autocar_msgs__rosidl_typesupport_introspection_cpp.dir/rosidl_typesupport_introspection_cpp/autocar_msgs/msg/detail/state2_d__type_support.cpp.o[0m
[3.944s] [ 21%] [32mBuilding CXX object CMakeFiles/autocar_msgs__rosidl_typesupport_introspection_cpp.dir/rosidl_typesupport_introspection_cpp/autocar_msgs/msg/detail/path2_d__type_support.cpp.o[0m
[3.947s] [ 22%] [32mBuilding CXX object CMakeFiles/autocar_msgs__rosidl_typesupport_cpp.dir/rosidl_typesupport_cpp/autocar_msgs/msg/obstacle__type_support.cpp.o[0m
[3.949s] [ 23%] [32mBuilding CXX object CMakeFiles/autocar_msgs__rosidl_typesupport_cpp.dir/rosidl_typesupport_cpp/autocar_msgs/msg/control__type_support.cpp.o[0m
[4.102s] [35m[1mScanning dependencies of target autocar_msgs__rosidl_typesupport_fastrtps_cpp[0m
[4.143s] [ 24%] [32mBuilding CXX object CMakeFiles/autocar_msgs__rosidl_typesupport_fastrtps_cpp.dir/rosidl_typesupport_fastrtps_cpp/autocar_msgs/msg/detail/dds_fastrtps/path2_d__type_support.cpp.o[0m
[4.255s] [35m[1mScanning dependencies of target autocar_msgs__rosidl_typesupport_c[0m
[4.282s] [ 25%] [32mBuilding CXX object CMakeFiles/autocar_msgs__rosidl_typesupport_c.dir/rosidl_typesupport_c/autocar_msgs/msg/path2_d__type_support.cpp.o[0m
[4.329s] [ 25%] [32mBuilding CXX object CMakeFiles/autocar_msgs__rosidl_typesupport_c.dir/rosidl_typesupport_c/autocar_msgs/msg/state2_d__type_support.cpp.o[0m
[4.376s] [ 26%] [32mBuilding CXX object CMakeFiles/autocar_msgs__rosidl_typesupport_c.dir/rosidl_typesupport_c/autocar_msgs/msg/twist2_d__type_support.cpp.o[0m
[4.406s] [ 27%] [32mBuilding CXX object CMakeFiles/autocar_msgs__rosidl_typesupport_fastrtps_cpp.dir/rosidl_typesupport_fastrtps_cpp/autocar_msgs/msg/detail/dds_fastrtps/state2_d__type_support.cpp.o[0m
[4.424s] [ 28%] [32mBuilding CXX object CMakeFiles/autocar_msgs__rosidl_typesupport_c.dir/rosidl_typesupport_c/autocar_msgs/msg/object__type_support.cpp.o[0m
[4.426s] [ 29%] [32mBuilding CXX object CMakeFiles/autocar_msgs__rosidl_typesupport_introspection_cpp.dir/rosidl_typesupport_introspection_cpp/autocar_msgs/msg/detail/twist2_d__type_support.cpp.o[0m
[4.432s] [ 30%] [32mBuilding CXX object CMakeFiles/autocar_msgs__rosidl_typesupport_c.dir/rosidl_typesupport_c/autocar_msgs/msg/object_array__type_support.cpp.o[0m
[4.440s] [ 31%] [32mBuilding CXX object CMakeFiles/autocar_msgs__rosidl_typesupport_cpp.dir/rosidl_typesupport_cpp/autocar_msgs/msg/polygon__type_support.cpp.o[0m
[4.485s] [ 32%] [32mBuilding CXX object CMakeFiles/autocar_msgs__rosidl_typesupport_introspection_cpp.dir/rosidl_typesupport_introspection_cpp/autocar_msgs/msg/detail/object__type_support.cpp.o[0m
[4.497s] [ 33%] [32mBuilding CXX object CMakeFiles/autocar_msgs__rosidl_typesupport_c.dir/rosidl_typesupport_c/autocar_msgs/msg/obstacle__type_support.cpp.o[0m
[4.515s] [ 34%] [32mBuilding CXX object CMakeFiles/autocar_msgs__rosidl_typesupport_introspection_cpp.dir/rosidl_typesupport_introspection_cpp/autocar_msgs/msg/detail/object_array__type_support.cpp.o[0m
[4.552s] [ 35%] [32mBuilding CXX object CMakeFiles/autocar_msgs__rosidl_typesupport_c.dir/rosidl_typesupport_c/autocar_msgs/msg/control__type_support.cpp.o[0m
[4.602s] [ 35%] [32mBuilding CXX object CMakeFiles/autocar_msgs__rosidl_typesupport_c.dir/rosidl_typesupport_c/autocar_msgs/msg/polygon__type_support.cpp.o[0m
[4.629s] [35m[1mScanning dependencies of target autocar_msgs__rosidl_typesupport_introspection_c[0m
[4.650s] [ 36%] [32mBuilding CXX object CMakeFiles/autocar_msgs__rosidl_typesupport_c.dir/rosidl_typesupport_c/autocar_msgs/msg/polygon_array__type_support.cpp.o[0m
[4.675s] [ 37%] [32mBuilding C object CMakeFiles/autocar_msgs__rosidl_typesupport_introspection_c.dir/rosidl_typesupport_introspection_c/autocar_msgs/msg/detail/path2_d__type_support.c.o[0m
[4.698s] [ 38%] [32mBuilding CXX object CMakeFiles/autocar_msgs__rosidl_typesupport_c.dir/rosidl_typesupport_c/autocar_msgs/msg/path_array__type_support.cpp.o[0m
[4.732s] [ 39%] [32mBuilding C object CMakeFiles/autocar_msgs__rosidl_typesupport_introspection_c.dir/rosidl_typesupport_introspection_c/autocar_msgs/msg/detail/state2_d__type_support.c.o[0m
[4.749s] [ 40%] [32mBuilding CXX object CMakeFiles/autocar_msgs__rosidl_typesupport_c.dir/rosidl_typesupport_c/autocar_msgs/msg/link_array__type_support.cpp.o[0m
[4.787s] [ 41%] [32mBuilding C object CMakeFiles/autocar_msgs__rosidl_typesupport_introspection_c.dir/rosidl_typesupport_introspection_c/autocar_msgs/msg/detail/twist2_d__type_support.c.o[0m
[4.798s] [ 42%] [32mBuilding CXX object CMakeFiles/autocar_msgs__rosidl_typesupport_c.dir/rosidl_typesupport_c/autocar_msgs/msg/vision_steer__type_support.cpp.o[0m
[4.837s] [ 42%] [32mBuilding C object CMakeFiles/autocar_msgs__rosidl_typesupport_introspection_c.dir/rosidl_typesupport_introspection_c/autocar_msgs/msg/detail/object__type_support.c.o[0m
[4.846s] [ 43%] [32m[1mLinking CXX shared library libautocar_msgs__rosidl_typesupport_c.so[0m
[4.890s] [ 44%] [32mBuilding C object CMakeFiles/autocar_msgs__rosidl_typesupport_introspection_c.dir/rosidl_typesupport_introspection_c/autocar_msgs/msg/detail/object_array__type_support.c.o[0m
[4.903s] [ 45%] [32mBuilding CXX object CMakeFiles/autocar_msgs__rosidl_typesupport_introspection_cpp.dir/rosidl_typesupport_introspection_cpp/autocar_msgs/msg/detail/obstacle__type_support.cpp.o[0m
[4.920s] [ 45%] Built target autocar_msgs__rosidl_typesupport_c
[4.931s] [ 46%] [32mBuilding CXX object CMakeFiles/autocar_msgs__rosidl_typesupport_cpp.dir/rosidl_typesupport_cpp/autocar_msgs/msg/polygon_array__type_support.cpp.o[0m
[4.934s] [ 47%] [32mBuilding CXX object CMakeFiles/autocar_msgs__rosidl_typesupport_cpp.dir/rosidl_typesupport_cpp/autocar_msgs/msg/path_array__type_support.cpp.o[0m
[4.939s] [ 47%] [32mBuilding CXX object CMakeFiles/autocar_msgs__rosidl_typesupport_introspection_cpp.dir/rosidl_typesupport_introspection_cpp/autocar_msgs/msg/detail/control__type_support.cpp.o[0m
[4.951s] [ 48%] [32mBuilding C object CMakeFiles/autocar_msgs__rosidl_typesupport_introspection_c.dir/rosidl_typesupport_introspection_c/autocar_msgs/msg/detail/obstacle__type_support.c.o[0m
[4.975s] [ 49%] [32mBuilding CXX object CMakeFiles/autocar_msgs__rosidl_typesupport_fastrtps_cpp.dir/rosidl_typesupport_fastrtps_cpp/autocar_msgs/msg/detail/dds_fastrtps/twist2_d__type_support.cpp.o[0m
[5.007s] [ 50%] [32mBuilding C object CMakeFiles/autocar_msgs__rosidl_typesupport_introspection_c.dir/rosidl_typesupport_introspection_c/autocar_msgs/msg/detail/control__type_support.c.o[0m
[5.061s] [ 51%] [32mBuilding C object CMakeFiles/autocar_msgs__rosidl_typesupport_introspection_c.dir/rosidl_typesupport_introspection_c/autocar_msgs/msg/detail/polygon__type_support.c.o[0m
[5.094s] [ 52%] [32mBuilding CXX object CMakeFiles/autocar_msgs__rosidl_typesupport_introspection_cpp.dir/rosidl_typesupport_introspection_cpp/autocar_msgs/msg/detail/polygon__type_support.cpp.o[0m
[5.114s] [ 54%] [32mBuilding CXX object CMakeFiles/autocar_msgs__rosidl_typesupport_fastrtps_cpp.dir/rosidl_typesupport_fastrtps_cpp/autocar_msgs/msg/detail/dds_fastrtps/object__type_support.cpp.o[0m
[5.116s] [ 54%] [32mBuilding C object CMakeFiles/autocar_msgs__rosidl_typesupport_introspection_c.dir/rosidl_typesupport_introspection_c/autocar_msgs/msg/detail/polygon_array__type_support.c.o[0m
[5.170s] [ 55%] [32mBuilding C object CMakeFiles/autocar_msgs__rosidl_typesupport_introspection_c.dir/rosidl_typesupport_introspection_c/autocar_msgs/msg/detail/path_array__type_support.c.o[0m
[5.227s] [ 55%] [32mBuilding C object CMakeFiles/autocar_msgs__rosidl_typesupport_introspection_c.dir/rosidl_typesupport_introspection_c/autocar_msgs/msg/detail/link_array__type_support.c.o[0m
[5.281s] [ 56%] [32mBuilding C object CMakeFiles/autocar_msgs__rosidl_typesupport_introspection_c.dir/rosidl_typesupport_introspection_c/autocar_msgs/msg/detail/vision_steer__type_support.c.o[0m
[5.334s] [ 57%] [32m[1mLinking C shared library libautocar_msgs__rosidl_typesupport_introspection_c.so[0m
[5.383s] [ 58%] [32mBuilding CXX object CMakeFiles/autocar_msgs__rosidl_typesupport_introspection_cpp.dir/rosidl_typesupport_introspection_cpp/autocar_msgs/msg/detail/polygon_array__type_support.cpp.o[0m
[5.392s] [ 58%] Built target autocar_msgs__rosidl_typesupport_introspection_c
[5.406s] [ 59%] [32mBuilding CXX object CMakeFiles/autocar_msgs__rosidl_typesupport_introspection_cpp.dir/rosidl_typesupport_introspection_cpp/autocar_msgs/msg/detail/path_array__type_support.cpp.o[0m
[5.415s] [ 59%] [32mBuilding CXX object CMakeFiles/autocar_msgs__rosidl_typesupport_cpp.dir/rosidl_typesupport_cpp/autocar_msgs/msg/link_array__type_support.cpp.o[0m
[5.425s] [ 60%] [32mBuilding CXX object CMakeFiles/autocar_msgs__rosidl_typesupport_introspection_cpp.dir/rosidl_typesupport_introspection_cpp/autocar_msgs/msg/detail/link_array__type_support.cpp.o[0m
[5.431s] [ 61%] [32mBuilding CXX object CMakeFiles/autocar_msgs__rosidl_typesupport_cpp.dir/rosidl_typesupport_cpp/autocar_msgs/msg/vision_steer__type_support.cpp.o[0m
[5.633s] [ 62%] [32mBuilding CXX object CMakeFiles/autocar_msgs__rosidl_typesupport_introspection_cpp.dir/rosidl_typesupport_introspection_cpp/autocar_msgs/msg/detail/vision_steer__type_support.cpp.o[0m
[5.667s] [ 63%] [32mBuilding CXX object CMakeFiles/autocar_msgs__rosidl_typesupport_fastrtps_cpp.dir/rosidl_typesupport_fastrtps_cpp/autocar_msgs/msg/detail/dds_fastrtps/object_array__type_support.cpp.o[0m
[5.817s] [ 63%] [32mBuilding CXX object CMakeFiles/autocar_msgs__rosidl_typesupport_fastrtps_cpp.dir/rosidl_typesupport_fastrtps_cpp/autocar_msgs/msg/detail/dds_fastrtps/obstacle__type_support.cpp.o[0m
[5.897s] [ 64%] [32mBuilding CXX object CMakeFiles/autocar_msgs__rosidl_typesupport_fastrtps_cpp.dir/rosidl_typesupport_fastrtps_cpp/autocar_msgs/msg/detail/dds_fastrtps/control__type_support.cpp.o[0m
[5.906s] [ 65%] [32mBuilding CXX object CMakeFiles/autocar_msgs__rosidl_typesupport_fastrtps_cpp.dir/rosidl_typesupport_fastrtps_cpp/autocar_msgs/msg/detail/dds_fastrtps/polygon__type_support.cpp.o[0m
[5.919s] [ 66%] [32m[1mLinking CXX shared library libautocar_msgs__rosidl_typesupport_cpp.so[0m
[5.933s] [ 67%] [32mBuilding CXX object CMakeFiles/autocar_msgs__rosidl_typesupport_fastrtps_cpp.dir/rosidl_typesupport_fastrtps_cpp/autocar_msgs/msg/detail/dds_fastrtps/polygon_array__type_support.cpp.o[0m
[5.960s] [ 68%] [32mBuilding CXX object CMakeFiles/autocar_msgs__rosidl_typesupport_fastrtps_cpp.dir/rosidl_typesupport_fastrtps_cpp/autocar_msgs/msg/detail/dds_fastrtps/path_array__type_support.cpp.o[0m
[6.004s] [ 68%] Built target autocar_msgs__rosidl_typesupport_cpp
[6.017s] [ 69%] [32mBuilding CXX object CMakeFiles/autocar_msgs__rosidl_typesupport_fastrtps_cpp.dir/rosidl_typesupport_fastrtps_cpp/autocar_msgs/msg/detail/dds_fastrtps/link_array__type_support.cpp.o[0m
[6.102s] [ 70%] [32m[1mLinking CXX shared library libautocar_msgs__rosidl_typesupport_introspection_cpp.so[0m
[6.248s] [ 70%] Built target autocar_msgs__rosidl_typesupport_introspection_cpp
[6.267s] [ 70%] [32mBuilding CXX object CMakeFiles/autocar_msgs__rosidl_typesupport_fastrtps_cpp.dir/rosidl_typesupport_fastrtps_cpp/autocar_msgs/msg/detail/dds_fastrtps/vision_steer__type_support.cpp.o[0m
[6.777s] [ 71%] [32m[1mLinking CXX shared library libautocar_msgs__rosidl_typesupport_fastrtps_cpp.so[0m
[6.867s] [ 71%] Built target autocar_msgs__rosidl_typesupport_fastrtps_cpp
[6.877s] [ 72%] [34m[1mGenerating C type support for eProsima Fast-RTPS[0m
[7.496s] [35m[1mScanning dependencies of target autocar_msgs__rosidl_typesupport_fastrtps_c[0m
[7.527s] [ 74%] [32mBuilding CXX object CMakeFiles/autocar_msgs__rosidl_typesupport_fastrtps_c.dir/rosidl_typesupport_fastrtps_c/autocar_msgs/msg/detail/twist2_d__type_support_c.cpp.o[0m
[7.527s] [ 74%] [32mBuilding CXX object CMakeFiles/autocar_msgs__rosidl_typesupport_fastrtps_c.dir/rosidl_typesupport_fastrtps_c/autocar_msgs/msg/detail/state2_d__type_support_c.cpp.o[0m
[7.528s] [ 74%] [32mBuilding CXX object CMakeFiles/autocar_msgs__rosidl_typesupport_fastrtps_c.dir/rosidl_typesupport_fastrtps_c/autocar_msgs/msg/detail/path2_d__type_support_c.cpp.o[0m
[7.528s] [ 75%] [32mBuilding CXX object CMakeFiles/autocar_msgs__rosidl_typesupport_fastrtps_c.dir/rosidl_typesupport_fastrtps_c/autocar_msgs/msg/detail/object__type_support_c.cpp.o[0m
[7.528s] [ 76%] [32mBuilding CXX object CMakeFiles/autocar_msgs__rosidl_typesupport_fastrtps_c.dir/rosidl_typesupport_fastrtps_c/autocar_msgs/msg/detail/object_array__type_support_c.cpp.o[0m
[7.529s] [ 77%] [32mBuilding CXX object CMakeFiles/autocar_msgs__rosidl_typesupport_fastrtps_c.dir/rosidl_typesupport_fastrtps_c/autocar_msgs/msg/detail/obstacle__type_support_c.cpp.o[0m
[7.529s] [ 78%] [32mBuilding CXX object CMakeFiles/autocar_msgs__rosidl_typesupport_fastrtps_c.dir/rosidl_typesupport_fastrtps_c/autocar_msgs/msg/detail/polygon__type_support_c.cpp.o[0m
[7.530s] [ 79%] [32mBuilding CXX object CMakeFiles/autocar_msgs__rosidl_typesupport_fastrtps_c.dir/rosidl_typesupport_fastrtps_c/autocar_msgs/msg/detail/control__type_support_c.cpp.o[0m
[8.109s] [ 79%] [32mBuilding CXX object CMakeFiles/autocar_msgs__rosidl_typesupport_fastrtps_c.dir/rosidl_typesupport_fastrtps_c/autocar_msgs/msg/detail/polygon_array__type_support_c.cpp.o[0m
[8.115s] [ 80%] [32mBuilding CXX object CMakeFiles/autocar_msgs__rosidl_typesupport_fastrtps_c.dir/rosidl_typesupport_fastrtps_c/autocar_msgs/msg/detail/path_array__type_support_c.cpp.o[0m
[8.120s] [ 81%] [32mBuilding CXX object CMakeFiles/autocar_msgs__rosidl_typesupport_fastrtps_c.dir/rosidl_typesupport_fastrtps_c/autocar_msgs/msg/detail/link_array__type_support_c.cpp.o[0m
[8.123s] [ 82%] [32mBuilding CXX object CMakeFiles/autocar_msgs__rosidl_typesupport_fastrtps_c.dir/rosidl_typesupport_fastrtps_c/autocar_msgs/msg/detail/vision_steer__type_support_c.cpp.o[0m
[8.455s] [ 83%] [32m[1mLinking CXX shared library libautocar_msgs__rosidl_typesupport_fastrtps_c.so[0m
[8.538s] [ 83%] Built target autocar_msgs__rosidl_typesupport_fastrtps_c
[8.547s] [35m[1mScanning dependencies of target autocar_msgs[0m
[8.557s] [ 83%] Built target autocar_msgs
[8.566s] [35m[1mScanning dependencies of target autocar_msgs__py[0m
[8.576s] [ 84%] [34m[1mGenerating Python code for ROS interfaces[0m
[9.920s] [ 84%] Built target autocar_msgs__py
[9.929s] [35m[1mScanning dependencies of target autocar_msgs__python[0m
[9.992s] [ 87%] [32mBuilding C object CMakeFiles/autocar_msgs__python.dir/rosidl_generator_py/autocar_msgs/msg/_state2_d_s.c.o[0m
[9.992s] [ 87%] [32mBuilding C object CMakeFiles/autocar_msgs__python.dir/rosidl_generator_py/autocar_msgs/msg/_path2_d_s.c.o[0m
[9.992s] [ 87%] [32mBuilding C object CMakeFiles/autocar_msgs__python.dir/rosidl_generator_py/autocar_msgs/msg/_twist2_d_s.c.o[0m
[9.993s] [ 87%] [32mBuilding C object CMakeFiles/autocar_msgs__python.dir/rosidl_generator_py/autocar_msgs/msg/_object_array_s.c.o[0m
[9.993s] [ 88%] [32mBuilding C object CMakeFiles/autocar_msgs__python.dir/rosidl_generator_py/autocar_msgs/msg/_obstacle_s.c.o[0m
[9.994s] [ 89%] [32mBuilding C object CMakeFiles/autocar_msgs__python.dir/rosidl_generator_py/autocar_msgs/msg/_object_s.c.o[0m
[9.994s] [ 90%] [32mBuilding C object CMakeFiles/autocar_msgs__python.dir/rosidl_generator_py/autocar_msgs/msg/_control_s.c.o[0m
[9.994s] [ 91%] [32mBuilding C object CMakeFiles/autocar_msgs__python.dir/rosidl_generator_py/autocar_msgs/msg/_polygon_s.c.o[0m
[10.149s] [ 92%] [32mBuilding C object CMakeFiles/autocar_msgs__python.dir/rosidl_generator_py/autocar_msgs/msg/_polygon_array_s.c.o[0m
[10.150s] [ 93%] [32mBuilding C object CMakeFiles/autocar_msgs__python.dir/rosidl_generator_py/autocar_msgs/msg/_path_array_s.c.o[0m
[10.154s] [ 93%] [32mBuilding C object CMakeFiles/autocar_msgs__python.dir/rosidl_generator_py/autocar_msgs/msg/_link_array_s.c.o[0m
[10.158s] [ 94%] [32mBuilding C object CMakeFiles/autocar_msgs__python.dir/rosidl_generator_py/autocar_msgs/msg/_vision_steer_s.c.o[0m
[10.244s] [ 95%] [32m[1mLinking C shared library rosidl_generator_py/autocar_msgs/libautocar_msgs__python.so[0m
[10.288s] [ 95%] Built target autocar_msgs__python
[10.297s] [35m[1mScanning dependencies of target autocar_msgs__rosidl_typesupport_introspection_c__pyext[0m
[10.297s] [35m[1mScanning dependencies of target autocar_msgs__rosidl_typesupport_c__pyext[0m
[10.297s] [35m[1mScanning dependencies of target autocar_msgs__rosidl_typesupport_fastrtps_c__pyext[0m
[10.318s] [ 96%] [32mBuilding C object CMakeFiles/autocar_msgs__rosidl_typesupport_introspection_c__pyext.dir/rosidl_generator_py/autocar_msgs/_autocar_msgs_s.ep.rosidl_typesupport_introspection_c.c.o[0m
[10.319s] [ 96%] [32mBuilding C object CMakeFiles/autocar_msgs__rosidl_typesupport_c__pyext.dir/rosidl_generator_py/autocar_msgs/_autocar_msgs_s.ep.rosidl_typesupport_c.c.o[0m
[10.321s] [ 97%] [32mBuilding C object CMakeFiles/autocar_msgs__rosidl_typesupport_fastrtps_c__pyext.dir/rosidl_generator_py/autocar_msgs/_autocar_msgs_s.ep.rosidl_typesupport_fastrtps_c.c.o[0m
[10.422s] [ 99%] [32m[1mLinking C shared library rosidl_generator_py/autocar_msgs/autocar_msgs_s__rosidl_typesupport_introspection_c.cpython-38-x86_64-linux-gnu.so[0m
[10.422s] [ 99%] [32m[1mLinking C shared library rosidl_generator_py/autocar_msgs/autocar_msgs_s__rosidl_typesupport_c.cpython-38-x86_64-linux-gnu.so[0m
[10.426s] [100%] [32m[1mLinking CXX shared library rosidl_generator_py/autocar_msgs/autocar_msgs_s__rosidl_typesupport_fastrtps_c.cpython-38-x86_64-linux-gnu.so[0m
[10.461s] [100%] Built target autocar_msgs__rosidl_typesupport_c__pyext
[10.461s] [100%] Built target autocar_msgs__rosidl_typesupport_introspection_c__pyext
[10.491s] [100%] Built target autocar_msgs__rosidl_typesupport_fastrtps_c__pyext
[10.502s] Invoked command in '/home/dj/ros2_ws/src/2023CAPSTONE_AutoCar_in_Ros2-main/AutoCarROS2/build/autocar_msgs' returned '0': CMAKE_PREFIX_PATH=/opt/ros/foxy /usr/bin/cmake --build /home/dj/ros2_ws/src/2023CAPSTONE_AutoCar_in_Ros2-main/AutoCarROS2/build/autocar_msgs -- -j8 -l8
[10.684s] Invoking command in '/home/dj/ros2_ws/src/2023CAPSTONE_AutoCar_in_Ros2-main/AutoCarROS2/build/autocar_msgs': CMAKE_PREFIX_PATH=/opt/ros/foxy /usr/bin/cmake --install /home/dj/ros2_ws/src/2023CAPSTONE_AutoCar_in_Ros2-main/AutoCarROS2/build/autocar_msgs
[10.693s] -- Install configuration: ""
[10.694s] -- Installing: /home/dj/ros2_ws/src/2023CAPSTONE_AutoCar_in_Ros2-main/AutoCarROS2/install/autocar_msgs/share/ament_index/resource_index/rosidl_interfaces/autocar_msgs
[10.694s] -- Installing: /home/dj/ros2_ws/src/2023CAPSTONE_AutoCar_in_Ros2-main/AutoCarROS2/install/autocar_msgs/include/autocar_msgs
[10.694s] -- Installing: /home/dj/ros2_ws/src/2023CAPSTONE_AutoCar_in_Ros2-main/AutoCarROS2/install/autocar_msgs/include/autocar_msgs/msg
[10.694s] -- Installing: /home/dj/ros2_ws/src/2023CAPSTONE_AutoCar_in_Ros2-main/AutoCarROS2/install/autocar_msgs/include/autocar_msgs/msg/polygon.h
[10.694s] -- Installing: /home/dj/ros2_ws/src/2023CAPSTONE_AutoCar_in_Ros2-main/AutoCarROS2/install/autocar_msgs/include/autocar_msgs/msg/detail
[10.694s] -- Installing: /home/dj/ros2_ws/src/2023CAPSTONE_AutoCar_in_Ros2-main/AutoCarROS2/install/autocar_msgs/include/autocar_msgs/msg/detail/object_array__struct.h
[10.694s] -- Installing: /home/dj/ros2_ws/src/2023CAPSTONE_AutoCar_in_Ros2-main/AutoCarROS2/install/autocar_msgs/include/autocar_msgs/msg/detail/obstacle__type_support.h
[10.695s] -- Installing: /home/dj/ros2_ws/src/2023CAPSTONE_AutoCar_in_Ros2-main/AutoCarROS2/install/autocar_msgs/include/autocar_msgs/msg/detail/path_array__struct.h
[10.695s] -- Installing: /home/dj/ros2_ws/src/2023CAPSTONE_AutoCar_in_Ros2-main/AutoCarROS2/install/autocar_msgs/include/autocar_msgs/msg/detail/state2_d__type_support.h
[10.695s] -- Installing: /home/dj/ros2_ws/src/2023CAPSTONE_AutoCar_in_Ros2-main/AutoCarROS2/install/autocar_msgs/include/autocar_msgs/msg/detail/path2_d__struct.h
[10.695s] -- Installing: /home/dj/ros2_ws/src/2023CAPSTONE_AutoCar_in_Ros2-main/AutoCarROS2/install/autocar_msgs/include/autocar_msgs/msg/detail/path_array__functions.c
[10.695s] -- Installing: /home/dj/ros2_ws/src/2023CAPSTONE_AutoCar_in_Ros2-main/AutoCarROS2/install/autocar_msgs/include/autocar_msgs/msg/detail/control__type_support.h
[10.695s] -- Installing: /home/dj/ros2_ws/src/2023CAPSTONE_AutoCar_in_Ros2-main/AutoCarROS2/install/autocar_msgs/include/autocar_msgs/msg/detail/path_array__type_support.h
[10.695s] -- Installing: /home/dj/ros2_ws/src/2023CAPSTONE_AutoCar_in_Ros2-main/AutoCarROS2/install/autocar_msgs/include/autocar_msgs/msg/detail/polygon_array__struct.h
[10.695s] -- Installing: /home/dj/ros2_ws/src/2023CAPSTONE_AutoCar_in_Ros2-main/AutoCarROS2/install/autocar_msgs/include/autocar_msgs/msg/detail/control__struct.h
[10.695s] -- Installing: /home/dj/ros2_ws/src/2023CAPSTONE_AutoCar_in_Ros2-main/AutoCarROS2/install/autocar_msgs/include/autocar_msgs/msg/detail/twist2_d__functions.c
[10.695s] -- Installing: /home/dj/ros2_ws/src/2023CAPSTONE_AutoCar_in_Ros2-main/AutoCarROS2/install/autocar_msgs/include/autocar_msgs/msg/detail/polygon_array__functions.h
[10.695s] -- Installing: /home/dj/ros2_ws/src/2023CAPSTONE_AutoCar_in_Ros2-main/AutoCarROS2/install/autocar_msgs/include/autocar_msgs/msg/detail/obstacle__functions.h
[10.696s] -- Installing: /home/dj/ros2_ws/src/2023CAPSTONE_AutoCar_in_Ros2-main/AutoCarROS2/install/autocar_msgs/include/autocar_msgs/msg/detail/path2_d__type_support.h
[10.696s] -- Installing: /home/dj/ros2_ws/src/2023CAPSTONE_AutoCar_in_Ros2-main/AutoCarROS2/install/autocar_msgs/include/autocar_msgs/msg/detail/path_array__functions.h
[10.696s] -- Installing: /home/dj/ros2_ws/src/2023CAPSTONE_AutoCar_in_Ros2-main/AutoCarROS2/install/autocar_msgs/include/autocar_msgs/msg/detail/object__functions.c
[10.696s] -- Installing: /home/dj/ros2_ws/src/2023CAPSTONE_AutoCar_in_Ros2-main/AutoCarROS2/install/autocar_msgs/include/autocar_msgs/msg/detail/object__struct.h
[10.696s] -- Installing: /home/dj/ros2_ws/src/2023CAPSTONE_AutoCar_in_Ros2-main/AutoCarROS2/install/autocar_msgs/include/autocar_msgs/msg/detail/obstacle__struct.h
[10.696s] -- Installing: /home/dj/ros2_ws/src/2023CAPSTONE_AutoCar_in_Ros2-main/AutoCarROS2/install/autocar_msgs/include/autocar_msgs/msg/detail/link_array__functions.h
[10.696s] -- Installing: /home/dj/ros2_ws/src/2023CAPSTONE_AutoCar_in_Ros2-main/AutoCarROS2/install/autocar_msgs/include/autocar_msgs/msg/detail/object__functions.h
[10.696s] -- Installing: /home/dj/ros2_ws/src/2023CAPSTONE_AutoCar_in_Ros2-main/AutoCarROS2/install/autocar_msgs/include/autocar_msgs/msg/detail/obstacle__functions.c
[10.696s] -- Installing: /home/dj/ros2_ws/src/2023CAPSTONE_AutoCar_in_Ros2-main/AutoCarROS2/install/autocar_msgs/include/autocar_msgs/msg/detail/twist2_d__type_support.h
[10.697s] -- Installing: /home/dj/ros2_ws/src/2023CAPSTONE_AutoCar_in_Ros2-main/AutoCarROS2/install/autocar_msgs/include/autocar_msgs/msg/detail/state2_d__functions.h
[10.697s] -- Installing: /home/dj/ros2_ws/src/2023CAPSTONE_AutoCar_in_Ros2-main/AutoCarROS2/install/autocar_msgs/include/autocar_msgs/msg/detail/polygon_array__type_support.h
[10.697s] -- Installing: /home/dj/ros2_ws/src/2023CAPSTONE_AutoCar_in_Ros2-main/AutoCarROS2/install/autocar_msgs/include/autocar_msgs/msg/detail/link_array__struct.h
[10.697s] -- Installing: /home/dj/ros2_ws/src/2023CAPSTONE_AutoCar_in_Ros2-main/AutoCarROS2/install/autocar_msgs/include/autocar_msgs/msg/detail/control__functions.c
[10.697s] -- Installing: /home/dj/ros2_ws/src/2023CAPSTONE_AutoCar_in_Ros2-main/AutoCarROS2/install/autocar_msgs/include/autocar_msgs/msg/detail/object_array__functions.c
[10.697s] -- Installing: /home/dj/ros2_ws/src/2023CAPSTONE_AutoCar_in_Ros2-main/AutoCarROS2/install/autocar_msgs/include/autocar_msgs/msg/detail/object_array__functions.h
[10.697s] -- Installing: /home/dj/ros2_ws/src/2023CAPSTONE_AutoCar_in_Ros2-main/AutoCarROS2/install/autocar_msgs/include/autocar_msgs/msg/detail/polygon__struct.h
[10.697s] -- Installing: /home/dj/ros2_ws/src/2023CAPSTONE_AutoCar_in_Ros2-main/AutoCarROS2/install/autocar_msgs/include/autocar_msgs/msg/detail/link_array__functions.c
[10.697s] -- Installing: /home/dj/ros2_ws/src/2023CAPSTONE_AutoCar_in_Ros2-main/AutoCarROS2/install/autocar_msgs/include/autocar_msgs/msg/detail/path2_d__functions.h
[10.698s] -- Installing: /home/dj/ros2_ws/src/2023CAPSTONE_AutoCar_in_Ros2-main/AutoCarROS2/install/autocar_msgs/include/autocar_msgs/msg/detail/vision_steer__functions.c
[10.698s] -- Installing: /home/dj/ros2_ws/src/2023CAPSTONE_AutoCar_in_Ros2-main/AutoCarROS2/install/autocar_msgs/include/autocar_msgs/msg/detail/object__type_support.h
[10.698s] -- Installing: /home/dj/ros2_ws/src/2023CAPSTONE_AutoCar_in_Ros2-main/AutoCarROS2/install/autocar_msgs/include/autocar_msgs/msg/detail/twist2_d__functions.h
[10.698s] -- Installing: /home/dj/ros2_ws/src/2023CAPSTONE_AutoCar_in_Ros2-main/AutoCarROS2/install/autocar_msgs/include/autocar_msgs/msg/detail/link_array__type_support.h
[10.698s] -- Installing: /home/dj/ros2_ws/src/2023CAPSTONE_AutoCar_in_Ros2-main/AutoCarROS2/install/autocar_msgs/include/autocar_msgs/msg/detail/vision_steer__functions.h
[10.698s] -- Installing: /home/dj/ros2_ws/src/2023CAPSTONE_AutoCar_in_Ros2-main/AutoCarROS2/install/autocar_msgs/include/autocar_msgs/msg/detail/path2_d__functions.c
[10.698s] -- Installing: /home/dj/ros2_ws/src/2023CAPSTONE_AutoCar_in_Ros2-main/AutoCarROS2/install/autocar_msgs/include/autocar_msgs/msg/detail/vision_steer__struct.h
[10.698s] -- Installing: /home/dj/ros2_ws/src/2023CAPSTONE_AutoCar_in_Ros2-main/AutoCarROS2/install/autocar_msgs/include/autocar_msgs/msg/detail/twist2_d__struct.h
[10.698s] -- Installing: /home/dj/ros2_ws/src/2023CAPSTONE_AutoCar_in_Ros2-main/AutoCarROS2/install/autocar_msgs/include/autocar_msgs/msg/detail/polygon__functions.h
[10.699s] -- Installing: /home/dj/ros2_ws/src/2023CAPSTONE_AutoCar_in_Ros2-main/AutoCarROS2/install/autocar_msgs/include/autocar_msgs/msg/detail/state2_d__functions.c
[10.699s] -- Installing: /home/dj/ros2_ws/src/2023CAPSTONE_AutoCar_in_Ros2-main/AutoCarROS2/install/autocar_msgs/include/autocar_msgs/msg/detail/state2_d__struct.h
[10.699s] -- Installing: /home/dj/ros2_ws/src/2023CAPSTONE_AutoCar_in_Ros2-main/AutoCarROS2/install/autocar_msgs/include/autocar_msgs/msg/detail/polygon__type_support.h
[10.699s] -- Installing: /home/dj/ros2_ws/src/2023CAPSTONE_AutoCar_in_Ros2-main/AutoCarROS2/install/autocar_msgs/include/autocar_msgs/msg/detail/polygon_array__functions.c
[10.699s] -- Installing: /home/dj/ros2_ws/src/2023CAPSTONE_AutoCar_in_Ros2-main/AutoCarROS2/install/autocar_msgs/include/autocar_msgs/msg/detail/vision_steer__type_support.h
[10.699s] -- Installing: /home/dj/ros2_ws/src/2023CAPSTONE_AutoCar_in_Ros2-main/AutoCarROS2/install/autocar_msgs/include/autocar_msgs/msg/detail/polygon__functions.c
[10.699s] -- Installing: /home/dj/ros2_ws/src/2023CAPSTONE_AutoCar_in_Ros2-main/AutoCarROS2/install/autocar_msgs/include/autocar_msgs/msg/detail/object_array__type_support.h
[10.699s] -- Installing: /home/dj/ros2_ws/src/2023CAPSTONE_AutoCar_in_Ros2-main/AutoCarROS2/install/autocar_msgs/include/autocar_msgs/msg/detail/control__functions.h
[10.700s] -- Installing: /home/dj/ros2_ws/src/2023CAPSTONE_AutoCar_in_Ros2-main/AutoCarROS2/install/autocar_msgs/include/autocar_msgs/msg/twist2_d.h
[10.700s] -- Installing: /home/dj/ros2_ws/src/2023CAPSTONE_AutoCar_in_Ros2-main/AutoCarROS2/install/autocar_msgs/include/autocar_msgs/msg/state2_d.h
[10.700s] -- Installing: /home/dj/ros2_ws/src/2023CAPSTONE_AutoCar_in_Ros2-main/AutoCarROS2/install/autocar_msgs/include/autocar_msgs/msg/object.h
[10.700s] -- Installing: /home/dj/ros2_ws/src/2023CAPSTONE_AutoCar_in_Ros2-main/AutoCarROS2/install/autocar_msgs/include/autocar_msgs/msg/rosidl_generator_c__visibility_control.h
[10.700s] -- Installing: /home/dj/ros2_ws/src/2023CAPSTONE_AutoCar_in_Ros2-main/AutoCarROS2/install/autocar_msgs/include/autocar_msgs/msg/control.h
[10.700s] -- Installing: /home/dj/ros2_ws/src/2023CAPSTONE_AutoCar_in_Ros2-main/AutoCarROS2/install/autocar_msgs/include/autocar_msgs/msg/obstacle.h
[10.700s] -- Installing: /home/dj/ros2_ws/src/2023CAPSTONE_AutoCar_in_Ros2-main/AutoCarROS2/install/autocar_msgs/include/autocar_msgs/msg/path_array.h
[10.700s] -- Installing: /home/dj/ros2_ws/src/2023CAPSTONE_AutoCar_in_Ros2-main/AutoCarROS2/install/autocar_msgs/include/autocar_msgs/msg/link_array.h
[10.700s] -- Installing: /home/dj/ros2_ws/src/2023CAPSTONE_AutoCar_in_Ros2-main/AutoCarROS2/install/autocar_msgs/include/autocar_msgs/msg/vision_steer.h
[10.701s] -- Installing: /home/dj/ros2_ws/src/2023CAPSTONE_AutoCar_in_Ros2-main/AutoCarROS2/install/autocar_msgs/include/autocar_msgs/msg/polygon_array.h
[10.701s] -- Installing: /home/dj/ros2_ws/src/2023CAPSTONE_AutoCar_in_Ros2-main/AutoCarROS2/install/autocar_msgs/include/autocar_msgs/msg/object_array.h
[10.701s] -- Installing: /home/dj/ros2_ws/src/2023CAPSTONE_AutoCar_in_Ros2-main/AutoCarROS2/install/autocar_msgs/include/autocar_msgs/msg/path2_d.h
[10.701s] -- Installing: /home/dj/ros2_ws/src/2023CAPSTONE_AutoCar_in_Ros2-main/AutoCarROS2/install/autocar_msgs/share/autocar_msgs/environment/library_path.sh
[10.701s] -- Installing: /home/dj/ros2_ws/src/2023CAPSTONE_AutoCar_in_Ros2-main/AutoCarROS2/install/autocar_msgs/share/autocar_msgs/environment/library_path.dsv
[10.701s] -- Installing: /home/dj/ros2_ws/src/2023CAPSTONE_AutoCar_in_Ros2-main/AutoCarROS2/install/autocar_msgs/lib/libautocar_msgs__rosidl_generator_c.so
[10.702s] -- Set runtime path of "/home/dj/ros2_ws/src/2023CAPSTONE_AutoCar_in_Ros2-main/AutoCarROS2/install/autocar_msgs/lib/libautocar_msgs__rosidl_generator_c.so" to ""
[10.702s] -- Up-to-date: /home/dj/ros2_ws/src/2023CAPSTONE_AutoCar_in_Ros2-main/AutoCarROS2/install/autocar_msgs/include/autocar_msgs
[10.702s] -- Up-to-date: /home/dj/ros2_ws/src/2023CAPSTONE_AutoCar_in_Ros2-main/AutoCarROS2/install/autocar_msgs/include/autocar_msgs/msg
[10.702s] -- Up-to-date: /home/dj/ros2_ws/src/2023CAPSTONE_AutoCar_in_Ros2-main/AutoCarROS2/install/autocar_msgs/include/autocar_msgs/msg/detail
[10.702s] -- Installing: /home/dj/ros2_ws/src/2023CAPSTONE_AutoCar_in_Ros2-main/AutoCarROS2/install/autocar_msgs/include/autocar_msgs/msg/detail/path_array__rosidl_typesupport_fastrtps_c.h
[10.702s] -- Installing: /home/dj/ros2_ws/src/2023CAPSTONE_AutoCar_in_Ros2-main/AutoCarROS2/install/autocar_msgs/include/autocar_msgs/msg/detail/vision_steer__rosidl_typesupport_fastrtps_c.h
[10.703s] -- Installing: /home/dj/ros2_ws/src/2023CAPSTONE_AutoCar_in_Ros2-main/AutoCarROS2/install/autocar_msgs/include/autocar_msgs/msg/detail/polygon_array__rosidl_typesupport_fastrtps_c.h
[10.703s] -- Installing: /home/dj/ros2_ws/src/2023CAPSTONE_AutoCar_in_Ros2-main/AutoCarROS2/install/autocar_msgs/include/autocar_msgs/msg/detail/object__rosidl_typesupport_fastrtps_c.h
[10.703s] -- Installing: /home/dj/ros2_ws/src/2023CAPSTONE_AutoCar_in_Ros2-main/AutoCarROS2/install/autocar_msgs/include/autocar_msgs/msg/detail/path2_d__rosidl_typesupport_fastrtps_c.h
[10.703s] -- Installing: /home/dj/ros2_ws/src/2023CAPSTONE_AutoCar_in_Ros2-main/AutoCarROS2/install/autocar_msgs/include/autocar_msgs/msg/detail/obstacle__rosidl_typesupport_fastrtps_c.h
[10.703s] -- Installing: /home/dj/ros2_ws/src/2023CAPSTONE_AutoCar_in_Ros2-main/AutoCarROS2/install/autocar_msgs/include/autocar_msgs/msg/detail/control__rosidl_typesupport_fastrtps_c.h
[10.703s] -- Installing: /home/dj/ros2_ws/src/2023CAPSTONE_AutoCar_in_Ros2-main/AutoCarROS2/install/autocar_msgs/include/autocar_msgs/msg/detail/polygon__rosidl_typesupport_fastrtps_c.h
[10.703s] -- Installing: /home/dj/ros2_ws/src/2023CAPSTONE_AutoCar_in_Ros2-main/AutoCarROS2/install/autocar_msgs/include/autocar_msgs/msg/detail/link_array__rosidl_typesupport_fastrtps_c.h
[10.703s] -- Installing: /home/dj/ros2_ws/src/2023CAPSTONE_AutoCar_in_Ros2-main/AutoCarROS2/install/autocar_msgs/include/autocar_msgs/msg/detail/state2_d__rosidl_typesupport_fastrtps_c.h
[10.704s] -- Installing: /home/dj/ros2_ws/src/2023CAPSTONE_AutoCar_in_Ros2-main/AutoCarROS2/install/autocar_msgs/include/autocar_msgs/msg/detail/twist2_d__rosidl_typesupport_fastrtps_c.h
[10.704s] -- Installing: /home/dj/ros2_ws/src/2023CAPSTONE_AutoCar_in_Ros2-main/AutoCarROS2/install/autocar_msgs/include/autocar_msgs/msg/detail/object_array__rosidl_typesupport_fastrtps_c.h
[10.704s] -- Installing: /home/dj/ros2_ws/src/2023CAPSTONE_AutoCar_in_Ros2-main/AutoCarROS2/install/autocar_msgs/include/autocar_msgs/msg/rosidl_typesupport_fastrtps_c__visibility_control.h
[10.704s] -- Installing: /home/dj/ros2_ws/src/2023CAPSTONE_AutoCar_in_Ros2-main/AutoCarROS2/install/autocar_msgs/lib/libautocar_msgs__rosidl_typesupport_fastrtps_c.so
[10.705s] -- Set runtime path of "/home/dj/ros2_ws/src/2023CAPSTONE_AutoCar_in_Ros2-main/AutoCarROS2/install/autocar_msgs/lib/libautocar_msgs__rosidl_typesupport_fastrtps_c.so" to ""
[10.705s] -- Up-to-date: /home/dj/ros2_ws/src/2023CAPSTONE_AutoCar_in_Ros2-main/AutoCarROS2/install/autocar_msgs/include/autocar_msgs
[10.705s] -- Up-to-date: /home/dj/ros2_ws/src/2023CAPSTONE_AutoCar_in_Ros2-main/AutoCarROS2/install/autocar_msgs/include/autocar_msgs/msg
[10.705s] -- Up-to-date: /home/dj/ros2_ws/src/2023CAPSTONE_AutoCar_in_Ros2-main/AutoCarROS2/install/autocar_msgs/include/autocar_msgs/msg/detail
[10.705s] -- Installing: /home/dj/ros2_ws/src/2023CAPSTONE_AutoCar_in_Ros2-main/AutoCarROS2/install/autocar_msgs/include/autocar_msgs/msg/detail/link_array__rosidl_typesupport_fastrtps_cpp.hpp
[10.705s] -- Installing: /home/dj/ros2_ws/src/2023CAPSTONE_AutoCar_in_Ros2-main/AutoCarROS2/install/autocar_msgs/include/autocar_msgs/msg/detail/state2_d__rosidl_typesupport_fastrtps_cpp.hpp
[10.705s] -- Installing: /home/dj/ros2_ws/src/2023CAPSTONE_AutoCar_in_Ros2-main/AutoCarROS2/install/autocar_msgs/include/autocar_msgs/msg/detail/twist2_d__rosidl_typesupport_fastrtps_cpp.hpp
[10.705s] -- Installing: /home/dj/ros2_ws/src/2023CAPSTONE_AutoCar_in_Ros2-main/AutoCarROS2/install/autocar_msgs/include/autocar_msgs/msg/detail/dds_fastrtps
[10.705s] -- Installing: /home/dj/ros2_ws/src/2023CAPSTONE_AutoCar_in_Ros2-main/AutoCarROS2/install/autocar_msgs/include/autocar_msgs/msg/detail/object__rosidl_typesupport_fastrtps_cpp.hpp
[10.705s] -- Installing: /home/dj/ros2_ws/src/2023CAPSTONE_AutoCar_in_Ros2-main/AutoCarROS2/install/autocar_msgs/include/autocar_msgs/msg/detail/polygon_array__rosidl_typesupport_fastrtps_cpp.hpp
[10.706s] -- Installing: /home/dj/ros2_ws/src/2023CAPSTONE_AutoCar_in_Ros2-main/AutoCarROS2/install/autocar_msgs/include/autocar_msgs/msg/detail/vision_steer__rosidl_typesupport_fastrtps_cpp.hpp
[10.706s] -- Installing: /home/dj/ros2_ws/src/2023CAPSTONE_AutoCar_in_Ros2-main/AutoCarROS2/install/autocar_msgs/include/autocar_msgs/msg/detail/path_array__rosidl_typesupport_fastrtps_cpp.hpp
[10.706s] -- Installing: /home/dj/ros2_ws/src/2023CAPSTONE_AutoCar_in_Ros2-main/AutoCarROS2/install/autocar_msgs/include/autocar_msgs/msg/detail/object_array__rosidl_typesupport_fastrtps_cpp.hpp
[10.706s] -- Installing: /home/dj/ros2_ws/src/2023CAPSTONE_AutoCar_in_Ros2-main/AutoCarROS2/install/autocar_msgs/include/autocar_msgs/msg/detail/obstacle__rosidl_typesupport_fastrtps_cpp.hpp
[10.706s] -- Installing: /home/dj/ros2_ws/src/2023CAPSTONE_AutoCar_in_Ros2-main/AutoCarROS2/install/autocar_msgs/include/autocar_msgs/msg/detail/control__rosidl_typesupport_fastrtps_cpp.hpp
[10.706s] -- Installing: /home/dj/ros2_ws/src/2023CAPSTONE_AutoCar_in_Ros2-main/AutoCarROS2/install/autocar_msgs/include/autocar_msgs/msg/detail/path2_d__rosidl_typesupport_fastrtps_cpp.hpp
[10.706s] -- Installing: /home/dj/ros2_ws/src/2023CAPSTONE_AutoCar_in_Ros2-main/AutoCarROS2/install/autocar_msgs/include/autocar_msgs/msg/detail/polygon__rosidl_typesupport_fastrtps_cpp.hpp
[10.706s] -- Installing: /home/dj/ros2_ws/src/2023CAPSTONE_AutoCar_in_Ros2-main/AutoCarROS2/install/autocar_msgs/include/autocar_msgs/msg/rosidl_typesupport_fastrtps_cpp__visibility_control.h
[10.707s] -- Installing: /home/dj/ros2_ws/src/2023CAPSTONE_AutoCar_in_Ros2-main/AutoCarROS2/install/autocar_msgs/lib/libautocar_msgs__rosidl_typesupport_fastrtps_cpp.so
[10.707s] -- Set runtime path of "/home/dj/ros2_ws/src/2023CAPSTONE_AutoCar_in_Ros2-main/AutoCarROS2/install/autocar_msgs/lib/libautocar_msgs__rosidl_typesupport_fastrtps_cpp.so" to ""
[10.707s] -- Up-to-date: /home/dj/ros2_ws/src/2023CAPSTONE_AutoCar_in_Ros2-main/AutoCarROS2/install/autocar_msgs/include/autocar_msgs
[10.707s] -- Up-to-date: /home/dj/ros2_ws/src/2023CAPSTONE_AutoCar_in_Ros2-main/AutoCarROS2/install/autocar_msgs/include/autocar_msgs/msg
[10.708s] -- Up-to-date: /home/dj/ros2_ws/src/2023CAPSTONE_AutoCar_in_Ros2-main/AutoCarROS2/install/autocar_msgs/include/autocar_msgs/msg/detail
[10.708s] -- Installing: /home/dj/ros2_ws/src/2023CAPSTONE_AutoCar_in_Ros2-main/AutoCarROS2/install/autocar_msgs/include/autocar_msgs/msg/detail/object__rosidl_typesupport_introspection_c.h
[10.708s] -- Installing: /home/dj/ros2_ws/src/2023CAPSTONE_AutoCar_in_Ros2-main/AutoCarROS2/install/autocar_msgs/include/autocar_msgs/msg/detail/path_array__type_support.c
[10.708s] -- Installing: /home/dj/ros2_ws/src/2023CAPSTONE_AutoCar_in_Ros2-main/AutoCarROS2/install/autocar_msgs/include/autocar_msgs/msg/detail/control__type_support.c
[10.708s] -- Installing: /home/dj/ros2_ws/src/2023CAPSTONE_AutoCar_in_Ros2-main/AutoCarROS2/install/autocar_msgs/include/autocar_msgs/msg/detail/state2_d__type_support.c
[10.708s] -- Installing: /home/dj/ros2_ws/src/2023CAPSTONE_AutoCar_in_Ros2-main/AutoCarROS2/install/autocar_msgs/include/autocar_msgs/msg/detail/obstacle__rosidl_typesupport_introspection_c.h
[10.708s] -- Installing: /home/dj/ros2_ws/src/2023CAPSTONE_AutoCar_in_Ros2-main/AutoCarROS2/install/autocar_msgs/include/autocar_msgs/msg/detail/polygon__type_support.c
[10.708s] -- Installing: /home/dj/ros2_ws/src/2023CAPSTONE_AutoCar_in_Ros2-main/AutoCarROS2/install/autocar_msgs/include/autocar_msgs/msg/detail/vision_steer__type_support.c
[10.708s] -- Installing: /home/dj/ros2_ws/src/2023CAPSTONE_AutoCar_in_Ros2-main/AutoCarROS2/install/autocar_msgs/include/autocar_msgs/msg/detail/object_array__type_support.c
[10.708s] -- Installing: /home/dj/ros2_ws/src/2023CAPSTONE_AutoCar_in_Ros2-main/AutoCarROS2/install/autocar_msgs/include/autocar_msgs/msg/detail/twist2_d__type_support.c
[10.709s] -- Installing: /home/dj/ros2_ws/src/2023CAPSTONE_AutoCar_in_Ros2-main/AutoCarROS2/install/autocar_msgs/include/autocar_msgs/msg/detail/control__rosidl_typesupport_introspection_c.h
[10.709s] -- Installing: /home/dj/ros2_ws/src/2023CAPSTONE_AutoCar_in_Ros2-main/AutoCarROS2/install/autocar_msgs/include/autocar_msgs/msg/detail/polygon__rosidl_typesupport_introspection_c.h
[10.709s] -- Installing: /home/dj/ros2_ws/src/2023CAPSTONE_AutoCar_in_Ros2-main/AutoCarROS2/install/autocar_msgs/include/autocar_msgs/msg/detail/path2_d__type_support.c
[10.709s] -- Installing: /home/dj/ros2_ws/src/2023CAPSTONE_AutoCar_in_Ros2-main/AutoCarROS2/install/autocar_msgs/include/autocar_msgs/msg/detail/state2_d__rosidl_typesupport_introspection_c.h
[10.709s] -- Installing: /home/dj/ros2_ws/src/2023CAPSTONE_AutoCar_in_Ros2-main/AutoCarROS2/install/autocar_msgs/include/autocar_msgs/msg/detail/link_array__type_support.c
[10.709s] -- Installing: /home/dj/ros2_ws/src/2023CAPSTONE_AutoCar_in_Ros2-main/AutoCarROS2/install/autocar_msgs/include/autocar_msgs/msg/detail/path_array__rosidl_typesupport_introspection_c.h
[10.709s] -- Installing: /home/dj/ros2_ws/src/2023CAPSTONE_AutoCar_in_Ros2-main/AutoCarROS2/install/autocar_msgs/include/autocar_msgs/msg/detail/obstacle__type_support.c
[10.709s] -- Installing: /home/dj/ros2_ws/src/2023CAPSTONE_AutoCar_in_Ros2-main/AutoCarROS2/install/autocar_msgs/include/autocar_msgs/msg/detail/polygon_array__type_support.c
[10.709s] -- Installing: /home/dj/ros2_ws/src/2023CAPSTONE_AutoCar_in_Ros2-main/AutoCarROS2/install/autocar_msgs/include/autocar_msgs/msg/detail/object_array__rosidl_typesupport_introspection_c.h
[10.710s] -- Installing: /home/dj/ros2_ws/src/2023CAPSTONE_AutoCar_in_Ros2-main/AutoCarROS2/install/autocar_msgs/include/autocar_msgs/msg/detail/polygon_array__rosidl_typesupport_introspection_c.h
[10.710s] -- Installing: /home/dj/ros2_ws/src/2023CAPSTONE_AutoCar_in_Ros2-main/AutoCarROS2/install/autocar_msgs/include/autocar_msgs/msg/detail/path2_d__rosidl_typesupport_introspection_c.h
[10.710s] -- Installing: /home/dj/ros2_ws/src/2023CAPSTONE_AutoCar_in_Ros2-main/AutoCarROS2/install/autocar_msgs/include/autocar_msgs/msg/detail/twist2_d__rosidl_typesupport_introspection_c.h
[10.710s] -- Installing: /home/dj/ros2_ws/src/2023CAPSTONE_AutoCar_in_Ros2-main/AutoCarROS2/install/autocar_msgs/include/autocar_msgs/msg/detail/object__type_support.c
[10.710s] -- Installing: /home/dj/ros2_ws/src/2023CAPSTONE_AutoCar_in_Ros2-main/AutoCarROS2/install/autocar_msgs/include/autocar_msgs/msg/detail/vision_steer__rosidl_typesupport_introspection_c.h
[10.711s] -- Installing: /home/dj/ros2_ws/src/2023CAPSTONE_AutoCar_in_Ros2-main/AutoCarROS2/install/autocar_msgs/include/autocar_msgs/msg/detail/link_array__rosidl_typesupport_introspection_c.h
[10.711s] -- Installing: /home/dj/ros2_ws/src/2023CAPSTONE_AutoCar_in_Ros2-main/AutoCarROS2/install/autocar_msgs/include/autocar_msgs/msg/rosidl_typesupport_introspection_c__visibility_control.h
[10.712s] -- Installing: /home/dj/ros2_ws/src/2023CAPSTONE_AutoCar_in_Ros2-main/AutoCarROS2/install/autocar_msgs/lib/libautocar_msgs__rosidl_typesupport_introspection_c.so
[10.712s] -- Set runtime path of "/home/dj/ros2_ws/src/2023CAPSTONE_AutoCar_in_Ros2-main/AutoCarROS2/install/autocar_msgs/lib/libautocar_msgs__rosidl_typesupport_introspection_c.so" to ""
[10.712s] -- Installing: /home/dj/ros2_ws/src/2023CAPSTONE_AutoCar_in_Ros2-main/AutoCarROS2/install/autocar_msgs/lib/libautocar_msgs__rosidl_typesupport_c.so
[10.712s] -- Set runtime path of "/home/dj/ros2_ws/src/2023CAPSTONE_AutoCar_in_Ros2-main/AutoCarROS2/install/autocar_msgs/lib/libautocar_msgs__rosidl_typesupport_c.so" to ""
[10.712s] -- Up-to-date: /home/dj/ros2_ws/src/2023CAPSTONE_AutoCar_in_Ros2-main/AutoCarROS2/install/autocar_msgs/include/autocar_msgs
[10.713s] -- Up-to-date: /home/dj/ros2_ws/src/2023CAPSTONE_AutoCar_in_Ros2-main/AutoCarROS2/install/autocar_msgs/include/autocar_msgs/msg
[10.713s] -- Installing: /home/dj/ros2_ws/src/2023CAPSTONE_AutoCar_in_Ros2-main/AutoCarROS2/install/autocar_msgs/include/autocar_msgs/msg/polygon.hpp
[10.713s] -- Installing: /home/dj/ros2_ws/src/2023CAPSTONE_AutoCar_in_Ros2-main/AutoCarROS2/install/autocar_msgs/include/autocar_msgs/msg/control.hpp
[10.713s] -- Up-to-date: /home/dj/ros2_ws/src/2023CAPSTONE_AutoCar_in_Ros2-main/AutoCarROS2/install/autocar_msgs/include/autocar_msgs/msg/detail
[10.713s] -- Installing: /home/dj/ros2_ws/src/2023CAPSTONE_AutoCar_in_Ros2-main/AutoCarROS2/install/autocar_msgs/include/autocar_msgs/msg/detail/state2_d__type_support.hpp
[10.713s] -- Installing: /home/dj/ros2_ws/src/2023CAPSTONE_AutoCar_in_Ros2-main/AutoCarROS2/install/autocar_msgs/include/autocar_msgs/msg/detail/link_array__builder.hpp
[10.713s] -- Installing: /home/dj/ros2_ws/src/2023CAPSTONE_AutoCar_in_Ros2-main/AutoCarROS2/install/autocar_msgs/include/autocar_msgs/msg/detail/control__struct.hpp
[10.713s] -- Installing: /home/dj/ros2_ws/src/2023CAPSTONE_AutoCar_in_Ros2-main/AutoCarROS2/install/autocar_msgs/include/autocar_msgs/msg/detail/state2_d__builder.hpp
[10.713s] -- Installing: /home/dj/ros2_ws/src/2023CAPSTONE_AutoCar_in_Ros2-main/AutoCarROS2/install/autocar_msgs/include/autocar_msgs/msg/detail/link_array__type_support.hpp
[10.714s] -- Installing: /home/dj/ros2_ws/src/2023CAPSTONE_AutoCar_in_Ros2-main/AutoCarROS2/install/autocar_msgs/include/autocar_msgs/msg/detail/obstacle__builder.hpp
[10.714s] -- Installing: /home/dj/ros2_ws/src/2023CAPSTONE_AutoCar_in_Ros2-main/AutoCarROS2/install/autocar_msgs/include/autocar_msgs/msg/detail/object__traits.hpp
[10.714s] -- Installing: /home/dj/ros2_ws/src/2023CAPSTONE_AutoCar_in_Ros2-main/AutoCarROS2/install/autocar_msgs/include/autocar_msgs/msg/detail/control__type_support.hpp
[10.714s] -- Installing: /home/dj/ros2_ws/src/2023CAPSTONE_AutoCar_in_Ros2-main/AutoCarROS2/install/autocar_msgs/include/autocar_msgs/msg/detail/obstacle__struct.hpp
[10.714s] -- Installing: /home/dj/ros2_ws/src/2023CAPSTONE_AutoCar_in_Ros2-main/AutoCarROS2/install/autocar_msgs/include/autocar_msgs/msg/detail/path_array__traits.hpp
[10.714s] -- Installing: /home/dj/ros2_ws/src/2023CAPSTONE_AutoCar_in_Ros2-main/AutoCarROS2/install/autocar_msgs/include/autocar_msgs/msg/detail/object_array__traits.hpp
[10.714s] -- Installing: /home/dj/ros2_ws/src/2023CAPSTONE_AutoCar_in_Ros2-main/AutoCarROS2/install/autocar_msgs/include/autocar_msgs/msg/detail/path_array__type_support.hpp
[10.714s] -- Installing: /home/dj/ros2_ws/src/2023CAPSTONE_AutoCar_in_Ros2-main/AutoCarROS2/install/autocar_msgs/include/autocar_msgs/msg/detail/path_array__builder.hpp
[10.715s] -- Installing: /home/dj/ros2_ws/src/2023CAPSTONE_AutoCar_in_Ros2-main/AutoCarROS2/install/autocar_msgs/include/autocar_msgs/msg/detail/path2_d__traits.hpp
[10.715s] -- Installing: /home/dj/ros2_ws/src/2023CAPSTONE_AutoCar_in_Ros2-main/AutoCarROS2/install/autocar_msgs/include/autocar_msgs/msg/detail/object__struct.hpp
[10.715s] -- Installing: /home/dj/ros2_ws/src/2023CAPSTONE_AutoCar_in_Ros2-main/AutoCarROS2/install/autocar_msgs/include/autocar_msgs/msg/detail/twist2_d__struct.hpp
[10.715s] -- Installing: /home/dj/ros2_ws/src/2023CAPSTONE_AutoCar_in_Ros2-main/AutoCarROS2/install/autocar_msgs/include/autocar_msgs/msg/detail/vision_steer__builder.hpp
[10.715s] -- Installing: /home/dj/ros2_ws/src/2023CAPSTONE_AutoCar_in_Ros2-main/AutoCarROS2/install/autocar_msgs/include/autocar_msgs/msg/detail/twist2_d__traits.hpp
[10.715s] -- Installing: /home/dj/ros2_ws/src/2023CAPSTONE_AutoCar_in_Ros2-main/AutoCarROS2/install/autocar_msgs/include/autocar_msgs/msg/detail/polygon__traits.hpp
[10.715s] -- Installing: /home/dj/ros2_ws/src/2023CAPSTONE_AutoCar_in_Ros2-main/AutoCarROS2/install/autocar_msgs/include/autocar_msgs/msg/detail/twist2_d__type_support.hpp
[10.715s] -- Installing: /home/dj/ros2_ws/src/2023CAPSTONE_AutoCar_in_Ros2-main/AutoCarROS2/install/autocar_msgs/include/autocar_msgs/msg/detail/control__builder.hpp
[10.715s] -- Installing: /home/dj/ros2_ws/src/2023CAPSTONE_AutoCar_in_Ros2-main/AutoCarROS2/install/autocar_msgs/include/autocar_msgs/msg/detail/vision_steer__struct.hpp
[10.715s] -- Installing: /home/dj/ros2_ws/src/2023CAPSTONE_AutoCar_in_Ros2-main/AutoCarROS2/install/autocar_msgs/include/autocar_msgs/msg/detail/twist2_d__builder.hpp
[10.715s] -- Installing: /home/dj/ros2_ws/src/2023CAPSTONE_AutoCar_in_Ros2-main/AutoCarROS2/install/autocar_msgs/include/autocar_msgs/msg/detail/state2_d__struct.hpp
[10.715s] -- Installing: /home/dj/ros2_ws/src/2023CAPSTONE_AutoCar_in_Ros2-main/AutoCarROS2/install/autocar_msgs/include/autocar_msgs/msg/detail/object_array__struct.hpp
[10.716s] -- Installing: /home/dj/ros2_ws/src/2023CAPSTONE_AutoCar_in_Ros2-main/AutoCarROS2/install/autocar_msgs/include/autocar_msgs/msg/detail/polygon_array__traits.hpp
[10.716s] -- Installing: /home/dj/ros2_ws/src/2023CAPSTONE_AutoCar_in_Ros2-main/AutoCarROS2/install/autocar_msgs/include/autocar_msgs/msg/detail/path2_d__struct.hpp
[10.716s] -- Installing: /home/dj/ros2_ws/src/2023CAPSTONE_AutoCar_in_Ros2-main/AutoCarROS2/install/autocar_msgs/include/autocar_msgs/msg/detail/object_array__type_support.hpp
[10.716s] -- Installing: /home/dj/ros2_ws/src/2023CAPSTONE_AutoCar_in_Ros2-main/AutoCarROS2/install/autocar_msgs/include/autocar_msgs/msg/detail/object__type_support.hpp
[10.716s] -- Installing: /home/dj/ros2_ws/src/2023CAPSTONE_AutoCar_in_Ros2-main/AutoCarROS2/install/autocar_msgs/include/autocar_msgs/msg/detail/obstacle__type_support.hpp
[10.716s] -- Installing: /home/dj/ros2_ws/src/2023CAPSTONE_AutoCar_in_Ros2-main/AutoCarROS2/install/autocar_msgs/include/autocar_msgs/msg/detail/polygon__struct.hpp
[10.716s] -- Installing: /home/dj/ros2_ws/src/2023CAPSTONE_AutoCar_in_Ros2-main/AutoCarROS2/install/autocar_msgs/include/autocar_msgs/msg/detail/control__traits.hpp
[10.716s] -- Installing: /home/dj/ros2_ws/src/2023CAPSTONE_AutoCar_in_Ros2-main/AutoCarROS2/install/autocar_msgs/include/autocar_msgs/msg/detail/object__builder.hpp
[10.716s] -- Installing: /home/dj/ros2_ws/src/2023CAPSTONE_AutoCar_in_Ros2-main/AutoCarROS2/install/autocar_msgs/include/autocar_msgs/msg/detail/obstacle__traits.hpp
[10.716s] -- Installing: /home/dj/ros2_ws/src/2023CAPSTONE_AutoCar_in_Ros2-main/AutoCarROS2/install/autocar_msgs/include/autocar_msgs/msg/detail/vision_steer__traits.hpp
[10.716s] -- Installing: /home/dj/ros2_ws/src/2023CAPSTONE_AutoCar_in_Ros2-main/AutoCarROS2/install/autocar_msgs/include/autocar_msgs/msg/detail/path_array__struct.hpp
[10.717s] -- Installing: /home/dj/ros2_ws/src/2023CAPSTONE_AutoCar_in_Ros2-main/AutoCarROS2/install/autocar_msgs/include/autocar_msgs/msg/detail/polygon_array__type_support.hpp
[10.717s] -- Installing: /home/dj/ros2_ws/src/2023CAPSTONE_AutoCar_in_Ros2-main/AutoCarROS2/install/autocar_msgs/include/autocar_msgs/msg/detail/polygon_array__struct.hpp
[10.717s] -- Installing: /home/dj/ros2_ws/src/2023CAPSTONE_AutoCar_in_Ros2-main/AutoCarROS2/install/autocar_msgs/include/autocar_msgs/msg/detail/state2_d__traits.hpp
[10.717s] -- Installing: /home/dj/ros2_ws/src/2023CAPSTONE_AutoCar_in_Ros2-main/AutoCarROS2/install/autocar_msgs/include/autocar_msgs/msg/detail/link_array__struct.hpp
[10.717s] -- Installing: /home/dj/ros2_ws/src/2023CAPSTONE_AutoCar_in_Ros2-main/AutoCarROS2/install/autocar_msgs/include/autocar_msgs/msg/detail/path2_d__type_support.hpp
[10.717s] -- Installing: /home/dj/ros2_ws/src/2023CAPSTONE_AutoCar_in_Ros2-main/AutoCarROS2/install/autocar_msgs/include/autocar_msgs/msg/detail/vision_steer__type_support.hpp
[10.717s] -- Installing: /home/dj/ros2_ws/src/2023CAPSTONE_AutoCar_in_Ros2-main/AutoCarROS2/install/autocar_msgs/include/autocar_msgs/msg/detail/polygon_array__builder.hpp
[10.717s] -- Installing: /home/dj/ros2_ws/src/2023CAPSTONE_AutoCar_in_Ros2-main/AutoCarROS2/install/autocar_msgs/include/autocar_msgs/msg/detail/path2_d__builder.hpp
[10.717s] -- Installing: /home/dj/ros2_ws/src/2023CAPSTONE_AutoCar_in_Ros2-main/AutoCarROS2/install/autocar_msgs/include/autocar_msgs/msg/detail/polygon__type_support.hpp
[10.717s] -- Installing: /home/dj/ros2_ws/src/2023CAPSTONE_AutoCar_in_Ros2-main/AutoCarROS2/install/autocar_msgs/include/autocar_msgs/msg/detail/polygon__builder.hpp
[10.717s] -- Installing: /home/dj/ros2_ws/src/2023CAPSTONE_AutoCar_in_Ros2-main/AutoCarROS2/install/autocar_msgs/include/autocar_msgs/msg/detail/object_array__builder.hpp
[10.718s] -- Installing: /home/dj/ros2_ws/src/2023CAPSTONE_AutoCar_in_Ros2-main/AutoCarROS2/install/autocar_msgs/include/autocar_msgs/msg/detail/link_array__traits.hpp
[10.718s] -- Installing: /home/dj/ros2_ws/src/2023CAPSTONE_AutoCar_in_Ros2-main/AutoCarROS2/install/autocar_msgs/include/autocar_msgs/msg/obstacle.hpp
[10.718s] -- Installing: /home/dj/ros2_ws/src/2023CAPSTONE_AutoCar_in_Ros2-main/AutoCarROS2/install/autocar_msgs/include/autocar_msgs/msg/object_array.hpp
[10.718s] -- Installing: /home/dj/ros2_ws/src/2023CAPSTONE_AutoCar_in_Ros2-main/AutoCarROS2/install/autocar_msgs/include/autocar_msgs/msg/state2_d.hpp
[10.718s] -- Installing: /home/dj/ros2_ws/src/2023CAPSTONE_AutoCar_in_Ros2-main/AutoCarROS2/install/autocar_msgs/include/autocar_msgs/msg/vision_steer.hpp
[10.718s] -- Installing: /home/dj/ros2_ws/src/2023CAPSTONE_AutoCar_in_Ros2-main/AutoCarROS2/install/autocar_msgs/include/autocar_msgs/msg/rosidl_generator_cpp__visibility_control.hpp
[10.718s] -- Installing: /home/dj/ros2_ws/src/2023CAPSTONE_AutoCar_in_Ros2-main/AutoCarROS2/install/autocar_msgs/include/autocar_msgs/msg/path_array.hpp
[10.718s] -- Installing: /home/dj/ros2_ws/src/2023CAPSTONE_AutoCar_in_Ros2-main/AutoCarROS2/install/autocar_msgs/include/autocar_msgs/msg/path2_d.hpp
[10.718s] -- Installing: /home/dj/ros2_ws/src/2023CAPSTONE_AutoCar_in_Ros2-main/AutoCarROS2/install/autocar_msgs/include/autocar_msgs/msg/twist2_d.hpp
[10.718s] -- Installing: /home/dj/ros2_ws/src/2023CAPSTONE_AutoCar_in_Ros2-main/AutoCarROS2/install/autocar_msgs/include/autocar_msgs/msg/link_array.hpp
[10.718s] -- Installing: /home/dj/ros2_ws/src/2023CAPSTONE_AutoCar_in_Ros2-main/AutoCarROS2/install/autocar_msgs/include/autocar_msgs/msg/polygon_array.hpp
[10.719s] -- Installing: /home/dj/ros2_ws/src/2023CAPSTONE_AutoCar_in_Ros2-main/AutoCarROS2/install/autocar_msgs/include/autocar_msgs/msg/object.hpp
[10.719s] -- Up-to-date: /home/dj/ros2_ws/src/2023CAPSTONE_AutoCar_in_Ros2-main/AutoCarROS2/install/autocar_msgs/include/autocar_msgs
[10.719s] -- Up-to-date: /home/dj/ros2_ws/src/2023CAPSTONE_AutoCar_in_Ros2-main/AutoCarROS2/install/autocar_msgs/include/autocar_msgs/msg
[10.719s] -- Up-to-date: /home/dj/ros2_ws/src/2023CAPSTONE_AutoCar_in_Ros2-main/AutoCarROS2/install/autocar_msgs/include/autocar_msgs/msg/detail
[10.719s] -- Installing: /home/dj/ros2_ws/src/2023CAPSTONE_AutoCar_in_Ros2-main/AutoCarROS2/install/autocar_msgs/include/autocar_msgs/msg/detail/polygon_array__rosidl_typesupport_introspection_cpp.hpp
[10.719s] -- Installing: /home/dj/ros2_ws/src/2023CAPSTONE_AutoCar_in_Ros2-main/AutoCarROS2/install/autocar_msgs/include/autocar_msgs/msg/detail/polygon__type_support.cpp
[10.719s] -- Installing: /home/dj/ros2_ws/src/2023CAPSTONE_AutoCar_in_Ros2-main/AutoCarROS2/install/autocar_msgs/include/autocar_msgs/msg/detail/vision_steer__rosidl_typesupport_introspection_cpp.hpp
[10.719s] -- Installing: /home/dj/ros2_ws/src/2023CAPSTONE_AutoCar_in_Ros2-main/AutoCarROS2/install/autocar_msgs/include/autocar_msgs/msg/detail/twist2_d__rosidl_typesupport_introspection_cpp.hpp
[10.720s] -- Installing: /home/dj/ros2_ws/src/2023CAPSTONE_AutoCar_in_Ros2-main/AutoCarROS2/install/autocar_msgs/include/autocar_msgs/msg/detail/link_array__rosidl_typesupport_introspection_cpp.hpp
[10.720s] -- Installing: /home/dj/ros2_ws/src/2023CAPSTONE_AutoCar_in_Ros2-main/AutoCarROS2/install/autocar_msgs/include/autocar_msgs/msg/detail/twist2_d__type_support.cpp
[10.720s] -- Installing: /home/dj/ros2_ws/src/2023CAPSTONE_AutoCar_in_Ros2-main/AutoCarROS2/install/autocar_msgs/include/autocar_msgs/msg/detail/path_array__rosidl_typesupport_introspection_cpp.hpp
[10.720s] -- Installing: /home/dj/ros2_ws/src/2023CAPSTONE_AutoCar_in_Ros2-main/AutoCarROS2/install/autocar_msgs/include/autocar_msgs/msg/detail/state2_d__rosidl_typesupport_introspection_cpp.hpp
[10.720s] -- Installing: /home/dj/ros2_ws/src/2023CAPSTONE_AutoCar_in_Ros2-main/AutoCarROS2/install/autocar_msgs/include/autocar_msgs/msg/detail/object__rosidl_typesupport_introspection_cpp.hpp
[10.720s] -- Installing: /home/dj/ros2_ws/src/2023CAPSTONE_AutoCar_in_Ros2-main/AutoCarROS2/install/autocar_msgs/include/autocar_msgs/msg/detail/object_array__type_support.cpp
[10.720s] -- Installing: /home/dj/ros2_ws/src/2023CAPSTONE_AutoCar_in_Ros2-main/AutoCarROS2/install/autocar_msgs/include/autocar_msgs/msg/detail/path_array__type_support.cpp
[10.720s] -- Installing: /home/dj/ros2_ws/src/2023CAPSTONE_AutoCar_in_Ros2-main/AutoCarROS2/install/autocar_msgs/include/autocar_msgs/msg/detail/object_array__rosidl_typesupport_introspection_cpp.hpp
[10.720s] -- Installing: /home/dj/ros2_ws/src/2023CAPSTONE_AutoCar_in_Ros2-main/AutoCarROS2/install/autocar_msgs/include/autocar_msgs/msg/detail/control__rosidl_typesupport_introspection_cpp.hpp
[10.720s] -- Installing: /home/dj/ros2_ws/src/2023CAPSTONE_AutoCar_in_Ros2-main/AutoCarROS2/install/autocar_msgs/include/autocar_msgs/msg/detail/obstacle__rosidl_typesupport_introspection_cpp.hpp
[10.720s] -- Installing: /home/dj/ros2_ws/src/2023CAPSTONE_AutoCar_in_Ros2-main/AutoCarROS2/install/autocar_msgs/include/autocar_msgs/msg/detail/control__type_support.cpp
[10.721s] -- Installing: /home/dj/ros2_ws/src/2023CAPSTONE_AutoCar_in_Ros2-main/AutoCarROS2/install/autocar_msgs/include/autocar_msgs/msg/detail/vision_steer__type_support.cpp
[10.721s] -- Installing: /home/dj/ros2_ws/src/2023CAPSTONE_AutoCar_in_Ros2-main/AutoCarROS2/install/autocar_msgs/include/autocar_msgs/msg/detail/state2_d__type_support.cpp
[10.721s] -- Installing: /home/dj/ros2_ws/src/2023CAPSTONE_AutoCar_in_Ros2-main/AutoCarROS2/install/autocar_msgs/include/autocar_msgs/msg/detail/path2_d__rosidl_typesupport_introspection_cpp.hpp
[10.721s] -- Installing: /home/dj/ros2_ws/src/2023CAPSTONE_AutoCar_in_Ros2-main/AutoCarROS2/install/autocar_msgs/include/autocar_msgs/msg/detail/object__type_support.cpp
[10.721s] -- Installing: /home/dj/ros2_ws/src/2023CAPSTONE_AutoCar_in_Ros2-main/AutoCarROS2/install/autocar_msgs/include/autocar_msgs/msg/detail/link_array__type_support.cpp
[10.721s] -- Installing: /home/dj/ros2_ws/src/2023CAPSTONE_AutoCar_in_Ros2-main/AutoCarROS2/install/autocar_msgs/include/autocar_msgs/msg/detail/polygon_array__type_support.cpp
[10.721s] -- Installing: /home/dj/ros2_ws/src/2023CAPSTONE_AutoCar_in_Ros2-main/AutoCarROS2/install/autocar_msgs/include/autocar_msgs/msg/detail/path2_d__type_support.cpp
[10.721s] -- Installing: /home/dj/ros2_ws/src/2023CAPSTONE_AutoCar_in_Ros2-main/AutoCarROS2/install/autocar_msgs/include/autocar_msgs/msg/detail/obstacle__type_support.cpp
[10.721s] -- Installing: /home/dj/ros2_ws/src/2023CAPSTONE_AutoCar_in_Ros2-main/AutoCarROS2/install/autocar_msgs/include/autocar_msgs/msg/detail/polygon__rosidl_typesupport_introspection_cpp.hpp
[10.722s] -- Installing: /home/dj/ros2_ws/src/2023CAPSTONE_AutoCar_in_Ros2-main/AutoCarROS2/install/autocar_msgs/lib/libautocar_msgs__rosidl_typesupport_introspection_cpp.so
[10.722s] -- Set runtime path of "/home/dj/ros2_ws/src/2023CAPSTONE_AutoCar_in_Ros2-main/AutoCarROS2/install/autocar_msgs/lib/libautocar_msgs__rosidl_typesupport_introspection_cpp.so" to ""
[10.722s] -- Installing: /home/dj/ros2_ws/src/2023CAPSTONE_AutoCar_in_Ros2-main/AutoCarROS2/install/autocar_msgs/lib/libautocar_msgs__rosidl_typesupport_cpp.so
[10.723s] -- Set runtime path of "/home/dj/ros2_ws/src/2023CAPSTONE_AutoCar_in_Ros2-main/AutoCarROS2/install/autocar_msgs/lib/libautocar_msgs__rosidl_typesupport_cpp.so" to ""
[10.723s] -- Installing: /home/dj/ros2_ws/src/2023CAPSTONE_AutoCar_in_Ros2-main/AutoCarROS2/install/autocar_msgs/share/autocar_msgs/environment/pythonpath.sh
[10.723s] -- Installing: /home/dj/ros2_ws/src/2023CAPSTONE_AutoCar_in_Ros2-main/AutoCarROS2/install/autocar_msgs/share/autocar_msgs/environment/pythonpath.dsv
[10.723s] -- Installing: /home/dj/ros2_ws/src/2023CAPSTONE_AutoCar_in_Ros2-main/AutoCarROS2/install/autocar_msgs/lib/python3.8/site-packages/autocar_msgs/__init__.py
[10.749s] Compiling '/home/dj/ros2_ws/src/2023CAPSTONE_AutoCar_in_Ros2-main/AutoCarROS2/install/autocar_msgs/lib/python3.8/site-packages/autocar_msgs/__init__.py'...
[10.752s] -- Installing: /home/dj/ros2_ws/src/2023CAPSTONE_AutoCar_in_Ros2-main/AutoCarROS2/install/autocar_msgs/lib/python3.8/site-packages/autocar_msgs/msg
[10.752s] -- Installing: /home/dj/ros2_ws/src/2023CAPSTONE_AutoCar_in_Ros2-main/AutoCarROS2/install/autocar_msgs/lib/python3.8/site-packages/autocar_msgs/msg/_path_array_s.c
[10.753s] -- Installing: /home/dj/ros2_ws/src/2023CAPSTONE_AutoCar_in_Ros2-main/AutoCarROS2/install/autocar_msgs/lib/python3.8/site-packages/autocar_msgs/msg/_object_s.c
[10.753s] -- Installing: /home/dj/ros2_ws/src/2023CAPSTONE_AutoCar_in_Ros2-main/AutoCarROS2/install/autocar_msgs/lib/python3.8/site-packages/autocar_msgs/msg/_twist2_d_s.c
[10.753s] -- Installing: /home/dj/ros2_ws/src/2023CAPSTONE_AutoCar_in_Ros2-main/AutoCarROS2/install/autocar_msgs/lib/python3.8/site-packages/autocar_msgs/msg/_obstacle.py
[10.753s] -- Installing: /home/dj/ros2_ws/src/2023CAPSTONE_AutoCar_in_Ros2-main/AutoCarROS2/install/autocar_msgs/lib/python3.8/site-packages/autocar_msgs/msg/_object_array_s.c
[10.753s] -- Installing: /home/dj/ros2_ws/src/2023CAPSTONE_AutoCar_in_Ros2-main/AutoCarROS2/install/autocar_msgs/lib/python3.8/site-packages/autocar_msgs/msg/_polygon_array.py
[10.753s] -- Installing: /home/dj/ros2_ws/src/2023CAPSTONE_AutoCar_in_Ros2-main/AutoCarROS2/install/autocar_msgs/lib/python3.8/site-packages/autocar_msgs/msg/_path2_d.py
[10.753s] -- Installing: /home/dj/ros2_ws/src/2023CAPSTONE_AutoCar_in_Ros2-main/AutoCarROS2/install/autocar_msgs/lib/python3.8/site-packages/autocar_msgs/msg/_vision_steer_s.c
[10.753s] -- Installing: /home/dj/ros2_ws/src/2023CAPSTONE_AutoCar_in_Ros2-main/AutoCarROS2/install/autocar_msgs/lib/python3.8/site-packages/autocar_msgs/msg/_path2_d_s.c
[10.753s] -- Installing: /home/dj/ros2_ws/src/2023CAPSTONE_AutoCar_in_Ros2-main/AutoCarROS2/install/autocar_msgs/lib/python3.8/site-packages/autocar_msgs/msg/_polygon_array_s.c
[10.753s] -- Installing: /home/dj/ros2_ws/src/2023CAPSTONE_AutoCar_in_Ros2-main/AutoCarROS2/install/autocar_msgs/lib/python3.8/site-packages/autocar_msgs/msg/_link_array_s.c
[10.753s] -- Installing: /home/dj/ros2_ws/src/2023CAPSTONE_AutoCar_in_Ros2-main/AutoCarROS2/install/autocar_msgs/lib/python3.8/site-packages/autocar_msgs/msg/_state2_d_s.c
[10.753s] -- Installing: /home/dj/ros2_ws/src/2023CAPSTONE_AutoCar_in_Ros2-main/AutoCarROS2/install/autocar_msgs/lib/python3.8/site-packages/autocar_msgs/msg/__init__.py
[10.754s] -- Installing: /home/dj/ros2_ws/src/2023CAPSTONE_AutoCar_in_Ros2-main/AutoCarROS2/install/autocar_msgs/lib/python3.8/site-packages/autocar_msgs/msg/_state2_d.py
[10.754s] -- Installing: /home/dj/ros2_ws/src/2023CAPSTONE_AutoCar_in_Ros2-main/AutoCarROS2/install/autocar_msgs/lib/python3.8/site-packages/autocar_msgs/msg/_polygon.py
[10.754s] -- Installing: /home/dj/ros2_ws/src/2023CAPSTONE_AutoCar_in_Ros2-main/AutoCarROS2/install/autocar_msgs/lib/python3.8/site-packages/autocar_msgs/msg/_control.py
[10.754s] -- Installing: /home/dj/ros2_ws/src/2023CAPSTONE_AutoCar_in_Ros2-main/AutoCarROS2/install/autocar_msgs/lib/python3.8/site-packages/autocar_msgs/msg/_vision_steer.py
[10.754s] -- Installing: /home/dj/ros2_ws/src/2023CAPSTONE_AutoCar_in_Ros2-main/AutoCarROS2/install/autocar_msgs/lib/python3.8/site-packages/autocar_msgs/msg/_object_array.py
[10.754s] -- Installing: /home/dj/ros2_ws/src/2023CAPSTONE_AutoCar_in_Ros2-main/AutoCarROS2/install/autocar_msgs/lib/python3.8/site-packages/autocar_msgs/msg/_obstacle_s.c
[10.754s] -- Installing: /home/dj/ros2_ws/src/2023CAPSTONE_AutoCar_in_Ros2-main/AutoCarROS2/install/autocar_msgs/lib/python3.8/site-packages/autocar_msgs/msg/_polygon_s.c
[10.754s] -- Installing: /home/dj/ros2_ws/src/2023CAPSTONE_AutoCar_in_Ros2-main/AutoCarROS2/install/autocar_msgs/lib/python3.8/site-packages/autocar_msgs/msg/_twist2_d.py
[10.754s] -- Installing: /home/dj/ros2_ws/src/2023CAPSTONE_AutoCar_in_Ros2-main/AutoCarROS2/install/autocar_msgs/lib/python3.8/site-packages/autocar_msgs/msg/_link_array.py
[10.754s] -- Installing: /home/dj/ros2_ws/src/2023CAPSTONE_AutoCar_in_Ros2-main/AutoCarROS2/install/autocar_msgs/lib/python3.8/site-packages/autocar_msgs/msg/_object.py
[10.755s] -- Installing: /home/dj/ros2_ws/src/2023CAPSTONE_AutoCar_in_Ros2-main/AutoCarROS2/install/autocar_msgs/lib/python3.8/site-packages/autocar_msgs/msg/_control_s.c
[10.755s] -- Installing: /home/dj/ros2_ws/src/2023CAPSTONE_AutoCar_in_Ros2-main/AutoCarROS2/install/autocar_msgs/lib/python3.8/site-packages/autocar_msgs/msg/_path_array.py
[10.755s] -- Installing: /home/dj/ros2_ws/src/2023CAPSTONE_AutoCar_in_Ros2-main/AutoCarROS2/install/autocar_msgs/lib/python3.8/site-packages/autocar_msgs/autocar_msgs_s__rosidl_typesupport_fastrtps_c.cpython-38-x86_64-linux-gnu.so
[10.755s] -- Set runtime path of "/home/dj/ros2_ws/src/2023CAPSTONE_AutoCar_in_Ros2-main/AutoCarROS2/install/autocar_msgs/lib/python3.8/site-packages/autocar_msgs/autocar_msgs_s__rosidl_typesupport_fastrtps_c.cpython-38-x86_64-linux-gnu.so" to ""
[10.756s] -- Installing: /home/dj/ros2_ws/src/2023CAPSTONE_AutoCar_in_Ros2-main/AutoCarROS2/install/autocar_msgs/lib/python3.8/site-packages/autocar_msgs/autocar_msgs_s__rosidl_typesupport_introspection_c.cpython-38-x86_64-linux-gnu.so
[10.756s] -- Set runtime path of "/home/dj/ros2_ws/src/2023CAPSTONE_AutoCar_in_Ros2-main/AutoCarROS2/install/autocar_msgs/lib/python3.8/site-packages/autocar_msgs/autocar_msgs_s__rosidl_typesupport_introspection_c.cpython-38-x86_64-linux-gnu.so" to ""
[10.756s] -- Installing: /home/dj/ros2_ws/src/2023CAPSTONE_AutoCar_in_Ros2-main/AutoCarROS2/install/autocar_msgs/lib/python3.8/site-packages/autocar_msgs/autocar_msgs_s__rosidl_typesupport_c.cpython-38-x86_64-linux-gnu.so
[10.757s] -- Set runtime path of "/home/dj/ros2_ws/src/2023CAPSTONE_AutoCar_in_Ros2-main/AutoCarROS2/install/autocar_msgs/lib/python3.8/site-packages/autocar_msgs/autocar_msgs_s__rosidl_typesupport_c.cpython-38-x86_64-linux-gnu.so" to ""
[10.757s] -- Installing: /home/dj/ros2_ws/src/2023CAPSTONE_AutoCar_in_Ros2-main/AutoCarROS2/install/autocar_msgs/lib/libautocar_msgs__python.so
[10.757s] -- Set runtime path of "/home/dj/ros2_ws/src/2023CAPSTONE_AutoCar_in_Ros2-main/AutoCarROS2/install/autocar_msgs/lib/libautocar_msgs__python.so" to ""
[10.758s] -- Installing: /home/dj/ros2_ws/src/2023CAPSTONE_AutoCar_in_Ros2-main/AutoCarROS2/install/autocar_msgs/share/autocar_msgs/msg/Path2D.idl
[10.758s] -- Installing: /home/dj/ros2_ws/src/2023CAPSTONE_AutoCar_in_Ros2-main/AutoCarROS2/install/autocar_msgs/share/autocar_msgs/msg/State2D.idl
[10.758s] -- Installing: /home/dj/ros2_ws/src/2023CAPSTONE_AutoCar_in_Ros2-main/AutoCarROS2/install/autocar_msgs/share/autocar_msgs/msg/Twist2D.idl
[10.758s] -- Installing: /home/dj/ros2_ws/src/2023CAPSTONE_AutoCar_in_Ros2-main/AutoCarROS2/install/autocar_msgs/share/autocar_msgs/msg/Object.idl
[10.758s] -- Installing: /home/dj/ros2_ws/src/2023CAPSTONE_AutoCar_in_Ros2-main/AutoCarROS2/install/autocar_msgs/share/autocar_msgs/msg/ObjectArray.idl
[10.758s] -- Installing: /home/dj/ros2_ws/src/2023CAPSTONE_AutoCar_in_Ros2-main/AutoCarROS2/install/autocar_msgs/share/autocar_msgs/msg/Obstacle.idl
[10.758s] -- Installing: /home/dj/ros2_ws/src/2023CAPSTONE_AutoCar_in_Ros2-main/AutoCarROS2/install/autocar_msgs/share/autocar_msgs/msg/Control.idl
[10.758s] -- Installing: /home/dj/ros2_ws/src/2023CAPSTONE_AutoCar_in_Ros2-main/AutoCarROS2/install/autocar_msgs/share/autocar_msgs/msg/Polygon.idl
[10.759s] -- Installing: /home/dj/ros2_ws/src/2023CAPSTONE_AutoCar_in_Ros2-main/AutoCarROS2/install/autocar_msgs/share/autocar_msgs/msg/PolygonArray.idl
[10.759s] -- Installing: /home/dj/ros2_ws/src/2023CAPSTONE_AutoCar_in_Ros2-main/AutoCarROS2/install/autocar_msgs/share/autocar_msgs/msg/PathArray.idl
[10.759s] -- Installing: /home/dj/ros2_ws/src/2023CAPSTONE_AutoCar_in_Ros2-main/AutoCarROS2/install/autocar_msgs/share/autocar_msgs/msg/LinkArray.idl
[10.759s] -- Installing: /home/dj/ros2_ws/src/2023CAPSTONE_AutoCar_in_Ros2-main/AutoCarROS2/install/autocar_msgs/share/autocar_msgs/msg/VisionSteer.idl
[10.759s] -- Installing: /home/dj/ros2_ws/src/2023CAPSTONE_AutoCar_in_Ros2-main/AutoCarROS2/install/autocar_msgs/share/autocar_msgs/msg/Path2D.msg
[10.759s] -- Installing: /home/dj/ros2_ws/src/2023CAPSTONE_AutoCar_in_Ros2-main/AutoCarROS2/install/autocar_msgs/share/autocar_msgs/msg/State2D.msg
[10.759s] -- Installing: /home/dj/ros2_ws/src/2023CAPSTONE_AutoCar_in_Ros2-main/AutoCarROS2/install/autocar_msgs/share/autocar_msgs/msg/Twist2D.msg
[10.760s] -- Installing: /home/dj/ros2_ws/src/2023CAPSTONE_AutoCar_in_Ros2-main/AutoCarROS2/install/autocar_msgs/share/autocar_msgs/msg/Object.msg
[10.760s] -- Installing: /home/dj/ros2_ws/src/2023CAPSTONE_AutoCar_in_Ros2-main/AutoCarROS2/install/autocar_msgs/share/autocar_msgs/msg/ObjectArray.msg
[10.760s] -- Installing: /home/dj/ros2_ws/src/2023CAPSTONE_AutoCar_in_Ros2-main/AutoCarROS2/install/autocar_msgs/share/autocar_msgs/msg/Obstacle.msg
[10.760s] -- Installing: /home/dj/ros2_ws/src/2023CAPSTONE_AutoCar_in_Ros2-main/AutoCarROS2/install/autocar_msgs/share/autocar_msgs/msg/Control.msg
[10.760s] -- Installing: /home/dj/ros2_ws/src/2023CAPSTONE_AutoCar_in_Ros2-main/AutoCarROS2/install/autocar_msgs/share/autocar_msgs/msg/Polygon.msg
[10.760s] -- Installing: /home/dj/ros2_ws/src/2023CAPSTONE_AutoCar_in_Ros2-main/AutoCarROS2/install/autocar_msgs/share/autocar_msgs/msg/PolygonArray.msg
[10.760s] -- Installing: /home/dj/ros2_ws/src/2023CAPSTONE_AutoCar_in_Ros2-main/AutoCarROS2/install/autocar_msgs/share/autocar_msgs/msg/PathArray.msg
[10.761s] -- Installing: /home/dj/ros2_ws/src/2023CAPSTONE_AutoCar_in_Ros2-main/AutoCarROS2/install/autocar_msgs/share/autocar_msgs/msg/LinkArray.msg
[10.761s] -- Installing: /home/dj/ros2_ws/src/2023CAPSTONE_AutoCar_in_Ros2-main/AutoCarROS2/install/autocar_msgs/share/autocar_msgs/msg/VisionSteer.msg
[10.761s] -- Installing: /home/dj/ros2_ws/src/2023CAPSTONE_AutoCar_in_Ros2-main/AutoCarROS2/install/autocar_msgs/share/ament_index/resource_index/package_run_dependencies/autocar_msgs
[10.761s] -- Installing: /home/dj/ros2_ws/src/2023CAPSTONE_AutoCar_in_Ros2-main/AutoCarROS2/install/autocar_msgs/share/ament_index/resource_index/parent_prefix_path/autocar_msgs
[10.761s] -- Installing: /home/dj/ros2_ws/src/2023CAPSTONE_AutoCar_in_Ros2-main/AutoCarROS2/install/autocar_msgs/share/autocar_msgs/environment/ament_prefix_path.sh
[10.761s] -- Installing: /home/dj/ros2_ws/src/2023CAPSTONE_AutoCar_in_Ros2-main/AutoCarROS2/install/autocar_msgs/share/autocar_msgs/environment/ament_prefix_path.dsv
[10.761s] -- Installing: /home/dj/ros2_ws/src/2023CAPSTONE_AutoCar_in_Ros2-main/AutoCarROS2/install/autocar_msgs/share/autocar_msgs/environment/path.sh
[10.762s] -- Installing: /home/dj/ros2_ws/src/2023CAPSTONE_AutoCar_in_Ros2-main/AutoCarROS2/install/autocar_msgs/share/autocar_msgs/environment/path.dsv
[10.762s] -- Installing: /home/dj/ros2_ws/src/2023CAPSTONE_AutoCar_in_Ros2-main/AutoCarROS2/install/autocar_msgs/share/autocar_msgs/local_setup.bash
[10.762s] -- Installing: /home/dj/ros2_ws/src/2023CAPSTONE_AutoCar_in_Ros2-main/AutoCarROS2/install/autocar_msgs/share/autocar_msgs/local_setup.sh
[10.762s] -- Installing: /home/dj/ros2_ws/src/2023CAPSTONE_AutoCar_in_Ros2-main/AutoCarROS2/install/autocar_msgs/share/autocar_msgs/local_setup.zsh
[10.762s] -- Installing: /home/dj/ros2_ws/src/2023CAPSTONE_AutoCar_in_Ros2-main/AutoCarROS2/install/autocar_msgs/share/autocar_msgs/local_setup.dsv
[10.762s] -- Installing: /home/dj/ros2_ws/src/2023CAPSTONE_AutoCar_in_Ros2-main/AutoCarROS2/install/autocar_msgs/share/autocar_msgs/package.dsv
[10.762s] -- Installing: /home/dj/ros2_ws/src/2023CAPSTONE_AutoCar_in_Ros2-main/AutoCarROS2/install/autocar_msgs/share/ament_index/resource_index/packages/autocar_msgs
[10.763s] -- Installing: /home/dj/ros2_ws/src/2023CAPSTONE_AutoCar_in_Ros2-main/AutoCarROS2/install/autocar_msgs/share/autocar_msgs/cmake/autocar_msgs__rosidl_generator_cExport.cmake
[10.763s] -- Installing: /home/dj/ros2_ws/src/2023CAPSTONE_AutoCar_in_Ros2-main/AutoCarROS2/install/autocar_msgs/share/autocar_msgs/cmake/autocar_msgs__rosidl_generator_cExport-noconfig.cmake
[10.763s] -- Installing: /home/dj/ros2_ws/src/2023CAPSTONE_AutoCar_in_Ros2-main/AutoCarROS2/install/autocar_msgs/share/autocar_msgs/cmake/autocar_msgs__rosidl_typesupport_introspection_cExport.cmake
[10.763s] -- Installing: /home/dj/ros2_ws/src/2023CAPSTONE_AutoCar_in_Ros2-main/AutoCarROS2/install/autocar_msgs/share/autocar_msgs/cmake/autocar_msgs__rosidl_typesupport_introspection_cExport-noconfig.cmake
[10.763s] -- Installing: /home/dj/ros2_ws/src/2023CAPSTONE_AutoCar_in_Ros2-main/AutoCarROS2/install/autocar_msgs/share/autocar_msgs/cmake/autocar_msgs__rosidl_typesupport_cExport.cmake
[10.764s] -- Installing: /home/dj/ros2_ws/src/2023CAPSTONE_AutoCar_in_Ros2-main/AutoCarROS2/install/autocar_msgs/share/autocar_msgs/cmake/autocar_msgs__rosidl_typesupport_cExport-noconfig.cmake
[10.764s] -- Installing: /home/dj/ros2_ws/src/2023CAPSTONE_AutoCar_in_Ros2-main/AutoCarROS2/install/autocar_msgs/share/autocar_msgs/cmake/autocar_msgs__rosidl_generator_cppExport.cmake
[10.764s] -- Installing: /home/dj/ros2_ws/src/2023CAPSTONE_AutoCar_in_Ros2-main/AutoCarROS2/install/autocar_msgs/share/autocar_msgs/cmake/autocar_msgs__rosidl_typesupport_introspection_cppExport.cmake
[10.764s] -- Installing: /home/dj/ros2_ws/src/2023CAPSTONE_AutoCar_in_Ros2-main/AutoCarROS2/install/autocar_msgs/share/autocar_msgs/cmake/autocar_msgs__rosidl_typesupport_introspection_cppExport-noconfig.cmake
[10.764s] -- Installing: /home/dj/ros2_ws/src/2023CAPSTONE_AutoCar_in_Ros2-main/AutoCarROS2/install/autocar_msgs/share/autocar_msgs/cmake/autocar_msgs__rosidl_typesupport_cppExport.cmake
[10.764s] -- Installing: /home/dj/ros2_ws/src/2023CAPSTONE_AutoCar_in_Ros2-main/AutoCarROS2/install/autocar_msgs/share/autocar_msgs/cmake/autocar_msgs__rosidl_typesupport_cppExport-noconfig.cmake
[10.764s] -- Installing: /home/dj/ros2_ws/src/2023CAPSTONE_AutoCar_in_Ros2-main/AutoCarROS2/install/autocar_msgs/share/autocar_msgs/cmake/rosidl_cmake-extras.cmake
[10.765s] -- Installing: /home/dj/ros2_ws/src/2023CAPSTONE_AutoCar_in_Ros2-main/AutoCarROS2/install/autocar_msgs/share/autocar_msgs/cmake/ament_cmake_export_dependencies-extras.cmake
[10.765s] -- Installing: /home/dj/ros2_ws/src/2023CAPSTONE_AutoCar_in_Ros2-main/AutoCarROS2/install/autocar_msgs/share/autocar_msgs/cmake/ament_cmake_export_libraries-extras.cmake
[10.765s] -- Installing: /home/dj/ros2_ws/src/2023CAPSTONE_AutoCar_in_Ros2-main/AutoCarROS2/install/autocar_msgs/share/autocar_msgs/cmake/ament_cmake_export_targets-extras.cmake
[10.765s] -- Installing: /home/dj/ros2_ws/src/2023CAPSTONE_AutoCar_in_Ros2-main/AutoCarROS2/install/autocar_msgs/share/autocar_msgs/cmake/ament_cmake_export_include_directories-extras.cmake
[10.765s] -- Installing: /home/dj/ros2_ws/src/2023CAPSTONE_AutoCar_in_Ros2-main/AutoCarROS2/install/autocar_msgs/share/autocar_msgs/cmake/rosidl_cmake_export_typesupport_libraries-extras.cmake
[10.765s] -- Installing: /home/dj/ros2_ws/src/2023CAPSTONE_AutoCar_in_Ros2-main/AutoCarROS2/install/autocar_msgs/share/autocar_msgs/cmake/rosidl_cmake_export_typesupport_targets-extras.cmake
[10.765s] -- Installing: /home/dj/ros2_ws/src/2023CAPSTONE_AutoCar_in_Ros2-main/AutoCarROS2/install/autocar_msgs/share/autocar_msgs/cmake/autocar_msgsConfig.cmake
[10.766s] -- Installing: /home/dj/ros2_ws/src/2023CAPSTONE_AutoCar_in_Ros2-main/AutoCarROS2/install/autocar_msgs/share/autocar_msgs/cmake/autocar_msgsConfig-version.cmake
[10.766s] -- Installing: /home/dj/ros2_ws/src/2023CAPSTONE_AutoCar_in_Ros2-main/AutoCarROS2/install/autocar_msgs/share/autocar_msgs/package.xml
[10.768s] Invoked command in '/home/dj/ros2_ws/src/2023CAPSTONE_AutoCar_in_Ros2-main/AutoCarROS2/build/autocar_msgs' returned '0': CMAKE_PREFIX_PATH=/opt/ros/foxy /usr/bin/cmake --install /home/dj/ros2_ws/src/2023CAPSTONE_AutoCar_in_Ros2-main/AutoCarROS2/build/autocar_msgs
